                      :-) GROMACS - gmx mdrun, 2019.1 (-:

                            GROMACS is written by:
     Emile Apol      Rossen Apostolov      Paul Bauer     Herman J.C. Berendsen
    Par Bjelkmar      Christian Blau   Viacheslav Bolnykh     Kevin Boyd    
 Aldert van Buuren   Rudi van Drunen     Anton Feenstra       Alan Gray     
  Gerrit Groenhof     Anca Hamuraru    Vincent Hindriksen  M. Eric Irrgang  
  Aleksei Iupinov   Christoph Junghans     Joe Jordan     Dimitrios Karkoulis
    Peter Kasson        Jiri Kraus      Carsten Kutzner      Per Larsson    
  Justin A. Lemkul    Viveca Lindahl    Magnus Lundborg     Erik Marklund   
    Pascal Merz     Pieter Meulenhoff    Teemu Murtola       Szilard Pall   
    Sander Pronk      Roland Schulz      Michael Shirts    Alexey Shvetsov  
   Alfons Sijbers     Peter Tieleman      Jon Vincent      Teemu Virolainen 
 Christian Wennberg    Maarten Wolf   
                           and the project leaders:
        Mark Abraham, Berk Hess, Erik Lindahl, and David van der Spoel

Copyright (c) 1991-2000, University of Groningen, The Netherlands.
Copyright (c) 2001-2018, The GROMACS development team at
Uppsala University, Stockholm University and
the Royal Institute of Technology, Sweden.
check out http://www.gromacs.org for more information.

GROMACS is free software; you can redistribute it and/or modify it
under the terms of the GNU Lesser General Public License
as published by the Free Software Foundation; either version 2.1
of the License, or (at your option) any later version.

GROMACS:      gmx mdrun, version 2019.1
Executable:   /usr/local/bin/gmx
Data prefix:  /usr/local
Working dir:  /Volumes/GoogleDrive/My Drive/research/CHE199/ligand/pdb
Process ID:   81429
Command line:
  gmx mdrun -v -deffnm em

GROMACS version:    2019.1
Precision:          single
Memory model:       64 bit
MPI library:        thread_mpi
OpenMP support:     disabled
GPU support:        disabled
SIMD instructions:  NONE
FFT library:        fftw-3.3.8
RDTSCP usage:       disabled
TNG support:        enabled
Hwloc support:      disabled
Tracing support:    disabled
C compiler:         /usr/bin/cc AppleClang 10.0.1.10010046
C compiler flags:       -Wno-unknown-pragmas    
C++ compiler:       /usr/bin/c++ AppleClang 10.0.1.10010046
C++ compiler flags:     -std=c++11  -Wno-unknown-pragmas  -O3 -DNDEBUG  


Running on 1 node with total 8 cores, 8 logical cores
Hardware detected:
  CPU info:
    Vendor: Intel
    Brand:  Intel(R) Core(TM) i7-4850HQ CPU @ 2.30GHz
    Family: 6   Model: 70   Stepping: 1
    Features: aes apic avx avx2 clfsh cmov cx8 cx16 f16c fma htt intel lahf mmx msr nonstop_tsc pcid pclmuldq pdcm pdpe1gb popcnt pse rdrnd rdtscp sse2 sse3 sse4.1 sse4.2 ssse3 tdt x2apic
  Hardware topology: Only logical processor count

Highest SIMD level requested by all nodes in run: AVX2_256
SIMD instructions selected at compile time:       None
This program was compiled for different hardware than you are running on,
which could influence performance.
The current CPU can measure timings more accurately than the code in
gmx mdrun was configured to use. This might affect your simulation
speed as accurate timings are needed for load-balancing.
Please consider rebuilding gmx mdrun with the GMX_USE_RDTSCP=ON CMake option.

++++ PLEASE READ AND CITE THE FOLLOWING REFERENCE ++++
M. J. Abraham, T. Murtola, R. Schulz, S. Páll, J. C. Smith, B. Hess, E.
Lindahl
GROMACS: High performance molecular simulations through multi-level
parallelism from laptops to supercomputers
SoftwareX 1 (2015) pp. 19-25
-------- -------- --- Thank You --- -------- --------


++++ PLEASE READ AND CITE THE FOLLOWING REFERENCE ++++
S. Páll, M. J. Abraham, C. Kutzner, B. Hess, E. Lindahl
Tackling Exascale Software Challenges in Molecular Dynamics Simulations with
GROMACS
In S. Markidis & E. Laure (Eds.), Solving Software Challenges for Exascale 8759 (2015) pp. 3-27
-------- -------- --- Thank You --- -------- --------


++++ PLEASE READ AND CITE THE FOLLOWING REFERENCE ++++
S. Pronk, S. Páll, R. Schulz, P. Larsson, P. Bjelkmar, R. Apostolov, M. R.
Shirts, J. C. Smith, P. M. Kasson, D. van der Spoel, B. Hess, and E. Lindahl
GROMACS 4.5: a high-throughput and highly parallel open source molecular
simulation toolkit
Bioinformatics 29 (2013) pp. 845-54
-------- -------- --- Thank You --- -------- --------


++++ PLEASE READ AND CITE THE FOLLOWING REFERENCE ++++
B. Hess and C. Kutzner and D. van der Spoel and E. Lindahl
GROMACS 4: Algorithms for highly efficient, load-balanced, and scalable
molecular simulation
J. Chem. Theory Comput. 4 (2008) pp. 435-447
-------- -------- --- Thank You --- -------- --------


++++ PLEASE READ AND CITE THE FOLLOWING REFERENCE ++++
D. van der Spoel, E. Lindahl, B. Hess, G. Groenhof, A. E. Mark and H. J. C.
Berendsen
GROMACS: Fast, Flexible and Free
J. Comp. Chem. 26 (2005) pp. 1701-1719
-------- -------- --- Thank You --- -------- --------


++++ PLEASE READ AND CITE THE FOLLOWING REFERENCE ++++
E. Lindahl and B. Hess and D. van der Spoel
GROMACS 3.0: A package for molecular simulation and trajectory analysis
J. Mol. Mod. 7 (2001) pp. 306-317
-------- -------- --- Thank You --- -------- --------


++++ PLEASE READ AND CITE THE FOLLOWING REFERENCE ++++
H. J. C. Berendsen, D. van der Spoel and R. van Drunen
GROMACS: A message-passing parallel molecular dynamics implementation
Comp. Phys. Comm. 91 (1995) pp. 43-56
-------- -------- --- Thank You --- -------- --------


++++ PLEASE CITE THE DOI FOR THIS VERSION OF GROMACS ++++
https://doi.org/10.5281/zenodo.2564764
-------- -------- --- Thank You --- -------- --------

Input Parameters:
   integrator                     = steep
   tinit                          = 0
   dt                             = 0.001
   nsteps                         = 50000
   init-step                      = 0
   simulation-part                = 1
   comm-mode                      = Linear
   nstcomm                        = 100
   bd-fric                        = 0
   ld-seed                        = 907628044
   emtol                          = 1000
   emstep                         = 0.01
   niter                          = 20
   fcstep                         = 0
   nstcgsteep                     = 1000
   nbfgscorr                      = 10
   rtpi                           = 0.05
   nstxout                        = 0
   nstvout                        = 0
   nstfout                        = 0
   nstlog                         = 1000
   nstcalcenergy                  = 100
   nstenergy                      = 1000
   nstxout-compressed             = 0
   compressed-x-precision         = 1000
   cutoff-scheme                  = Verlet
   nstlist                        = 1
   ns-type                        = Grid
   pbc                            = xyz
   periodic-molecules             = false
   verlet-buffer-tolerance        = 0.005
   rlist                          = 1.2
   coulombtype                    = PME
   coulomb-modifier               = Potential-shift
   rcoulomb-switch                = 0
   rcoulomb                       = 1.2
   epsilon-r                      = 1
   epsilon-rf                     = inf
   vdw-type                       = Cut-off
   vdw-modifier                   = Force-switch
   rvdw-switch                    = 1
   rvdw                           = 1.2
   DispCorr                       = No
   table-extension                = 1
   fourierspacing                 = 0.12
   fourier-nx                     = 72
   fourier-ny                     = 72
   fourier-nz                     = 72
   pme-order                      = 4
   ewald-rtol                     = 1e-05
   ewald-rtol-lj                  = 0.001
   lj-pme-comb-rule               = Geometric
   ewald-geometry                 = 0
   epsilon-surface                = 0
   tcoupl                         = No
   nsttcouple                     = -1
   nh-chain-length                = 0
   print-nose-hoover-chain-variables = false
   pcoupl                         = No
   pcoupltype                     = Isotropic
   nstpcouple                     = -1
   tau-p                          = 1
   compressibility (3x3):
      compressibility[    0]={ 0.00000e+00,  0.00000e+00,  0.00000e+00}
      compressibility[    1]={ 0.00000e+00,  0.00000e+00,  0.00000e+00}
      compressibility[    2]={ 0.00000e+00,  0.00000e+00,  0.00000e+00}
   ref-p (3x3):
      ref-p[    0]={ 0.00000e+00,  0.00000e+00,  0.00000e+00}
      ref-p[    1]={ 0.00000e+00,  0.00000e+00,  0.00000e+00}
      ref-p[    2]={ 0.00000e+00,  0.00000e+00,  0.00000e+00}
   refcoord-scaling               = No
   posres-com (3):
      posres-com[0]= 0.00000e+00
      posres-com[1]= 0.00000e+00
      posres-com[2]= 0.00000e+00
   posres-comB (3):
      posres-comB[0]= 0.00000e+00
      posres-comB[1]= 0.00000e+00
      posres-comB[2]= 0.00000e+00
   QMMM                           = false
   QMconstraints                  = 0
   QMMMscheme                     = 0
   MMChargeScaleFactor            = 1
qm-opts:
   ngQM                           = 0
   constraint-algorithm           = Lincs
   continuation                   = false
   Shake-SOR                      = false
   shake-tol                      = 0.0001
   lincs-order                    = 4
   lincs-iter                     = 1
   lincs-warnangle                = 30
   nwall                          = 0
   wall-type                      = 9-3
   wall-r-linpot                  = -1
   wall-atomtype[0]               = -1
   wall-atomtype[1]               = -1
   wall-density[0]                = 0
   wall-density[1]                = 0
   wall-ewald-zfac                = 3
   pull                           = false
   awh                            = false
   rotation                       = false
   interactiveMD                  = false
   disre                          = No
   disre-weighting                = Conservative
   disre-mixed                    = false
   dr-fc                          = 1000
   dr-tau                         = 0
   nstdisreout                    = 100
   orire-fc                       = 0
   orire-tau                      = 0
   nstorireout                    = 100
   free-energy                    = no
   cos-acceleration               = 0
   deform (3x3):
      deform[    0]={ 0.00000e+00,  0.00000e+00,  0.00000e+00}
      deform[    1]={ 0.00000e+00,  0.00000e+00,  0.00000e+00}
      deform[    2]={ 0.00000e+00,  0.00000e+00,  0.00000e+00}
   simulated-tempering            = false
   swapcoords                     = no
   userint1                       = 0
   userint2                       = 0
   userint3                       = 0
   userint4                       = 0
   userreal1                      = 0
   userreal2                      = 0
   userreal3                      = 0
   userreal4                      = 0
   applied-forces:
     electric-field:
       x:
         E0                       = 0
         omega                    = 0
         t0                       = 0
         sigma                    = 0
       y:
         E0                       = 0
         omega                    = 0
         t0                       = 0
         sigma                    = 0
       z:
         E0                       = 0
         omega                    = 0
         t0                       = 0
         sigma                    = 0
grpopts:
   nrdf:       69651
   ref-t:           0
   tau-t:           0
annealing:          No
annealing-npoints:           0
   acc:	           0           0           0
   nfreeze:           N           N           N
   energygrp-flags[  0]: 0


Initializing Domain Decomposition on 8 ranks
NOTE: disabling dynamic load balancing as it is only supported with dynamics, not with integrator 'steep'.
Dynamic load balancing: auto
Using update groups, nr 12930, average size 2.6 atoms, max. radius 0.084 nm
Minimum cell size due to atom displacement: 0.000 nm
Initial maximum distances in bonded interactions:
    two-body bonded interactions: 0.419 nm, LJ-14, atoms 1874 1881
  multi-body bonded interactions: 0.477 nm, CMAP Dih., atoms 18 34
Minimum cell size due to bonded interactions: 0.524 nm
Using 0 separate PME ranks, as there are too few total
 ranks for efficient splitting
Optimizing the DD grid for 8 cells with a minimum initial size of 0.524 nm
The maximum allowed number of cells is: X 12 Y 12 Z 10
Domain decomposition grid 8 x 1 x 1, separate PME ranks 0
PME domain decomposition: 8 x 1 x 1
Domain decomposition rank 0, coordinates 0 0 0

The initial number of communication pulses is: X 2
The initial domain decomposition cell size is: X 0.80 nm

The maximum allowed distance for atom groups involved in interactions is:
                 non-bonded interactions           1.368 nm
            two-body bonded interactions  (-rdd)   1.368 nm
          multi-body bonded interactions  (-rdd)   0.801 nm

Using 8 MPI threads
System total charge: 0.000
Will do PME sum in reciprocal space for electrostatic interactions.

++++ PLEASE READ AND CITE THE FOLLOWING REFERENCE ++++
U. Essmann, L. Perera, M. L. Berkowitz, T. Darden, H. Lee and L. G. Pedersen 
A smooth particle mesh Ewald method
J. Chem. Phys. 103 (1995) pp. 8577-8592
-------- -------- --- Thank You --- -------- --------

Using a Gaussian width (1/beta) of 0.384195 nm for Ewald
Potential shift: LJ r^-12: -2.648e-01 r^-6: -5.349e-01, Ewald -8.333e-06
Initialized non-bonded Ewald correction tables, spacing: 1.02e-03 size: 1176

Generated table with 1100 data points for 1-4 COUL.
Tabscale = 500 points/nm
Generated table with 1100 data points for 1-4 LJ6.
Tabscale = 500 points/nm
Generated table with 1100 data points for 1-4 LJ12.
Tabscale = 500 points/nm

Using plain C 4x4 nonbonded short-range kernels

WARNING: Using the slow plain C kernels. This should
not happen during routine usage on supported platforms.

Using a 4x4 pair-list setup:
  updated every 1 steps, buffer 0.000 nm, rlist 1.200 nm

Removing pbc first time

++++ PLEASE READ AND CITE THE FOLLOWING REFERENCE ++++
S. Miyamoto and P. A. Kollman
SETTLE: An Analytical Version of the SHAKE and RATTLE Algorithms for Rigid
Water Models
J. Comp. Chem. 13 (1992) pp. 952-962
-------- -------- --- Thank You --- -------- --------


Linking all bonded interactions to atoms


Note that activating steepest-descent energy minimization via the integrator .mdp option and the command gmx mdrun may be available in a different form in a future version of GROMACS, e.g. gmx minimize and an .mdp option.
Initiating Steepest Descents

Atom distribution over 8 domains: av 4188 stddev 91 min 4054 max 4305
Started Steepest Descents on rank 0 Thu May 16 13:09:09 2019


Steepest Descents:
   Tolerance (Fmax)   =  1.00000e+03
   Number of steps    =        50000
           Step           Time
              0        0.00000

   Energies (kJ/mol)
           Bond            U-B    Proper Dih.  Improper Dih.      CMAP Dih.
    1.64019e+04    3.81707e+03    6.12608e+03    3.12169e+02   -1.50165e+02
          LJ-14     Coulomb-14        LJ (SR)   Coulomb (SR)   Coul. recip.
    3.18684e+03    1.95279e+04    2.30873e+05   -5.27821e+05    9.14303e+03
      Potential Pressure (bar)
   -2.38583e+05   -2.82074e+03


DD  step 0 load imb.: force 13.8%
           Step           Time
              1        1.00000

   Energies (kJ/mol)
           Bond            U-B    Proper Dih.  Improper Dih.      CMAP Dih.
    1.56188e+04    3.78735e+03    6.12186e+03    3.02277e+02   -1.52844e+02
          LJ-14     Coulomb-14        LJ (SR)   Coulomb (SR)   Coul. recip.
    3.18469e+03    1.95161e+04    1.96777e+05   -5.28385e+05    9.12264e+03
      Potential Pressure (bar)
   -2.74107e+05   -2.88041e+03

           Step           Time
              2        2.00000

   Energies (kJ/mol)
           Bond            U-B    Proper Dih.  Improper Dih.      CMAP Dih.
    1.34787e+04    3.77116e+03    6.12244e+03    2.81123e+02   -1.60707e+02
          LJ-14     Coulomb-14        LJ (SR)   Coulomb (SR)   Coul. recip.
    3.17883e+03    1.94787e+04    1.59466e+05   -5.29554e+05    9.06485e+03
      Potential Pressure (bar)
   -3.14873e+05   -2.97356e+03

           Step           Time
              3        3.00000

   Energies (kJ/mol)
           Bond            U-B    Proper Dih.  Improper Dih.      CMAP Dih.
    9.36914e+03    3.83568e+03    6.13210e+03    2.44736e+02   -1.76429e+02
          LJ-14     Coulomb-14        LJ (SR)   Coulomb (SR)   Coul. recip.
    3.16488e+03    1.94009e+04    1.33309e+05   -5.31192e+05    8.93395e+03
      Potential Pressure (bar)
   -3.46978e+05   -3.03858e+03

           Step           Time
              4        4.00000

   Energies (kJ/mol)
           Bond            U-B    Proper Dih.  Improper Dih.      CMAP Dih.
    4.64267e+03    3.99443e+03    6.15814e+03    2.02929e+02   -1.99736e+02
          LJ-14     Coulomb-14        LJ (SR)   Coulomb (SR)   Coul. recip.
    3.12899e+03    1.92874e+04    1.16391e+05   -5.33411e+05    8.68463e+03
      Potential Pressure (bar)
   -3.71121e+05   -3.08410e+03

           Step           Time
              5        5.00000

   Energies (kJ/mol)
           Bond            U-B    Proper Dih.  Improper Dih.      CMAP Dih.
    2.94227e+03    3.74481e+03    6.16635e+03    1.81751e+02   -2.12598e+02
          LJ-14     Coulomb-14        LJ (SR)   Coulomb (SR)   Coul. recip.
    3.07984e+03    1.92265e+04    1.09646e+05   -5.34992e+05    8.49042e+03
      Potential Pressure (bar)
   -3.81727e+05   -3.09979e+03

           Step           Time
              6        6.00000

   Energies (kJ/mol)
           Bond            U-B    Proper Dih.  Improper Dih.      CMAP Dih.
    2.12183e+03    3.47360e+03    6.17143e+03    1.68273e+02   -2.21976e+02
          LJ-14     Coulomb-14        LJ (SR)   Coulomb (SR)   Coul. recip.
    3.02374e+03    1.91739e+04    1.04760e+05   -5.36546e+05    8.27918e+03
      Potential Pressure (bar)
   -3.89596e+05   -3.11217e+03

           Step           Time
              7        7.00000

   Energies (kJ/mol)
           Bond            U-B    Proper Dih.  Improper Dih.      CMAP Dih.
    1.29619e+03    3.12844e+03    6.17762e+03    1.56156e+02   -2.33440e+02
          LJ-14     Coulomb-14        LJ (SR)   Coulomb (SR)   Coul. recip.
    2.94119e+03    1.90972e+04    9.89898e+04   -5.39046e+05    7.93285e+03
      Potential Pressure (bar)
   -3.99560e+05   -3.12167e+03

           Step           Time
              8        8.00000

   Energies (kJ/mol)
           Bond            U-B    Proper Dih.  Improper Dih.      CMAP Dih.
    1.22409e+03    3.00974e+03    6.17671e+03    1.50384e+02   -2.36788e+02
          LJ-14     Coulomb-14        LJ (SR)   Coulomb (SR)   Coul. recip.
    2.89958e+03    1.90636e+04    9.64181e+04   -5.40324e+05    7.74719e+03
      Potential Pressure (bar)
   -4.03871e+05   -3.12969e+03

           Step           Time
              9        9.00000

   Energies (kJ/mol)
           Bond            U-B    Proper Dih.  Improper Dih.      CMAP Dih.
    1.16408e+03    2.83255e+03    6.17736e+03    1.42271e+02   -2.44303e+02
          LJ-14     Coulomb-14        LJ (SR)   Coulomb (SR)   Coul. recip.
    2.82043e+03    1.89833e+04    9.26745e+04   -5.43319e+05    7.31316e+03
      Potential Pressure (bar)
   -4.11456e+05   -3.16896e+03

           Step           Time
             10       10.00000

   Energies (kJ/mol)
           Bond            U-B    Proper Dih.  Improper Dih.      CMAP Dih.
    8.99120e+02    2.79983e+03    6.17549e+03    1.41300e+02   -2.45399e+02
          LJ-14     Coulomb-14        LJ (SR)   Coulomb (SR)   Coul. recip.
    2.80382e+03    1.89640e+04    9.07924e+04   -5.43882e+05    7.22930e+03
      Potential Pressure (bar)
   -4.14322e+05   -3.17217e+03

           Step           Time
             11       11.00000

   Energies (kJ/mol)
           Bond            U-B    Proper Dih.  Improper Dih.      CMAP Dih.
    1.49714e+03    2.71465e+03    6.17352e+03    1.37042e+02   -2.54846e+02
          LJ-14     Coulomb-14        LJ (SR)   Coulomb (SR)   Coul. recip.
    2.69380e+03    1.88350e+04    8.61728e+04   -5.48220e+05    6.58490e+03
      Potential Pressure (bar)
   -4.23666e+05   -3.19809e+03

           Step           Time
             12       12.00000

   Energies (kJ/mol)
           Bond            U-B    Proper Dih.  Improper Dih.      CMAP Dih.
    8.21503e+02    2.57813e+03    6.16541e+03    1.36525e+02   -2.56687e+02
          LJ-14     Coulomb-14        LJ (SR)   Coulomb (SR)   Coul. recip.
    2.68202e+03    1.88199e+04    8.49780e+04   -5.49061e+05    6.47676e+03
      Potential Pressure (bar)
   -4.26659e+05   -3.20295e+03

           Step           Time
             13       13.00000

           Step           Time
             14       14.00000

   Energies (kJ/mol)
           Bond            U-B    Proper Dih.  Improper Dih.      CMAP Dih.
    1.14158e+03    2.64525e+03    6.16072e+03    1.35016e+02   -2.61458e+02
          LJ-14     Coulomb-14        LJ (SR)   Coulomb (SR)   Coul. recip.
    2.66069e+03    1.87331e+04    8.29161e+04   -5.50947e+05    6.21022e+03
      Potential Pressure (bar)
   -4.30606e+05   -3.21430e+03

           Step           Time
             15       15.00000

   Energies (kJ/mol)
           Bond            U-B    Proper Dih.  Improper Dih.      CMAP Dih.
    1.59172e+03    2.65404e+03    6.15566e+03    1.34110e+02   -2.64454e+02
          LJ-14     Coulomb-14        LJ (SR)   Coulomb (SR)   Coul. recip.
    2.62083e+03    1.87356e+04    8.15056e+04   -5.52679e+05    6.00468e+03
      Potential Pressure (bar)
   -4.33541e+05   -3.22443e+03

           Step           Time
             16       16.00000

   Energies (kJ/mol)
           Bond            U-B    Proper Dih.  Improper Dih.      CMAP Dih.
    3.13764e+03    2.80356e+03    6.15732e+03    1.31990e+02   -2.69284e+02
          LJ-14     Coulomb-14        LJ (SR)   Coulomb (SR)   Coul. recip.
    2.60269e+03    1.86400e+04    8.04056e+04   -5.53944e+05    5.81408e+03
      Potential Pressure (bar)
   -4.34520e+05   -3.23457e+03

           Step           Time
             17       17.00000

   Energies (kJ/mol)
           Bond            U-B    Proper Dih.  Improper Dih.      CMAP Dih.
    2.28049e+03    2.92776e+03    6.16218e+03    1.62143e+02   -2.67474e+02
          LJ-14     Coulomb-14        LJ (SR)   Coulomb (SR)   Coul. recip.
    2.60814e+03    1.86844e+04    7.98161e+04   -5.54727e+05    5.76252e+03
      Potential Pressure (bar)
   -4.36590e+05   -3.24011e+03

           Step           Time
             18       18.00000

   Energies (kJ/mol)
           Bond            U-B    Proper Dih.  Improper Dih.      CMAP Dih.
    3.76815e+03    2.76411e+03    6.22764e+03    1.49765e+02   -2.72453e+02
          LJ-14     Coulomb-14        LJ (SR)   Coulomb (SR)   Coul. recip.
    2.59057e+03    1.86079e+04    7.92024e+04   -5.55452e+05    5.64660e+03
      Potential Pressure (bar)
   -4.36767e+05   -3.24470e+03

           Step           Time
             19       19.00000

           Step           Time
             20       20.00000

   Energies (kJ/mol)
           Bond            U-B    Proper Dih.  Improper Dih.      CMAP Dih.
    8.16444e+02    2.39224e+03    6.20931e+03    2.66411e+02   -2.71364e+02
          LJ-14     Coulomb-14        LJ (SR)   Coulomb (SR)   Coul. recip.
    2.57741e+03    1.86169e+04    7.88855e+04   -5.55924e+05    5.61361e+03
      Potential Pressure (bar)
   -4.40817e+05   -3.24740e+03

           Step           Time
             21       21.00000

           Step           Time
             22       22.00000

   Energies (kJ/mol)
           Bond            U-B    Proper Dih.  Improper Dih.      CMAP Dih.
    1.48017e+03    2.45917e+03    6.17492e+03    1.43674e+02   -2.74939e+02
          LJ-14     Coulomb-14        LJ (SR)   Coulomb (SR)   Coul. recip.
    2.54897e+03    1.85676e+04    7.82145e+04   -5.56798e+05    5.48571e+03
      Potential Pressure (bar)
   -4.41998e+05   -3.25276e+03

           Step           Time
             23       23.00000

   Energies (kJ/mol)
           Bond            U-B    Proper Dih.  Improper Dih.      CMAP Dih.
    1.29672e+03    2.47172e+03    6.16521e+03    2.09098e+02   -2.73641e+02
          LJ-14     Coulomb-14        LJ (SR)   Coulomb (SR)   Coul. recip.
    2.55758e+03    1.85976e+04    7.77925e+04   -5.57460e+05    5.43797e+03
      Potential Pressure (bar)
   -4.43205e+05   -3.25657e+03

           Step           Time
             24       24.00000

   Energies (kJ/mol)
           Bond            U-B    Proper Dih.  Improper Dih.      CMAP Dih.
    2.43724e+03    2.57331e+03    6.15365e+03    1.30060e+02   -2.77455e+02
          LJ-14     Coulomb-14        LJ (SR)   Coulomb (SR)   Coul. recip.
    2.52485e+03    1.85372e+04    7.72526e+04   -5.58175e+05    5.32109e+03
      Potential Pressure (bar)
   -4.43523e+05   -3.26106e+03

           Step           Time
             25       25.00000

   Energies (kJ/mol)
           Bond            U-B    Proper Dih.  Improper Dih.      CMAP Dih.
    2.14981e+03    2.72811e+03    6.14623e+03    1.42706e+02   -2.74592e+02
          LJ-14     Coulomb-14        LJ (SR)   Coulomb (SR)   Coul. recip.
    2.54258e+03    1.85904e+04    7.68860e+04   -5.58804e+05    5.29517e+03
      Potential Pressure (bar)
   -4.44597e+05   -3.26623e+03

           Step           Time
             26       26.00000

           Step           Time
             27       27.00000

   Energies (kJ/mol)
           Bond            U-B    Proper Dih.  Improper Dih.      CMAP Dih.
    7.78596e+02    2.26518e+03    6.14517e+03    1.27881e+02   -2.79101e+02
          LJ-14     Coulomb-14        LJ (SR)   Coulomb (SR)   Coul. recip.
    2.51041e+03    1.85374e+04    7.66044e+04   -5.59156e+05    5.22007e+03
      Potential Pressure (bar)
   -4.47246e+05   -3.26854e+03

           Step           Time
             28       28.00000

           Step           Time
             29       29.00000

   Energies (kJ/mol)
           Bond            U-B    Proper Dih.  Improper Dih.      CMAP Dih.
    1.50989e+03    2.39746e+03    6.14204e+03    1.30417e+02   -2.77438e+02
          LJ-14     Coulomb-14        LJ (SR)   Coulomb (SR)   Coul. recip.
    2.51107e+03    1.85646e+04    7.59861e+04   -5.60145e+05    5.14049e+03
      Potential Pressure (bar)
   -4.48041e+05   -3.27442e+03

           Step           Time
             30       30.00000

   Energies (kJ/mol)
           Bond            U-B    Proper Dih.  Improper Dih.      CMAP Dih.
    1.42962e+03    2.36784e+03    6.14038e+03    1.26564e+02   -2.81418e+02
          LJ-14     Coulomb-14        LJ (SR)   Coulomb (SR)   Coul. recip.
    2.48445e+03    1.84932e+04    7.56357e+04   -5.60620e+05    5.05492e+03
      Potential Pressure (bar)
   -4.49169e+05   -3.27747e+03

           Step           Time
             31       31.00000

           Step           Time
             32       32.00000

   Energies (kJ/mol)
           Bond            U-B    Proper Dih.  Improper Dih.      CMAP Dih.
    7.47163e+02    2.21832e+03    6.13843e+03    1.27833e+02   -2.81112e+02
          LJ-14     Coulomb-14        LJ (SR)   Coulomb (SR)   Coul. recip.
    2.48960e+03    1.85286e+04    7.54174e+04   -5.61005e+05    5.03770e+03
      Potential Pressure (bar)
   -4.50582e+05   -3.27972e+03

           Step           Time
             33       33.00000

   Energies (kJ/mol)
           Bond            U-B    Proper Dih.  Improper Dih.      CMAP Dih.
    1.82757e+03    2.42544e+03    6.13597e+03    1.25822e+02   -2.82945e+02
          LJ-14     Coulomb-14        LJ (SR)   Coulomb (SR)   Coul. recip.
    2.46454e+03    1.84654e+04    7.48334e+04   -5.61890e+05    4.91966e+03
      Potential Pressure (bar)
   -4.50975e+05   -3.28523e+03

           Step           Time
             34       34.00000

   Energies (kJ/mol)
           Bond            U-B    Proper Dih.  Improper Dih.      CMAP Dih.
    9.91803e+02    2.24156e+03    6.13469e+03    1.27632e+02   -2.82430e+02
          LJ-14     Coulomb-14        LJ (SR)   Coulomb (SR)   Coul. recip.
    2.47246e+03    1.85119e+04    7.46265e+04   -5.62288e+05    4.90972e+03
      Potential Pressure (bar)
   -4.52554e+05   -3.28754e+03

           Step           Time
             35       35.00000

           Step           Time
             36       36.00000

   Energies (kJ/mol)
           Bond            U-B    Proper Dih.  Improper Dih.      CMAP Dih.
    7.46575e+02    2.20044e+03    6.13295e+03    1.25460e+02   -2.85322e+02
          LJ-14     Coulomb-14        LJ (SR)   Coulomb (SR)   Coul. recip.
    2.45782e+03    1.84755e+04    7.43874e+04   -5.62639e+05    4.85584e+03
      Potential Pressure (bar)
   -4.53542e+05   -3.28977e+03

           Step           Time
             37       37.00000

   Energies (kJ/mol)
           Bond            U-B    Proper Dih.  Improper Dih.      CMAP Dih.
    1.24543e+03    2.26991e+03    6.13161e+03    1.27650e+02   -2.83670e+02
          LJ-14     Coulomb-14        LJ (SR)   Coulomb (SR)   Coul. recip.
    2.45755e+03    1.84959e+04    7.39760e+04   -5.63382e+05    4.80229e+03
      Potential Pressure (bar)
   -4.54159e+05   -3.29425e+03

           Step           Time
             38       38.00000

   Energies (kJ/mol)
           Bond            U-B    Proper Dih.  Improper Dih.      CMAP Dih.
    1.00015e+03    2.23546e+03    6.12947e+03    1.24546e+02   -2.86820e+02
          LJ-14     Coulomb-14        LJ (SR)   Coulomb (SR)   Coul. recip.
    2.43969e+03    1.84494e+04    7.37246e+04   -5.63747e+05    4.74187e+03
      Potential Pressure (bar)
   -4.55189e+05   -3.29660e+03

           Step           Time
             39       39.00000

   Energies (kJ/mol)
           Bond            U-B    Proper Dih.  Improper Dih.      CMAP Dih.
    1.74774e+03    2.34893e+03    6.12928e+03    1.27934e+02   -2.83537e+02
          LJ-14     Coulomb-14        LJ (SR)   Coulomb (SR)   Coul. recip.
    2.44570e+03    1.84837e+04    7.34190e+04   -5.64354e+05    4.71075e+03
      Potential Pressure (bar)
   -4.55224e+05   -3.29068e+03

           Step           Time
             40       40.00000

   Energies (kJ/mol)
           Bond            U-B    Proper Dih.  Improper Dih.      CMAP Dih.
    1.59843e+03    2.33959e+03    6.12672e+03    1.23722e+02   -2.86858e+02
          LJ-14     Coulomb-14        LJ (SR)   Coulomb (SR)   Coul. recip.
    2.42351e+03    1.84228e+04    7.31558e+04   -5.64727e+05    4.64204e+03
      Potential Pressure (bar)
   -4.56181e+05   -3.29145e+03

           Step           Time
             41       41.00000

           Step           Time
             42       42.00000

   Energies (kJ/mol)
           Bond            U-B    Proper Dih.  Improper Dih.      CMAP Dih.
    6.38883e+02    2.14136e+03    6.12639e+03    1.24764e+02   -2.88572e+02
          LJ-14     Coulomb-14        LJ (SR)   Coulomb (SR)   Coul. recip.
    2.42730e+03    1.84495e+04    7.30277e+04   -5.64993e+05    4.63433e+03
      Potential Pressure (bar)
   -4.57711e+05   -3.29618e+03

           Step           Time
             43       43.00000

   Energies (kJ/mol)
           Bond            U-B    Proper Dih.  Improper Dih.      CMAP Dih.
    2.07701e+03    2.40924e+03    6.12307e+03    1.23332e+02   -2.88019e+02
          LJ-14     Coulomb-14        LJ (SR)   Coulomb (SR)   Coul. recip.
    2.40272e+03    1.83946e+04    7.23756e+04   -5.66121e+05    4.50585e+03
      Potential Pressure (bar)
   -4.57998e+05   -3.30321e+03

           Step           Time
             44       44.00000

   Energies (kJ/mol)
           Bond            U-B    Proper Dih.  Improper Dih.      CMAP Dih.
    8.31429e+02    2.15775e+03    6.12290e+03    1.24596e+02   -2.90156e+02
          LJ-14     Coulomb-14        LJ (SR)   Coulomb (SR)   Coul. recip.
    2.40810e+03    1.84300e+04    7.22511e+04   -5.66404e+05    4.50358e+03
      Potential Pressure (bar)
   -4.59865e+05   -3.30488e+03

           Step           Time
             45       45.00000

           Step           Time
             46       46.00000

   Energies (kJ/mol)
           Bond            U-B    Proper Dih.  Improper Dih.      CMAP Dih.
    8.53389e+02    2.16710e+03    6.12130e+03    1.22717e+02   -2.91665e+02
          LJ-14     Coulomb-14        LJ (SR)   Coulomb (SR)   Coul. recip.
    2.39624e+03    1.84002e+04    7.20370e+04   -5.66762e+05    4.45563e+03
      Potential Pressure (bar)
   -4.60500e+05   -3.30715e+03

           Step           Time
             47       47.00000

   Energies (kJ/mol)
           Bond            U-B    Proper Dih.  Improper Dih.      CMAP Dih.
    1.06647e+03    2.19101e+03    6.12097e+03    1.24654e+02   -2.90571e+02
          LJ-14     Coulomb-14        LJ (SR)   Coulomb (SR)   Coul. recip.
    2.39772e+03    1.84189e+04    7.18253e+04   -5.67213e+05    4.43167e+03
      Potential Pressure (bar)
   -4.60926e+05   -3.30989e+03

           Step           Time
             48       48.00000

   Energies (kJ/mol)
           Bond            U-B    Proper Dih.  Improper Dih.      CMAP Dih.
    1.18430e+03    2.22163e+03    6.11926e+03    1.22030e+02   -2.91799e+02
          LJ-14     Coulomb-14        LJ (SR)   Coulomb (SR)   Coul. recip.
    2.38339e+03    1.83802e+04    7.16083e+04   -5.67569e+05    4.37907e+03
      Potential Pressure (bar)
   -4.61462e+05   -3.31218e+03

           Step           Time
             49       49.00000

   Energies (kJ/mol)
           Bond            U-B    Proper Dih.  Improper Dih.      CMAP Dih.
    1.54202e+03    2.27068e+03    6.11942e+03    1.24983e+02   -2.89818e+02
          LJ-14     Coulomb-14        LJ (SR)   Coulomb (SR)   Coul. recip.
    2.38883e+03    1.84096e+04    7.14308e+04   -5.67986e+05    4.36542e+03
      Potential Pressure (bar)
   -4.61624e+05   -3.31469e+03

           Step           Time
             50       50.00000

   Energies (kJ/mol)
           Bond            U-B    Proper Dih.  Improper Dih.      CMAP Dih.
    1.90756e+03    2.35123e+03    6.11760e+03    1.21459e+02   -2.90277e+02
          LJ-14     Coulomb-14        LJ (SR)   Coulomb (SR)   Coul. recip.
    2.37118e+03    1.83582e+04    7.12098e+04   -5.68336e+05    4.30642e+03
      Potential Pressure (bar)
   -4.61883e+05   -3.31697e+03

           Step           Time
             51       51.00000

           Step           Time
             52       52.00000

   Energies (kJ/mol)
           Bond            U-B    Proper Dih.  Improper Dih.      CMAP Dih.
    5.91627e+02    2.09498e+03    6.11717e+03    1.22110e+02   -2.94333e+02
          LJ-14     Coulomb-14        LJ (SR)   Coulomb (SR)   Coul. recip.
    2.37379e+03    1.83811e+04    7.11275e+04   -5.68532e+05    4.30402e+03
      Potential Pressure (bar)
   -4.63715e+05   -3.31814e+03

           Step           Time
             53       53.00000

   Energies (kJ/mol)
           Bond            U-B    Proper Dih.  Improper Dih.      CMAP Dih.
    2.34655e+03    2.40522e+03    6.11370e+03    1.21451e+02   -2.91929e+02
          LJ-14     Coulomb-14        LJ (SR)   Coulomb (SR)   Coul. recip.
    2.34383e+03    1.83214e+04    7.02630e+04   -5.70227e+05    4.13509e+03
      Potential Pressure (bar)
   -4.64469e+05   -3.32881e+03

           Step           Time
             54       54.00000

   Energies (kJ/mol)
           Bond            U-B    Proper Dih.  Improper Dih.      CMAP Dih.
    7.32523e+02    2.10044e+03    6.11311e+03    1.21788e+02   -2.96857e+02
          LJ-14     Coulomb-14        LJ (SR)   Coulomb (SR)   Coul. recip.
    2.34687e+03    1.83510e+04    7.01855e+04   -5.70437e+05    4.13830e+03
      Potential Pressure (bar)
   -4.66644e+05   -3.32688e+03

           Step           Time
             55       55.00000

           Step           Time
             56       56.00000

   Energies (kJ/mol)
           Bond            U-B    Proper Dih.  Improper Dih.      CMAP Dih.
    9.58252e+02    2.14514e+03    6.11194e+03    1.20071e+02   -2.96613e+02
          LJ-14     Coulomb-14        LJ (SR)   Coulomb (SR)   Coul. recip.
    2.33720e+03    1.83242e+04    6.99971e+04   -5.70796e+05    4.09504e+03
      Potential Pressure (bar)
   -4.67004e+05   -3.32599e+03

           Step           Time
             57       57.00000

   Energies (kJ/mol)
           Bond            U-B    Proper Dih.  Improper Dih.      CMAP Dih.
    9.20251e+02    2.12978e+03    6.11169e+03    1.21554e+02   -2.96651e+02
          LJ-14     Coulomb-14        LJ (SR)   Coulomb (SR)   Coul. recip.
    2.33867e+03    1.83412e+04    6.98783e+04   -5.71098e+05    4.08511e+03
      Potential Pressure (bar)
   -4.67469e+05   -3.32461e+03

           Step           Time
             58       58.00000

   Energies (kJ/mol)
           Bond            U-B    Proper Dih.  Improper Dih.      CMAP Dih.
    1.33461e+03    2.20955e+03    6.11061e+03    1.19487e+02   -2.95669e+02
          LJ-14     Coulomb-14        LJ (SR)   Coulomb (SR)   Coul. recip.
    2.32738e+03    1.83071e+04    6.96972e+04   -5.71436e+05    4.03928e+03
      Potential Pressure (bar)
   -4.67587e+05   -3.32681e+03

           Step           Time
             59       59.00000

   Energies (kJ/mol)
           Bond            U-B    Proper Dih.  Improper Dih.      CMAP Dih.
    1.32470e+03    2.20115e+03    6.11061e+03    1.21774e+02   -2.95500e+02
          LJ-14     Coulomb-14        LJ (SR)   Coulomb (SR)   Coul. recip.
    2.33155e+03    1.83332e+04    6.95920e+04   -5.71737e+05    4.03590e+03
      Potential Pressure (bar)
   -4.67981e+05   -3.32863e+03

           Step           Time
             60       60.00000

           Step           Time
             61       61.00000

   Energies (kJ/mol)
           Bond            U-B    Proper Dih.  Improper Dih.      CMAP Dih.
    6.08602e+02    2.07011e+03    6.10951e+03    1.19386e+02   -2.98998e+02
          LJ-14     Coulomb-14        LJ (SR)   Coulomb (SR)   Coul. recip.
    2.32294e+03    1.83112e+04    6.94965e+04   -5.71895e+05    4.00941e+03
      Potential Pressure (bar)
   -4.69146e+05   -3.32350e+03

           Step           Time
             62       62.00000

   Energies (kJ/mol)
           Bond            U-B    Proper Dih.  Improper Dih.      CMAP Dih.
    1.87786e+03    2.29233e+03    6.10828e+03    1.22385e+02   -2.95079e+02
          LJ-14     Coulomb-14        LJ (SR)   Coulomb (SR)   Coul. recip.
    2.31585e+03    1.83123e+04    6.90453e+04   -5.72974e+05    3.93621e+03
      Potential Pressure (bar)
   -4.69259e+05   -3.33029e+03

           Step           Time
             63       63.00000

   Energies (kJ/mol)
           Bond            U-B    Proper Dih.  Improper Dih.      CMAP Dih.
    7.95628e+02    2.09652e+03    6.10690e+03    1.18341e+02   -2.99657e+02
          LJ-14     Coulomb-14        LJ (SR)   Coulomb (SR)   Coul. recip.
    2.30355e+03    1.82825e+04    6.89367e+04   -5.73145e+05    3.90472e+03
      Potential Pressure (bar)
   -4.70899e+05   -3.33145e+03

           Step           Time
             64       64.00000

           Step           Time
             65       65.00000

   Energies (kJ/mol)
           Bond            U-B    Proper Dih.  Improper Dih.      CMAP Dih.
    8.48321e+02    2.10034e+03    6.10655e+03    1.19633e+02   -2.99780e+02
          LJ-14     Coulomb-14        LJ (SR)   Coulomb (SR)   Coul. recip.
    2.30462e+03    1.82925e+04    6.88309e+04   -5.73432e+05    3.89195e+03
      Potential Pressure (bar)
   -4.71237e+05   -3.33324e+03

           Step           Time
             66       66.00000

   Energies (kJ/mol)
           Bond            U-B    Proper Dih.  Improper Dih.      CMAP Dih.
    1.04458e+03    2.13981e+03    6.10585e+03    1.17801e+02   -2.98874e+02
          LJ-14     Coulomb-14        LJ (SR)   Coulomb (SR)   Coul. recip.
    2.29491e+03    1.82681e+04    6.86941e+04   -5.73710e+05    3.85829e+03
      Potential Pressure (bar)
   -4.71485e+05   -3.33505e+03

           Step           Time
             67       67.00000

   Energies (kJ/mol)
           Bond            U-B    Proper Dih.  Improper Dih.      CMAP Dih.
    1.16324e+03    2.15546e+03    6.10563e+03    1.19790e+02   -2.98641e+02
          LJ-14     Coulomb-14        LJ (SR)   Coulomb (SR)   Coul. recip.
    2.29838e+03    1.82848e+04    6.86019e+04   -5.73990e+05    3.85094e+03
      Potential Pressure (bar)
   -4.71708e+05   -3.33677e+03

           Step           Time
             68       68.00000

   Energies (kJ/mol)
           Bond            U-B    Proper Dih.  Improper Dih.      CMAP Dih.
    1.51006e+03    2.22503e+03    6.10501e+03    1.17339e+02   -2.96677e+02
          LJ-14     Coulomb-14        LJ (SR)   Coulomb (SR)   Coul. recip.
    2.28670e+03    1.82531e+04    6.84665e+04   -5.74252e+05    3.81395e+03
      Potential Pressure (bar)
   -4.71771e+05   -3.33851e+03

           Step           Time
             69       69.00000

           Step           Time
             70       70.00000

   Energies (kJ/mol)
           Bond            U-B    Proper Dih.  Improper Dih.      CMAP Dih.
    5.80639e+02    2.04664e+03    6.10443e+03    1.17749e+02   -3.01887e+02
          LJ-14     Coulomb-14        LJ (SR)   Coulomb (SR)   Coul. recip.
    2.28826e+03    1.82663e+04    6.84213e+04   -5.74391e+05    3.81240e+03
      Potential Pressure (bar)
   -4.73056e+05   -3.33936e+03

           Step           Time
             71       71.00000

   Energies (kJ/mol)
           Bond            U-B    Proper Dih.  Improper Dih.      CMAP Dih.
    1.92041e+03    2.28740e+03    6.10237e+03    1.17908e+02   -2.96642e+02
          LJ-14     Coulomb-14        LJ (SR)   Coulomb (SR)   Coul. recip.
    2.26183e+03    1.82157e+04    6.77583e+04   -5.76011e+05    3.67483e+03
      Potential Pressure (bar)
   -4.73969e+05   -3.34783e+03

           Step           Time
             72       72.00000

   Energies (kJ/mol)
           Bond            U-B    Proper Dih.  Improper Dih.      CMAP Dih.
    6.77626e+02    2.05342e+03    6.10147e+03    1.17466e+02   -3.03749e+02
          LJ-14     Coulomb-14        LJ (SR)   Coulomb (SR)   Coul. recip.
    2.26362e+03    1.82351e+04    6.77168e+04   -5.76162e+05    3.67798e+03
      Potential Pressure (bar)
   -4.75623e+05   -3.34873e+03

           Step           Time
             73       73.00000

           Step           Time
             74       74.00000

   Energies (kJ/mol)
           Bond            U-B    Proper Dih.  Improper Dih.      CMAP Dih.
    8.87837e+02    2.09354e+03    6.10083e+03    1.16003e+02   -3.01995e+02
          LJ-14     Coulomb-14        LJ (SR)   Coulomb (SR)   Coul. recip.
    2.25678e+03    1.82161e+04    6.75986e+04   -5.76443e+05    3.64857e+03
      Potential Pressure (bar)
   -4.75827e+05   -3.35057e+03

           Step           Time
             75       75.00000

   Energies (kJ/mol)
           Bond            U-B    Proper Dih.  Improper Dih.      CMAP Dih.
    8.12302e+02    2.07728e+03    6.10058e+03    1.17041e+02   -3.03057e+02
          LJ-14     Coulomb-14        LJ (SR)   Coulomb (SR)   Coul. recip.
    2.25788e+03    1.82272e+04    6.75355e+04   -5.76657e+05    3.64358e+03
      Potential Pressure (bar)
   -4.76188e+05   -3.35187e+03

           Step           Time
             76       76.00000

           Step           Time
             77       77.00000

   Energies (kJ/mol)
           Bond            U-B    Proper Dih.  Improper Dih.      CMAP Dih.
    5.98927e+02    2.03678e+03    6.10011e+03    1.15879e+02   -3.04266e+02
          LJ-14     Coulomb-14        LJ (SR)   Coulomb (SR)   Coul. recip.
    2.25317e+03    1.82155e+04    6.74770e+04   -5.76787e+05    3.62770e+03
      Potential Pressure (bar)
   -4.76666e+05   -3.35273e+03

           Step           Time
             78       78.00000

   Energies (kJ/mol)
           Bond            U-B    Proper Dih.  Improper Dih.      CMAP Dih.
    9.74563e+02    2.10543e+03    6.09939e+03    1.17113e+02   -3.02968e+02
          LJ-14     Coulomb-14        LJ (SR)   Coulomb (SR)   Coul. recip.
    2.24848e+03    1.82137e+04    6.72683e+04   -5.77402e+05    3.59058e+03
      Potential Pressure (bar)
   -4.77088e+05   -3.36370e+03

           Step           Time
             79       79.00000

   Energies (kJ/mol)
           Bond            U-B    Proper Dih.  Improper Dih.      CMAP Dih.
    6.78097e+02    2.04853e+03    6.09877e+03    1.15189e+02   -3.04273e+02
          LJ-14     Coulomb-14        LJ (SR)   Coulomb (SR)   Coul. recip.
    2.24205e+03    1.81981e+04    6.72022e+04   -5.77545e+05    3.57159e+03
      Potential Pressure (bar)
   -4.77695e+05   -3.36466e+03

           Step           Time
             80       80.00000

           Step           Time
             81       81.00000

   Energies (kJ/mol)
           Bond            U-B    Proper Dih.  Improper Dih.      CMAP Dih.
    6.47854e+02    2.04158e+03    6.09854e+03    1.15794e+02   -3.05092e+02
          LJ-14     Coulomb-14        LJ (SR)   Coulomb (SR)   Coul. recip.
    2.24177e+03    1.82019e+04    6.71419e+04   -5.77742e+05    3.56263e+03
      Potential Pressure (bar)
   -4.77996e+05   -3.36589e+03

           Step           Time
             82       82.00000

   Energies (kJ/mol)
           Bond            U-B    Proper Dih.  Improper Dih.      CMAP Dih.
    7.73565e+02    2.06503e+03    6.09805e+03    1.14829e+02   -3.03870e+02
          LJ-14     Coulomb-14        LJ (SR)   Coulomb (SR)   Coul. recip.
    2.23556e+03    1.81877e+04    6.70461e+04   -5.77993e+05    3.53895e+03
      Potential Pressure (bar)
   -4.78237e+05   -3.37106e+03

           Step           Time
             83       83.00000

   Energies (kJ/mol)
           Bond            U-B    Proper Dih.  Improper Dih.      CMAP Dih.
    7.44156e+02    2.05860e+03    6.09786e+03    1.15701e+02   -3.04816e+02
          LJ-14     Coulomb-14        LJ (SR)   Coulomb (SR)   Coul. recip.
    2.23636e+03    1.81947e+04    6.69898e+04   -5.78194e+05    3.53211e+03
      Potential Pressure (bar)
   -4.78530e+05   -3.37231e+03

           Step           Time
             84       84.00000

   Energies (kJ/mol)
           Bond            U-B    Proper Dih.  Improper Dih.      CMAP Dih.
    9.67146e+02    2.10101e+03    6.09741e+03    1.14458e+02   -3.02511e+02
          LJ-14     Coulomb-14        LJ (SR)   Coulomb (SR)   Coul. recip.
    2.22927e+03    1.81769e+04    6.68982e+04   -5.78427e+05    3.50733e+03
      Potential Pressure (bar)
   -4.78637e+05   -3.37740e+03

           Step           Time
             85       85.00000

   Energies (kJ/mol)
           Bond            U-B    Proper Dih.  Improper Dih.      CMAP Dih.
    9.57055e+02    2.09911e+03    6.09734e+03    1.15781e+02   -3.03633e+02
          LJ-14     Coulomb-14        LJ (SR)   Coulomb (SR)   Coul. recip.
    2.23168e+03    1.81884e+04    6.68480e+04   -5.78632e+05    3.50353e+03
      Potential Pressure (bar)
   -4.78894e+05   -3.37695e+03

           Step           Time
             86       86.00000

           Step           Time
             87       87.00000

   Energies (kJ/mol)
           Bond            U-B    Proper Dih.  Improper Dih.      CMAP Dih.
    5.96896e+02    2.02761e+03    6.09681e+03    1.14287e+02   -3.05846e+02
          LJ-14     Coulomb-14        LJ (SR)   Coulomb (SR)   Coul. recip.
    2.22649e+03    1.81773e+04    6.68002e+04   -5.78739e+05    3.48960e+03
      Potential Pressure (bar)
   -4.79516e+05   -3.37768e+03

           Step           Time
             88       88.00000

   Energies (kJ/mol)
           Bond            U-B    Proper Dih.  Improper Dih.      CMAP Dih.
    1.12468e+03    2.13018e+03    6.09631e+03    1.16294e+02   -3.03700e+02
          LJ-14     Coulomb-14        LJ (SR)   Coulomb (SR)   Coul. recip.
    2.22124e+03    1.81729e+04    6.65848e+04   -5.79452e+05    3.44721e+03
      Potential Pressure (bar)
   -4.79862e+05   -3.38221e+03

           Step           Time
             89       89.00000

   Energies (kJ/mol)
           Bond            U-B    Proper Dih.  Improper Dih.      CMAP Dih.
    6.74252e+02    2.03941e+03    6.09557e+03    1.13722e+02   -3.05840e+02
          LJ-14     Coulomb-14        LJ (SR)   Coulomb (SR)   Coul. recip.
    2.21443e+03    1.81592e+04    6.65306e+04   -5.79572e+05    3.43099e+03
      Potential Pressure (bar)
   -4.80620e+05   -3.38303e+03

           Step           Time
             90       90.00000

           Step           Time
             91       91.00000

   Energies (kJ/mol)
           Bond            U-B    Proper Dih.  Improper Dih.      CMAP Dih.
    6.81731e+02    2.04141e+03    6.09543e+03    1.14384e+02   -3.06644e+02
          LJ-14     Coulomb-14        LJ (SR)   Coulomb (SR)   Coul. recip.
    2.21454e+03    1.81620e+04    6.64783e+04   -5.79769e+05    3.42216e+03
      Potential Pressure (bar)
   -4.80865e+05   -3.38426e+03

           Step           Time
             92       92.00000

   Energies (kJ/mol)
           Bond            U-B    Proper Dih.  Improper Dih.      CMAP Dih.
    7.66922e+02    2.05638e+03    6.09501e+03    1.13350e+02   -3.05168e+02
          LJ-14     Coulomb-14        LJ (SR)   Coulomb (SR)   Coul. recip.
    2.20883e+03    1.81501e+04    6.64081e+04   -5.79968e+05    3.40355e+03
      Potential Pressure (bar)
   -4.81071e+05   -3.38557e+03

           Step           Time
             93       93.00000

   Energies (kJ/mol)
           Bond            U-B    Proper Dih.  Improper Dih.      CMAP Dih.
    7.98989e+02    2.06414e+03    6.09497e+03    1.14353e+02   -3.06033e+02
          LJ-14     Coulomb-14        LJ (SR)   Coulomb (SR)   Coul. recip.
    2.21012e+03    1.81557e+04    6.63609e+04   -5.80164e+05    3.39675e+03
      Potential Pressure (bar)
   -4.81275e+05   -3.38678e+03

           Step           Time
             94       94.00000

   Energies (kJ/mol)
           Bond            U-B    Proper Dih.  Improper Dih.      CMAP Dih.
    9.53671e+02    2.09266e+03    6.09454e+03    1.13019e+02   -3.03483e+02
          LJ-14     Coulomb-14        LJ (SR)   Coulomb (SR)   Coul. recip.
    2.20334e+03    1.81408e+04    6.62911e+04   -5.80356e+05    3.37665e+03
      Potential Pressure (bar)
   -4.81394e+05   -3.38805e+03

           Step           Time
             95       95.00000

   Energies (kJ/mol)
           Bond            U-B    Proper Dih.  Improper Dih.      CMAP Dih.
    1.05213e+03    2.11475e+03    6.09466e+03    1.14531e+02   -3.04277e+02
          LJ-14     Coulomb-14        LJ (SR)   Coulomb (SR)   Coul. recip.
    2.20641e+03    1.81501e+04    6.62505e+04   -5.80553e+05    3.37260e+03
      Potential Pressure (bar)
   -4.81502e+05   -3.38665e+03

           Step           Time
             96       96.00000

           Step           Time
             97       97.00000

   Energies (kJ/mol)
           Bond            U-B    Proper Dih.  Improper Dih.      CMAP Dih.
    5.93013e+02    2.01992e+03    6.09406e+03    1.12811e+02   -3.07400e+02
          LJ-14     Coulomb-14        LJ (SR)   Coulomb (SR)   Coul. recip.
    2.20109e+03    1.81409e+04    6.62114e+04   -5.80644e+05    3.36094e+03
      Potential Pressure (bar)
   -4.82218e+05   -3.38726e+03

           Step           Time
             98       98.00000

   Energies (kJ/mol)
           Bond            U-B    Proper Dih.  Improper Dih.      CMAP Dih.
    1.23507e+03    2.15153e+03    6.09374e+03    1.15912e+02   -3.04762e+02
          LJ-14     Coulomb-14        LJ (SR)   Coulomb (SR)   Coul. recip.
    2.19313e+03    1.81296e+04    6.59548e+04   -5.81602e+05    3.30317e+03
      Potential Pressure (bar)
   -4.82730e+05   -3.39333e+03

           Step           Time
             99       99.00000

   Energies (kJ/mol)
           Bond            U-B    Proper Dih.  Improper Dih.      CMAP Dih.
    6.64749e+02    2.03058e+03    6.09281e+03    1.12405e+02   -3.07670e+02
          LJ-14     Coulomb-14        LJ (SR)   Coulomb (SR)   Coul. recip.
    2.18612e+03    1.81191e+04    6.59106e+04   -5.81705e+05    3.29011e+03
      Potential Pressure (bar)
   -4.83606e+05   -3.39402e+03

           Step           Time
            100      100.00000

           Step           Time
            101      101.00000

   Energies (kJ/mol)
           Bond            U-B    Proper Dih.  Improper Dih.      CMAP Dih.
    7.21823e+02    2.04491e+03    6.09276e+03    1.12945e+02   -3.08180e+02
          LJ-14     Coulomb-14        LJ (SR)   Coulomb (SR)   Coul. recip.
    2.18666e+03    1.81205e+04    6.58656e+04   -5.81904e+05    3.28094e+03
      Potential Pressure (bar)
   -4.83786e+05   -3.39526e+03

           Step           Time
            102      102.00000

   Energies (kJ/mol)
           Bond            U-B    Proper Dih.  Improper Dih.      CMAP Dih.
    7.54298e+02    2.04777e+03    6.09235e+03    1.11829e+02   -3.06634e+02
          LJ-14     Coulomb-14        LJ (SR)   Coulomb (SR)   Coul. recip.
    2.18126e+03    1.81113e+04    6.58146e+04   -5.82065e+05    3.26655e+03
      Potential Pressure (bar)
   -4.83992e+05   -3.39632e+03

           Step           Time
            103      103.00000

   Energies (kJ/mol)
           Bond            U-B    Proper Dih.  Improper Dih.      CMAP Dih.
    8.64283e+02    2.07436e+03    6.09249e+03    1.12980e+02   -3.07211e+02
          LJ-14     Coulomb-14        LJ (SR)   Coulomb (SR)   Coul. recip.
    2.18311e+03    1.81148e+04    6.57765e+04   -5.82258e+05    3.25944e+03
      Potential Pressure (bar)
   -4.84087e+05   -3.39750e+03

           Step           Time
            104      104.00000

   Energies (kJ/mol)
           Bond            U-B    Proper Dih.  Improper Dih.      CMAP Dih.
    9.42129e+02    2.08571e+03    6.09203e+03    1.11510e+02   -3.04545e+02
          LJ-14     Coulomb-14        LJ (SR)   Coulomb (SR)   Coul. recip.
    2.17643e+03    1.81034e+04    6.57236e+04   -5.82418e+05    3.24351e+03
      Potential Pressure (bar)
   -4.84244e+05   -3.39855e+03

           Step           Time
            105      105.00000

           Step           Time
            106      106.00000

   Energies (kJ/mol)
           Bond            U-B    Proper Dih.  Improper Dih.      CMAP Dih.
    5.95798e+02    2.01608e+03    6.09191e+03    1.11656e+02   -3.09285e+02
          LJ-14     Coulomb-14        LJ (SR)   Coulomb (SR)   Coul. recip.
    2.17744e+03    1.81069e+04    6.57054e+04   -5.82512e+05    3.24085e+03
      Potential Pressure (bar)
   -4.84775e+05   -3.39912e+03

           Step           Time
            107      107.00000

   Energies (kJ/mol)
           Bond            U-B    Proper Dih.  Improper Dih.      CMAP Dih.
    1.18085e+03    2.13368e+03    6.09151e+03    1.12368e+02   -3.03019e+02
          LJ-14     Coulomb-14        LJ (SR)   Coulomb (SR)   Coul. recip.
    2.16598e+03    1.80870e+04    6.55245e+04   -5.83226e+05    3.19180e+03
      Potential Pressure (bar)
   -4.85041e+05   -3.40366e+03

           Step           Time
            108      108.00000

   Energies (kJ/mol)
           Bond            U-B    Proper Dih.  Improper Dih.      CMAP Dih.
    6.54489e+02    2.02764e+03    6.09126e+03    1.11701e+02   -3.09901e+02
          LJ-14     Coulomb-14        LJ (SR)   Coulomb (SR)   Coul. recip.
    2.16761e+03    1.80927e+04    6.55072e+04   -5.83333e+05    3.19033e+03
      Potential Pressure (bar)
   -4.85800e+05   -3.40430e+03

           Step           Time
            109      109.00000

           Step           Time
            110      110.00000

   Energies (kJ/mol)
           Bond            U-B    Proper Dih.  Improper Dih.      CMAP Dih.
    7.31190e+02    2.04003e+03    6.09089e+03    1.10956e+02   -3.08009e+02
          LJ-14     Coulomb-14        LJ (SR)   Coulomb (SR)   Coul. recip.
    2.16332e+03    1.80853e+04    6.54603e+04   -5.83509e+05    3.17635e+03
      Potential Pressure (bar)
   -4.85959e+05   -3.40542e+03

           Step           Time
            111      111.00000

   Energies (kJ/mol)
           Bond            U-B    Proper Dih.  Improper Dih.      CMAP Dih.
    7.37853e+02    2.04566e+03    6.09102e+03    1.11528e+02   -3.09373e+02
          LJ-14     Coulomb-14        LJ (SR)   Coulomb (SR)   Coul. recip.
    2.16417e+03    1.80873e+04    6.54324e+04   -5.83667e+05    3.17052e+03
      Potential Pressure (bar)
   -4.86136e+05   -3.40639e+03

           Step           Time
            112      112.00000

   Energies (kJ/mol)
           Bond            U-B    Proper Dih.  Improper Dih.      CMAP Dih.
    8.73119e+02    2.06932e+03    6.09060e+03    1.10718e+02   -3.06238e+02
          LJ-14     Coulomb-14        LJ (SR)   Coulomb (SR)   Coul. recip.
    2.15906e+03    1.80785e+04    6.53861e+04   -5.83835e+05    3.15593e+03
      Potential Pressure (bar)
   -4.86218e+05   -3.40747e+03

           Step           Time
            113      113.00000

   Energies (kJ/mol)
           Bond            U-B    Proper Dih.  Improper Dih.      CMAP Dih.
    9.21710e+02    2.08575e+03    6.09093e+03    1.11629e+02   -3.07826e+02
          LJ-14     Coulomb-14        LJ (SR)   Coulomb (SR)   Coul. recip.
    2.16126e+03    1.80824e+04    6.53625e+04   -5.83996e+05    3.15158e+03
      Potential Pressure (bar)
   -4.86336e+05   -3.40844e+03

           Step           Time
            114      114.00000

           Step           Time
            115      115.00000

   Energies (kJ/mol)
           Bond            U-B    Proper Dih.  Improper Dih.      CMAP Dih.
    6.01677e+02    2.01275e+03    6.09037e+03    1.10337e+02   -3.10248e+02
          LJ-14     Coulomb-14        LJ (SR)   Coulomb (SR)   Coul. recip.
    2.15718e+03    1.80772e+04    6.53361e+04   -5.84076e+05    3.14339e+03
      Potential Pressure (bar)
   -4.86857e+05   -3.40371e+03

           Step           Time
            116      116.00000

   Energies (kJ/mol)
           Bond            U-B    Proper Dih.  Improper Dih.      CMAP Dih.
    1.09006e+03    2.12342e+03    6.09073e+03    1.13056e+02   -3.07866e+02
          LJ-14     Coulomb-14        LJ (SR)   Coulomb (SR)   Coul. recip.
    2.15230e+03    1.80681e+04    6.51981e+04   -5.84780e+05    3.10433e+03
      Potential Pressure (bar)
   -4.87148e+05   -3.40809e+03

           Step           Time
            117      117.00000

   Energies (kJ/mol)
           Bond            U-B    Proper Dih.  Improper Dih.      CMAP Dih.
    6.61310e+02    2.02308e+03    6.08976e+03    1.10162e+02   -3.10185e+02
          LJ-14     Coulomb-14        LJ (SR)   Coulomb (SR)   Coul. recip.
    2.14674e+03    1.80621e+04    6.51673e+04   -5.84871e+05    3.09496e+03
      Potential Pressure (bar)
   -4.87826e+05   -3.40868e+03

           Step           Time
            118      118.00000

           Step           Time
            119      119.00000

   Energies (kJ/mol)
           Bond            U-B    Proper Dih.  Improper Dih.      CMAP Dih.
    6.98839e+02    2.03546e+03    6.08994e+03    1.10554e+02   -3.11099e+02
          LJ-14     Coulomb-14        LJ (SR)   Coulomb (SR)   Coul. recip.
    2.14718e+03    1.80621e+04    6.51406e+04   -5.85037e+05    3.08745e+03
      Potential Pressure (bar)
   -4.87976e+05   -3.40969e+03

           Step           Time
            120      120.00000

   Energies (kJ/mol)
           Bond            U-B    Proper Dih.  Improper Dih.      CMAP Dih.
    7.36977e+02    2.03845e+03    6.08950e+03    1.09772e+02   -3.09115e+02
          LJ-14     Coulomb-14        LJ (SR)   Coulomb (SR)   Coul. recip.
    2.14286e+03    1.80562e+04    6.51061e+04   -5.85180e+05    3.07647e+03
      Potential Pressure (bar)
   -4.88133e+05   -3.41060e+03

           Step           Time
            121      121.00000

   Energies (kJ/mol)
           Bond            U-B    Proper Dih.  Improper Dih.      CMAP Dih.
    8.14178e+02    2.06156e+03    6.08989e+03    1.10576e+02   -3.10160e+02
          LJ-14     Coulomb-14        LJ (SR)   Coulomb (SR)   Coul. recip.
    2.14439e+03    1.80574e+04    6.50840e+04   -5.85342e+05    3.07023e+03
      Potential Pressure (bar)
   -4.88220e+05   -3.41394e+03

           Step           Time
            122      122.00000

   Energies (kJ/mol)
           Bond            U-B    Proper Dih.  Improper Dih.      CMAP Dih.
    8.96186e+02    2.07228e+03    6.08933e+03    1.09580e+02   -3.06884e+02
          LJ-14     Coulomb-14        LJ (SR)   Coulomb (SR)   Coul. recip.
    2.13905e+03    1.80501e+04    6.50481e+04   -5.85483e+05    3.05830e+03
      Potential Pressure (bar)
   -4.88327e+05   -3.41485e+03

           Step           Time
            123      123.00000

           Step           Time
            124      124.00000

   Energies (kJ/mol)
           Bond            U-B    Proper Dih.  Improper Dih.      CMAP Dih.
    6.01878e+02    2.01127e+03    6.08939e+03    1.09475e+02   -3.12000e+02
          LJ-14     Coulomb-14        LJ (SR)   Coulomb (SR)   Coul. recip.
    2.13979e+03    1.80519e+04    6.50372e+04   -5.85563e+05    3.05576e+03
      Potential Pressure (bar)
   -4.88779e+05   -3.41533e+03

           Step           Time
            125      125.00000

   Energies (kJ/mol)
           Bond            U-B    Proper Dih.  Improper Dih.      CMAP Dih.
    1.10706e+03    2.11773e+03    6.08925e+03    1.10929e+02   -3.05334e+02
          LJ-14     Coulomb-14        LJ (SR)   Coulomb (SR)   Coul. recip.
    2.12988e+03    1.80360e+04    6.49099e+04   -5.86251e+05    3.01329e+03
      Potential Pressure (bar)
   -4.89042e+05   -3.42194e+03

           Step           Time
            126      126.00000

   Energies (kJ/mol)
           Bond            U-B    Proper Dih.  Improper Dih.      CMAP Dih.
    6.50272e+02    2.02232e+03    6.08921e+03    1.09666e+02   -3.12769e+02
          LJ-14     Coulomb-14        LJ (SR)   Coulomb (SR)   Coul. recip.
    2.13108e+03    1.80389e+04    6.48998e+04   -5.86342e+05    3.01133e+03
      Potential Pressure (bar)
   -4.89702e+05   -3.42247e+03

           Step           Time
            127      127.00000

           Step           Time
            128      128.00000

   Energies (kJ/mol)
           Bond            U-B    Proper Dih.  Improper Dih.      CMAP Dih.
    7.24036e+02    2.03411e+03    6.08882e+03    1.09120e+02   -3.10470e+02
          LJ-14     Coulomb-14        LJ (SR)   Coulomb (SR)   Coul. recip.
    2.12764e+03    1.80341e+04    6.48688e+04   -5.86501e+05    3.00043e+03
      Potential Pressure (bar)
   -4.89824e+05   -3.42346e+03

           Step           Time
            129      129.00000

   Energies (kJ/mol)
           Bond            U-B    Proper Dih.  Improper Dih.      CMAP Dih.
    7.21330e+02    2.03909e+03    6.08918e+03    1.09409e+02   -3.12177e+02
          LJ-14     Coulomb-14        LJ (SR)   Coulomb (SR)   Coul. recip.
    2.12835e+03    1.80345e+04    6.48532e+04   -5.86635e+05    2.99522e+03
      Potential Pressure (bar)
   -4.89977e+05   -3.42427e+03

           Step           Time
            130      130.00000

   Energies (kJ/mol)
           Bond            U-B    Proper Dih.  Improper Dih.      CMAP Dih.
    8.49579e+02    2.06137e+03    6.08870e+03    1.09006e+02   -3.08552e+02
          LJ-14     Coulomb-14        LJ (SR)   Coulomb (SR)   Coul. recip.
    2.12428e+03    1.80289e+04    6.48226e+04   -5.86785e+05    2.98412e+03
      Potential Pressure (bar)
   -4.90025e+05   -3.42520e+03

           Step           Time
            131      131.00000

   Energies (kJ/mol)
           Bond            U-B    Proper Dih.  Improper Dih.      CMAP Dih.
    8.80120e+02    2.07637e+03    6.08930e+03    1.09496e+02   -3.10608e+02
          LJ-14     Coulomb-14        LJ (SR)   Coulomb (SR)   Coul. recip.
    2.12608e+03    1.80302e+04    6.48105e+04   -5.86923e+05    2.97976e+03
      Potential Pressure (bar)
   -4.90132e+05   -3.42602e+03

           Step           Time
            132      132.00000

           Step           Time
            133      133.00000

   Energies (kJ/mol)
           Bond            U-B    Proper Dih.  Improper Dih.      CMAP Dih.
    6.10152e+02    2.00956e+03    6.08869e+03    1.08468e+02   -3.12821e+02
          LJ-14     Coulomb-14        LJ (SR)   Coulomb (SR)   Coul. recip.
    2.12269e+03    1.80272e+04    6.47920e+04   -5.86994e+05    2.97372e+03
      Potential Pressure (bar)
   -4.90575e+05   -3.42646e+03

           Step           Time
            134      134.00000

   Energies (kJ/mol)
           Bond            U-B    Proper Dih.  Improper Dih.      CMAP Dih.
    1.04120e+03    2.11470e+03    6.08960e+03    1.11043e+02   -3.10359e+02
          LJ-14     Coulomb-14        LJ (SR)   Coulomb (SR)   Coul. recip.
    2.11946e+03    1.80194e+04    6.47166e+04   -5.87565e+05    2.94418e+03
      Potential Pressure (bar)
   -4.90719e+05   -3.42993e+03

           Step           Time
            135      135.00000

   Energies (kJ/mol)
           Bond            U-B    Proper Dih.  Improper Dih.      CMAP Dih.
    6.64821e+02    2.01993e+03    6.08851e+03    1.08529e+02   -3.12501e+02
          LJ-14     Coulomb-14        LJ (SR)   Coulomb (SR)   Coul. recip.
    2.11476e+03    1.80159e+04    6.46944e+04   -5.87646e+05    2.93722e+03
      Potential Pressure (bar)
   -4.91315e+05   -3.43044e+03

           Step           Time
            136      136.00000

           Step           Time
            137      137.00000

   Energies (kJ/mol)
           Bond            U-B    Proper Dih.  Improper Dih.      CMAP Dih.
    6.96097e+02    2.03212e+03    6.08890e+03    1.08782e+02   -3.13622e+02
          LJ-14     Coulomb-14        LJ (SR)   Coulomb (SR)   Coul. recip.
    2.11521e+03    1.80153e+04    6.46797e+04   -5.87790e+05    2.93084e+03
      Potential Pressure (bar)
   -4.91437e+05   -3.43130e+03

           Step           Time
            138      138.00000

   Energies (kJ/mol)
           Bond            U-B    Proper Dih.  Improper Dih.      CMAP Dih.
    7.35362e+02    2.03496e+03    6.08841e+03    1.08274e+02   -3.11312e+02
          LJ-14     Coulomb-14        LJ (SR)   Coulomb (SR)   Coul. recip.
    2.11163e+03    1.80113e+04    6.46569e+04   -5.87918e+05    2.92227e+03
      Potential Pressure (bar)
   -4.91560e+05   -3.43209e+03

           Step           Time
            139      139.00000

   Energies (kJ/mol)
           Bond            U-B    Proper Dih.  Improper Dih.      CMAP Dih.
    8.02783e+02    2.05793e+03    6.08906e+03    1.08823e+02   -3.12588e+02
          LJ-14     Coulomb-14        LJ (SR)   Coulomb (SR)   Coul. recip.
    2.11300e+03    1.80113e+04    6.46458e+04   -5.88060e+05    2.91667e+03
      Potential Pressure (bar)
   -4.91627e+05   -3.43293e+03

           Step           Time
            140      140.00000

   Energies (kJ/mol)
           Bond            U-B    Proper Dih.  Improper Dih.      CMAP Dih.
    8.84803e+02    2.06809e+03    6.08839e+03    1.08202e+02   -3.08835e+02
          LJ-14     Coulomb-14        LJ (SR)   Coulomb (SR)   Coul. recip.
    2.10858e+03    1.80065e+04    6.46216e+04   -5.88186e+05    2.90759e+03
      Potential Pressure (bar)
   -4.91701e+05   -3.43371e+03

           Step           Time
            141      141.00000

           Step           Time
            142      142.00000

   Energies (kJ/mol)
           Bond            U-B    Proper Dih.  Improper Dih.      CMAP Dih.
    6.09308e+02    2.00906e+03    6.08860e+03    1.07873e+02   -3.14392e+02
          LJ-14     Coulomb-14        LJ (SR)   Coulomb (SR)   Coul. recip.
    2.10913e+03    1.80074e+04    6.46157e+04   -5.88256e+05    2.90509e+03
      Potential Pressure (bar)
   -4.92119e+05   -3.43412e+03


Steepest Descents converged to Fmax < 1000 in 143 steps
Potential Energy  = -4.9211869e+05
Maximum force     =  9.0061523e+02 on atom 2045
Norm of force     =  5.8916352e+01

    D O M A I N   D E C O M P O S I T I O N   S T A T I S T I C S

 av. #atoms communicated per step for force:  2 x 53639.5

Finished mdrun on rank 0 Thu May 16 13:09:35 2019

