                      :-) GROMACS - gmx mdrun, 2019.1 (-:

                            GROMACS is written by:
     Emile Apol      Rossen Apostolov      Paul Bauer     Herman J.C. Berendsen
    Par Bjelkmar      Christian Blau   Viacheslav Bolnykh     Kevin Boyd    
 Aldert van Buuren   Rudi van Drunen     Anton Feenstra       Alan Gray     
  Gerrit Groenhof     Anca Hamuraru    Vincent Hindriksen  M. Eric Irrgang  
  Aleksei Iupinov   Christoph Junghans     Joe Jordan     Dimitrios Karkoulis
    Peter Kasson        Jiri Kraus      Carsten Kutzner      Per Larsson    
  Justin A. Lemkul    Viveca Lindahl    Magnus Lundborg     Erik Marklund   
    Pascal Merz     Pieter Meulenhoff    Teemu Murtola       Szilard Pall   
    Sander Pronk      Roland Schulz      Michael Shirts    Alexey Shvetsov  
   Alfons Sijbers     Peter Tieleman      Jon Vincent      Teemu Virolainen 
 Christian Wennberg    Maarten Wolf   
                           and the project leaders:
        Mark Abraham, Berk Hess, Erik Lindahl, and David van der Spoel

Copyright (c) 1991-2000, University of Groningen, The Netherlands.
Copyright (c) 2001-2018, The GROMACS development team at
Uppsala University, Stockholm University and
the Royal Institute of Technology, Sweden.
check out http://www.gromacs.org for more information.

GROMACS is free software; you can redistribute it and/or modify it
under the terms of the GNU Lesser General Public License
as published by the Free Software Foundation; either version 2.1
of the License, or (at your option) any later version.

GROMACS:      gmx mdrun, version 2019.1
Executable:   /usr/local/bin/gmx
Data prefix:  /usr/local
Working dir:  /Volumes/GoogleDrive/My Drive/research/CHE199/ligand/pdb
Process ID:   83844
Command line:
  gmx mdrun -deffnm npt

GROMACS version:    2019.1
Precision:          single
Memory model:       64 bit
MPI library:        thread_mpi
OpenMP support:     disabled
GPU support:        disabled
SIMD instructions:  NONE
FFT library:        fftw-3.3.8
RDTSCP usage:       disabled
TNG support:        enabled
Hwloc support:      disabled
Tracing support:    disabled
C compiler:         /usr/bin/cc AppleClang 10.0.1.10010046
C compiler flags:       -Wno-unknown-pragmas    
C++ compiler:       /usr/bin/c++ AppleClang 10.0.1.10010046
C++ compiler flags:     -std=c++11  -Wno-unknown-pragmas  -O3 -DNDEBUG  


Running on 1 node with total 8 cores, 8 logical cores
Hardware detected:
  CPU info:
    Vendor: Intel
    Brand:  Intel(R) Core(TM) i7-4850HQ CPU @ 2.30GHz
    Family: 6   Model: 70   Stepping: 1
    Features: aes apic avx avx2 clfsh cmov cx8 cx16 f16c fma htt intel lahf mmx msr nonstop_tsc pcid pclmuldq pdcm pdpe1gb popcnt pse rdrnd rdtscp sse2 sse3 sse4.1 sse4.2 ssse3 tdt x2apic
  Hardware topology: Only logical processor count

Highest SIMD level requested by all nodes in run: AVX2_256
SIMD instructions selected at compile time:       None
This program was compiled for different hardware than you are running on,
which could influence performance.
The current CPU can measure timings more accurately than the code in
gmx mdrun was configured to use. This might affect your simulation
speed as accurate timings are needed for load-balancing.
Please consider rebuilding gmx mdrun with the GMX_USE_RDTSCP=ON CMake option.

++++ PLEASE READ AND CITE THE FOLLOWING REFERENCE ++++
M. J. Abraham, T. Murtola, R. Schulz, S. Páll, J. C. Smith, B. Hess, E.
Lindahl
GROMACS: High performance molecular simulations through multi-level
parallelism from laptops to supercomputers
SoftwareX 1 (2015) pp. 19-25
-------- -------- --- Thank You --- -------- --------


++++ PLEASE READ AND CITE THE FOLLOWING REFERENCE ++++
S. Páll, M. J. Abraham, C. Kutzner, B. Hess, E. Lindahl
Tackling Exascale Software Challenges in Molecular Dynamics Simulations with
GROMACS
In S. Markidis & E. Laure (Eds.), Solving Software Challenges for Exascale 8759 (2015) pp. 3-27
-------- -------- --- Thank You --- -------- --------


++++ PLEASE READ AND CITE THE FOLLOWING REFERENCE ++++
S. Pronk, S. Páll, R. Schulz, P. Larsson, P. Bjelkmar, R. Apostolov, M. R.
Shirts, J. C. Smith, P. M. Kasson, D. van der Spoel, B. Hess, and E. Lindahl
GROMACS 4.5: a high-throughput and highly parallel open source molecular
simulation toolkit
Bioinformatics 29 (2013) pp. 845-54
-------- -------- --- Thank You --- -------- --------


++++ PLEASE READ AND CITE THE FOLLOWING REFERENCE ++++
B. Hess and C. Kutzner and D. van der Spoel and E. Lindahl
GROMACS 4: Algorithms for highly efficient, load-balanced, and scalable
molecular simulation
J. Chem. Theory Comput. 4 (2008) pp. 435-447
-------- -------- --- Thank You --- -------- --------


++++ PLEASE READ AND CITE THE FOLLOWING REFERENCE ++++
D. van der Spoel, E. Lindahl, B. Hess, G. Groenhof, A. E. Mark and H. J. C.
Berendsen
GROMACS: Fast, Flexible and Free
J. Comp. Chem. 26 (2005) pp. 1701-1719
-------- -------- --- Thank You --- -------- --------


++++ PLEASE READ AND CITE THE FOLLOWING REFERENCE ++++
E. Lindahl and B. Hess and D. van der Spoel
GROMACS 3.0: A package for molecular simulation and trajectory analysis
J. Mol. Mod. 7 (2001) pp. 306-317
-------- -------- --- Thank You --- -------- --------


++++ PLEASE READ AND CITE THE FOLLOWING REFERENCE ++++
H. J. C. Berendsen, D. van der Spoel and R. van Drunen
GROMACS: A message-passing parallel molecular dynamics implementation
Comp. Phys. Comm. 91 (1995) pp. 43-56
-------- -------- --- Thank You --- -------- --------


++++ PLEASE CITE THE DOI FOR THIS VERSION OF GROMACS ++++
https://doi.org/10.5281/zenodo.2564764
-------- -------- --- Thank You --- -------- --------

Input Parameters:
   integrator                     = md
   tinit                          = 0
   dt                             = 0.002
   nsteps                         = 50000
   init-step                      = 0
   simulation-part                = 1
   comm-mode                      = Linear
   nstcomm                        = 100
   bd-fric                        = 0
   ld-seed                        = -2046651459
   emtol                          = 10
   emstep                         = 0.01
   niter                          = 20
   fcstep                         = 0
   nstcgsteep                     = 1000
   nbfgscorr                      = 10
   rtpi                           = 0.05
   nstxout                        = 0
   nstvout                        = 0
   nstfout                        = 0
   nstlog                         = 500
   nstcalcenergy                  = 100
   nstenergy                      = 500
   nstxout-compressed             = 500
   compressed-x-precision         = 1000
   cutoff-scheme                  = Verlet
   nstlist                        = 20
   ns-type                        = Grid
   pbc                            = xyz
   periodic-molecules             = false
   verlet-buffer-tolerance        = 0.005
   rlist                          = 1.221
   coulombtype                    = PME
   coulomb-modifier               = Potential-shift
   rcoulomb-switch                = 0
   rcoulomb                       = 1.2
   epsilon-r                      = 1
   epsilon-rf                     = inf
   vdw-type                       = Cut-off
   vdw-modifier                   = Force-switch
   rvdw-switch                    = 1
   rvdw                           = 1.2
   DispCorr                       = No
   table-extension                = 1
   fourierspacing                 = 0.16
   fourier-nx                     = 52
   fourier-ny                     = 52
   fourier-nz                     = 52
   pme-order                      = 4
   ewald-rtol                     = 1e-05
   ewald-rtol-lj                  = 0.001
   lj-pme-comb-rule               = Geometric
   ewald-geometry                 = 0
   epsilon-surface                = 0
   tcoupl                         = V-rescale
   nsttcouple                     = 20
   nh-chain-length                = 0
   print-nose-hoover-chain-variables = false
   pcoupl                         = Berendsen
   pcoupltype                     = Isotropic
   nstpcouple                     = 20
   tau-p                          = 2
   compressibility (3x3):
      compressibility[    0]={ 4.50000e-05,  0.00000e+00,  0.00000e+00}
      compressibility[    1]={ 0.00000e+00,  4.50000e-05,  0.00000e+00}
      compressibility[    2]={ 0.00000e+00,  0.00000e+00,  4.50000e-05}
   ref-p (3x3):
      ref-p[    0]={ 1.00000e+00,  0.00000e+00,  0.00000e+00}
      ref-p[    1]={ 0.00000e+00,  1.00000e+00,  0.00000e+00}
      ref-p[    2]={ 0.00000e+00,  0.00000e+00,  1.00000e+00}
   refcoord-scaling               = COM
   posres-com (3):
      posres-com[0]= 4.99295e-01
      posres-com[1]= 4.99756e-01
      posres-com[2]= 5.01270e-01
   posres-comB (3):
      posres-comB[0]= 4.99295e-01
      posres-comB[1]= 4.99756e-01
      posres-comB[2]= 5.01270e-01
   QMMM                           = false
   QMconstraints                  = 0
   QMMMscheme                     = 0
   MMChargeScaleFactor            = 1
qm-opts:
   ngQM                           = 0
   constraint-algorithm           = Lincs
   continuation                   = true
   Shake-SOR                      = false
   shake-tol                      = 0.0001
   lincs-order                    = 4
   lincs-iter                     = 1
   lincs-warnangle                = 30
   nwall                          = 0
   wall-type                      = 9-3
   wall-r-linpot                  = -1
   wall-atomtype[0]               = -1
   wall-atomtype[1]               = -1
   wall-density[0]                = 0
   wall-density[1]                = 0
   wall-ewald-zfac                = 3
   pull                           = false
   awh                            = false
   rotation                       = false
   interactiveMD                  = false
   disre                          = No
   disre-weighting                = Conservative
   disre-mixed                    = false
   dr-fc                          = 1000
   dr-tau                         = 0
   nstdisreout                    = 100
   orire-fc                       = 0
   orire-tau                      = 0
   nstorireout                    = 100
   free-energy                    = no
   cos-acceleration               = 0
   deform (3x3):
      deform[    0]={ 0.00000e+00,  0.00000e+00,  0.00000e+00}
      deform[    1]={ 0.00000e+00,  0.00000e+00,  0.00000e+00}
      deform[    2]={ 0.00000e+00,  0.00000e+00,  0.00000e+00}
   simulated-tempering            = false
   swapcoords                     = no
   userint1                       = 0
   userint2                       = 0
   userint3                       = 0
   userint4                       = 0
   userreal1                      = 0
   userreal2                      = 0
   userreal3                      = 0
   userreal4                      = 0
   applied-forces:
     electric-field:
       x:
         E0                       = 0
         omega                    = 0
         t0                       = 0
         sigma                    = 0
       y:
         E0                       = 0
         omega                    = 0
         t0                       = 0
         sigma                    = 0
       z:
         E0                       = 0
         omega                    = 0
         t0                       = 0
         sigma                    = 0
grpopts:
   nrdf:     6582.71     61743.3
   ref-t:         300         300
   tau-t:         0.1         0.1
annealing:          No          No
annealing-npoints:           0           0
   acc:	           0           0           0
   nfreeze:           N           N           N
   energygrp-flags[  0]: 0

Changing nstlist from 20 to 80, rlist from 1.221 to 1.322


Initializing Domain Decomposition on 8 ranks
Dynamic load balancing: locked
Minimum cell size due to atom displacement: 0.637 nm
Initial maximum distances in bonded interactions:
    two-body bonded interactions: 0.433 nm, LJ-14, atoms 1874 1881
  multi-body bonded interactions: 0.479 nm, CMAP Dih., atoms 435 451
Minimum cell size due to bonded interactions: 0.527 nm
Maximum distance for 5 constraints, at 120 deg. angles, all-trans: 0.222 nm
Estimated maximum distance required for P-LINCS: 0.222 nm
Using 0 separate PME ranks, as there are too few total
 ranks for efficient splitting
Scaling the initial minimum size with 1/0.8 (option -dds) = 1.25
Optimizing the DD grid for 8 cells with a minimum initial size of 0.796 nm
The maximum allowed number of cells is: X 8 Y 8 Z 6
Domain decomposition grid 4 x 2 x 1, separate PME ranks 0
PME domain decomposition: 4 x 2 x 1
Domain decomposition rank 0, coordinates 0 0 0

The initial number of communication pulses is: X 1 Y 1
The initial domain decomposition cell size is: X 1.60 nm Y 3.20 nm

The maximum allowed distance for atoms involved in interactions is:
                 non-bonded interactions           1.322 nm
(the following are initial values, they could change due to box deformation)
            two-body bonded interactions  (-rdd)   1.322 nm
          multi-body bonded interactions  (-rdd)   1.322 nm
  atoms separated by up to 5 constraints  (-rcon)  1.602 nm

When dynamic load balancing gets turned on, these settings will change to:
The maximum number of communication pulses is: X 2 Y 1
The minimum size for domain decomposition cells is 1.041 nm
The requested allowed shrink of DD cells (option -dds) is: 0.80
The allowed shrink of domain decomposition cells is: X 0.65 Y 0.41
The maximum allowed distance for atoms involved in interactions is:
                 non-bonded interactions           1.322 nm
            two-body bonded interactions  (-rdd)   1.322 nm
          multi-body bonded interactions  (-rdd)   1.041 nm
  atoms separated by up to 5 constraints  (-rcon)  1.041 nm

Using 8 MPI threads
System total charge: 0.000
Will do PME sum in reciprocal space for electrostatic interactions.

++++ PLEASE READ AND CITE THE FOLLOWING REFERENCE ++++
U. Essmann, L. Perera, M. L. Berkowitz, T. Darden, H. Lee and L. G. Pedersen 
A smooth particle mesh Ewald method
J. Chem. Phys. 103 (1995) pp. 8577-8592
-------- -------- --- Thank You --- -------- --------

Using a Gaussian width (1/beta) of 0.384195 nm for Ewald
Potential shift: LJ r^-12: -2.648e-01 r^-6: -5.349e-01, Ewald -8.333e-06
Initialized non-bonded Ewald correction tables, spacing: 1.02e-03 size: 1176

Generated table with 1161 data points for 1-4 COUL.
Tabscale = 500 points/nm
Generated table with 1161 data points for 1-4 LJ6.
Tabscale = 500 points/nm
Generated table with 1161 data points for 1-4 LJ12.
Tabscale = 500 points/nm

Using plain C 4x4 nonbonded short-range kernels

WARNING: Using the slow plain C kernels. This should
not happen during routine usage on supported platforms.

Using a dual 4x4 pair-list setup updated with dynamic pruning:
  outer list: updated every 80 steps, buffer 0.122 nm, rlist 1.322 nm
  inner list: updated every 14 steps, buffer 0.003 nm, rlist 1.203 nm
At tolerance 0.005 kJ/mol/ps per atom, equivalent classical 1x1 list would be:
  outer list: updated every 80 steps, buffer 0.272 nm, rlist 1.472 nm
  inner list: updated every 14 steps, buffer 0.056 nm, rlist 1.256 nm


Initializing Parallel LINear Constraint Solver

++++ PLEASE READ AND CITE THE FOLLOWING REFERENCE ++++
B. Hess
P-LINCS: A Parallel Linear Constraint Solver for molecular simulation
J. Chem. Theory Comput. 4 (2008) pp. 116-122
-------- -------- --- Thank You --- -------- --------

The number of constraints is 1325
There are constraints between atoms in different decomposition domains,
will communicate selected coordinates each lincs iteration

++++ PLEASE READ AND CITE THE FOLLOWING REFERENCE ++++
S. Miyamoto and P. A. Kollman
SETTLE: An Analytical Version of the SHAKE and RATTLE Algorithms for Rigid
Water Models
J. Comp. Chem. 13 (1992) pp. 952-962
-------- -------- --- Thank You --- -------- --------


Linking all bonded interactions to atoms


Intra-simulation communication will occur every 20 steps.
Center of mass motion removal mode is Linear
We have the following groups for center of mass motion removal:
  0:  rest

++++ PLEASE READ AND CITE THE FOLLOWING REFERENCE ++++
G. Bussi, D. Donadio and M. Parrinello
Canonical sampling through velocity rescaling
J. Chem. Phys. 126 (2007) pp. 014101
-------- -------- --- Thank You --- -------- --------

There are: 33506 Atoms
Atom distribution over 8 domains: av 4188 stddev 72 min 4108 max 4286

Started mdrun on rank 0 Thu May 16 18:36:55 2019

           Step           Time
              0        0.00000

   Energies (kJ/mol)
           Bond            U-B    Proper Dih.  Improper Dih.      CMAP Dih.
    2.10161e+03    5.89478e+03    6.59466e+03    3.74126e+02   -2.67744e+02
          LJ-14     Coulomb-14        LJ (SR)   Coulomb (SR)   Coul. recip.
    2.03163e+03    1.77754e+04    6.93984e+04   -5.56209e+05    1.54043e+03
 Position Rest.      Potential    Kinetic En.   Total Energy  Conserved En.
    1.62646e-01   -4.50765e+05    8.47427e+04   -3.66023e+05   -3.66026e+05
    Temperature Pressure (bar)   Constr. rmsd
    2.98340e+02    7.66374e+01    2.96915e-06


DD  step 79 load imb.: force  5.1%

step 240 Turning on dynamic load balancing, because the performance loss due to load imbalance is 5.3 %.
           Step           Time
            500        1.00000

   Energies (kJ/mol)
           Bond            U-B    Proper Dih.  Improper Dih.      CMAP Dih.
    2.36066e+03    5.84536e+03    6.64449e+03    3.77845e+02   -1.90385e+02
          LJ-14     Coulomb-14        LJ (SR)   Coulomb (SR)   Coul. recip.
    2.03074e+03    1.77456e+04    6.76359e+04   -5.52772e+05    1.58191e+03
 Position Rest.      Potential    Kinetic En.   Total Energy  Conserved En.
    5.41534e+02   -4.48199e+05    8.55603e+04   -3.62638e+05   -3.65996e+05
    Temperature Pressure (bar)   Constr. rmsd
    3.01219e+02   -1.72460e+02    3.01466e-06

           Step           Time
           1000        2.00000

   Energies (kJ/mol)
           Bond            U-B    Proper Dih.  Improper Dih.      CMAP Dih.
    2.23636e+03    6.05697e+03    6.52365e+03    3.41387e+02   -2.07046e+02
          LJ-14     Coulomb-14        LJ (SR)   Coulomb (SR)   Coul. recip.
    1.99537e+03    1.76233e+04    6.78299e+04   -5.52947e+05    1.66807e+03
 Position Rest.      Potential    Kinetic En.   Total Energy  Conserved En.
    5.88253e+02   -4.48291e+05    8.49028e+04   -3.63388e+05   -3.65982e+05
    Temperature Pressure (bar)   Constr. rmsd
    2.98904e+02   -1.80351e+02    3.28283e-06

           Step           Time
           1500        3.00000

   Energies (kJ/mol)
           Bond            U-B    Proper Dih.  Improper Dih.      CMAP Dih.
    2.08571e+03    5.95331e+03    6.56555e+03    3.45152e+02   -2.08954e+02
          LJ-14     Coulomb-14        LJ (SR)   Coulomb (SR)   Coul. recip.
    2.02244e+03    1.76978e+04    6.86595e+04   -5.55456e+05    1.56302e+03
 Position Rest.      Potential    Kinetic En.   Total Energy  Conserved En.
    5.30570e+02   -4.50242e+05    8.54796e+04   -3.64762e+05   -3.65984e+05
    Temperature Pressure (bar)   Constr. rmsd
    3.00935e+02   -1.23498e+02    3.01923e-06


DD  step 1999  vol min/aver 0.924  load imb.: force  1.3%
           Step           Time
           2000        4.00000

   Energies (kJ/mol)
           Bond            U-B    Proper Dih.  Improper Dih.      CMAP Dih.
    1.92783e+03    5.83984e+03    6.53313e+03    4.00666e+02   -2.38957e+02
          LJ-14     Coulomb-14        LJ (SR)   Coulomb (SR)   Coul. recip.
    2.13428e+03    1.78638e+04    6.97733e+04   -5.57071e+05    1.59474e+03
 Position Rest.      Potential    Kinetic En.   Total Energy  Conserved En.
    5.57324e+02   -4.50685e+05    8.53435e+04   -3.65341e+05   -3.66014e+05
    Temperature Pressure (bar)   Constr. rmsd
    3.00456e+02    2.74227e+02    3.17612e-06

           Step           Time
           2500        5.00000

   Energies (kJ/mol)
           Bond            U-B    Proper Dih.  Improper Dih.      CMAP Dih.
    2.12447e+03    5.89473e+03    6.53960e+03    3.99579e+02   -1.70603e+02
          LJ-14     Coulomb-14        LJ (SR)   Coulomb (SR)   Coul. recip.
    2.01207e+03    1.79029e+04    6.99273e+04   -5.56400e+05    1.60999e+03
 Position Rest.      Potential    Kinetic En.   Total Energy  Conserved En.
    5.79996e+02   -4.49580e+05    8.53516e+04   -3.64228e+05   -3.65985e+05
    Temperature Pressure (bar)   Constr. rmsd
    3.00484e+02    1.44491e+02    3.31060e-06

           Step           Time
           3000        6.00000

   Energies (kJ/mol)
           Bond            U-B    Proper Dih.  Improper Dih.      CMAP Dih.
    2.03559e+03    5.99449e+03    6.59512e+03    3.81259e+02   -1.98701e+02
          LJ-14     Coulomb-14        LJ (SR)   Coulomb (SR)   Coul. recip.
    2.10201e+03    1.75812e+04    7.04743e+04   -5.56885e+05    1.56207e+03
 Position Rest.      Potential    Kinetic En.   Total Energy  Conserved En.
    5.74241e+02   -4.49784e+05    8.53515e+04   -3.64432e+05   -3.65986e+05
    Temperature Pressure (bar)   Constr. rmsd
    3.00484e+02    3.31634e+02    3.59586e-06

           Step           Time
           3500        7.00000

   Energies (kJ/mol)
           Bond            U-B    Proper Dih.  Improper Dih.      CMAP Dih.
    2.20712e+03    6.05423e+03    6.61346e+03    4.02260e+02   -2.14816e+02
          LJ-14     Coulomb-14        LJ (SR)   Coulomb (SR)   Coul. recip.
    2.12631e+03    1.77488e+04    6.91265e+04   -5.55793e+05    1.59568e+03
 Position Rest.      Potential    Kinetic En.   Total Energy  Conserved En.
    6.01218e+02   -4.49532e+05    8.62197e+04   -3.63312e+05   -3.65952e+05
    Temperature Pressure (bar)   Constr. rmsd
    3.03540e+02    1.35671e+02    3.01537e-06


DD  step 3999  vol min/aver 0.919  load imb.: force  1.1%
           Step           Time
           4000        8.00000

   Energies (kJ/mol)
           Bond            U-B    Proper Dih.  Improper Dih.      CMAP Dih.
    2.32458e+03    6.07656e+03    6.64920e+03    3.85500e+02   -2.33681e+02
          LJ-14     Coulomb-14        LJ (SR)   Coulomb (SR)   Coul. recip.
    2.06370e+03    1.76122e+04    6.87616e+04   -5.54614e+05    1.59437e+03
 Position Rest.      Potential    Kinetic En.   Total Energy  Conserved En.
    5.99076e+02   -4.48781e+05    8.50455e+04   -3.63736e+05   -3.65933e+05
    Temperature Pressure (bar)   Constr. rmsd
    2.99407e+02   -5.02166e+01    3.18703e-06

           Step           Time
           4500        9.00000

   Energies (kJ/mol)
           Bond            U-B    Proper Dih.  Improper Dih.      CMAP Dih.
    2.23267e+03    5.80089e+03    6.56503e+03    3.64990e+02   -2.19981e+02
          LJ-14     Coulomb-14        LJ (SR)   Coulomb (SR)   Coul. recip.
    2.08860e+03    1.77262e+04    6.93056e+04   -5.55452e+05    1.57917e+03
 Position Rest.      Potential    Kinetic En.   Total Energy  Conserved En.
    5.96734e+02   -4.49412e+05    8.59267e+04   -3.63485e+05   -3.65934e+05
    Temperature Pressure (bar)   Constr. rmsd
    3.02509e+02   -6.44170e+01    3.05670e-06

           Step           Time
           5000       10.00000

   Energies (kJ/mol)
           Bond            U-B    Proper Dih.  Improper Dih.      CMAP Dih.
    2.11568e+03    6.12828e+03    6.56893e+03    4.08393e+02   -2.28041e+02
          LJ-14     Coulomb-14        LJ (SR)   Coulomb (SR)   Coul. recip.
    2.05790e+03    1.76336e+04    6.86689e+04   -5.54969e+05    1.62270e+03
 Position Rest.      Potential    Kinetic En.   Total Energy  Conserved En.
    5.94382e+02   -4.49398e+05    8.54246e+04   -3.63974e+05   -3.65926e+05
    Temperature Pressure (bar)   Constr. rmsd
    3.00741e+02   -1.08272e+02    3.07226e-06

           Step           Time
           5500       11.00000

   Energies (kJ/mol)
           Bond            U-B    Proper Dih.  Improper Dih.      CMAP Dih.
    2.15483e+03    6.00880e+03    6.62969e+03    4.22957e+02   -2.01077e+02
          LJ-14     Coulomb-14        LJ (SR)   Coulomb (SR)   Coul. recip.
    2.13097e+03    1.77022e+04    6.82933e+04   -5.54653e+05    1.54616e+03
 Position Rest.      Potential    Kinetic En.   Total Energy  Conserved En.
    5.53605e+02   -4.49412e+05    8.58292e+04   -3.63582e+05   -3.65919e+05
    Temperature Pressure (bar)   Constr. rmsd
    3.02165e+02   -4.47675e+01    2.86648e-06


DD  step 5999  vol min/aver 0.946  load imb.: force  1.6%
           Step           Time
           6000       12.00000

   Energies (kJ/mol)
           Bond            U-B    Proper Dih.  Improper Dih.      CMAP Dih.
    2.17051e+03    6.06624e+03    6.59203e+03    3.98603e+02   -1.98463e+02
          LJ-14     Coulomb-14        LJ (SR)   Coulomb (SR)   Coul. recip.
    2.12346e+03    1.76205e+04    6.91212e+04   -5.55078e+05    1.57313e+03
 Position Rest.      Potential    Kinetic En.   Total Energy  Conserved En.
    6.29264e+02   -4.48981e+05    8.46682e+04   -3.64313e+05   -3.65904e+05
    Temperature Pressure (bar)   Constr. rmsd
    2.98078e+02    1.58148e+01    3.12454e-06

           Step           Time
           6500       13.00000

   Energies (kJ/mol)
           Bond            U-B    Proper Dih.  Improper Dih.      CMAP Dih.
    2.15621e+03    5.98507e+03    6.54973e+03    3.64346e+02   -2.38163e+02
          LJ-14     Coulomb-14        LJ (SR)   Coulomb (SR)   Coul. recip.
    2.10960e+03    1.77203e+04    6.91576e+04   -5.54789e+05    1.58160e+03
 Position Rest.      Potential    Kinetic En.   Total Energy  Conserved En.
    5.76634e+02   -4.48826e+05    8.51913e+04   -3.63634e+05   -3.65896e+05
    Temperature Pressure (bar)   Constr. rmsd
    2.99920e+02    3.15353e+02    3.13412e-06

           Step           Time
           7000       14.00000

   Energies (kJ/mol)
           Bond            U-B    Proper Dih.  Improper Dih.      CMAP Dih.
    2.19114e+03    5.86509e+03    6.67711e+03    3.98943e+02   -2.09543e+02
          LJ-14     Coulomb-14        LJ (SR)   Coulomb (SR)   Coul. recip.
    2.06112e+03    1.79456e+04    6.86482e+04   -5.54072e+05    1.60012e+03
 Position Rest.      Potential    Kinetic En.   Total Energy  Conserved En.
    6.02161e+02   -4.48292e+05    8.51028e+04   -3.63190e+05   -3.65894e+05
    Temperature Pressure (bar)   Constr. rmsd
    2.99608e+02    1.73733e+02    3.08536e-06

           Step           Time
           7500       15.00000

   Energies (kJ/mol)
           Bond            U-B    Proper Dih.  Improper Dih.      CMAP Dih.
    2.28121e+03    6.02964e+03    6.59371e+03    3.79827e+02   -2.21679e+02
          LJ-14     Coulomb-14        LJ (SR)   Coulomb (SR)   Coul. recip.
    2.09329e+03    1.75331e+04    6.99385e+04   -5.56465e+05    1.61622e+03
 Position Rest.      Potential    Kinetic En.   Total Energy  Conserved En.
    5.75395e+02   -4.49646e+05    8.54836e+04   -3.64162e+05   -3.65885e+05
    Temperature Pressure (bar)   Constr. rmsd
    3.00949e+02    2.81295e+01    3.12209e-06


DD  step 7999  vol min/aver 0.947  load imb.: force  2.0%
           Step           Time
           8000       16.00000

   Energies (kJ/mol)
           Bond            U-B    Proper Dih.  Improper Dih.      CMAP Dih.
    2.22487e+03    5.98406e+03    6.49598e+03    3.87273e+02   -1.82639e+02
          LJ-14     Coulomb-14        LJ (SR)   Coulomb (SR)   Coul. recip.
    2.05686e+03    1.74478e+04    6.90660e+04   -5.55868e+05    1.58592e+03
 Position Rest.      Potential    Kinetic En.   Total Energy  Conserved En.
    5.91817e+02   -4.50210e+05    8.52493e+04   -3.64961e+05   -3.65870e+05
    Temperature Pressure (bar)   Constr. rmsd
    3.00124e+02   -9.99403e+01    3.20399e-06

Writing checkpoint, step 8160 at Thu May 16 18:52:00 2019


           Step           Time
           8500       17.00000

   Energies (kJ/mol)
           Bond            U-B    Proper Dih.  Improper Dih.      CMAP Dih.
    2.04943e+03    6.11816e+03    6.60440e+03    3.57216e+02   -2.02128e+02
          LJ-14     Coulomb-14        LJ (SR)   Coulomb (SR)   Coul. recip.
    2.06622e+03    1.77319e+04    6.93448e+04   -5.56254e+05    1.58158e+03
 Position Rest.      Potential    Kinetic En.   Total Energy  Conserved En.
    6.21929e+02   -4.49981e+05    8.56380e+04   -3.64343e+05   -3.65878e+05
    Temperature Pressure (bar)   Constr. rmsd
    3.01492e+02   -1.18896e+01    2.86341e-06

           Step           Time
           9000       18.00000

   Energies (kJ/mol)
           Bond            U-B    Proper Dih.  Improper Dih.      CMAP Dih.
    2.21502e+03    6.05299e+03    6.59066e+03    4.00715e+02   -1.83225e+02
          LJ-14     Coulomb-14        LJ (SR)   Coulomb (SR)   Coul. recip.
    1.97978e+03    1.74283e+04    6.84419e+04   -5.54046e+05    1.63421e+03
 Position Rest.      Potential    Kinetic En.   Total Energy  Conserved En.
    6.21871e+02   -4.48863e+05    8.49597e+04   -3.63904e+05   -3.65857e+05
    Temperature Pressure (bar)   Constr. rmsd
    2.99104e+02   -1.10794e+02    3.29867e-06

           Step           Time
           9500       19.00000

   Energies (kJ/mol)
           Bond            U-B    Proper Dih.  Improper Dih.      CMAP Dih.
    2.13809e+03    6.06013e+03    6.53931e+03    3.38356e+02   -2.03336e+02
          LJ-14     Coulomb-14        LJ (SR)   Coulomb (SR)   Coul. recip.
    2.09204e+03    1.77448e+04    6.75830e+04   -5.53385e+05    1.58221e+03
 Position Rest.      Potential    Kinetic En.   Total Energy  Conserved En.
    5.79900e+02   -4.48931e+05    8.46970e+04   -3.64234e+05   -3.65840e+05
    Temperature Pressure (bar)   Constr. rmsd
    2.98180e+02   -1.68015e+02    3.15777e-06


DD  step 9999  vol min/aver 0.938  load imb.: force  1.9%
           Step           Time
          10000       20.00000

   Energies (kJ/mol)
           Bond            U-B    Proper Dih.  Improper Dih.      CMAP Dih.
    2.22946e+03    5.97265e+03    6.60340e+03    3.45223e+02   -1.71185e+02
          LJ-14     Coulomb-14        LJ (SR)   Coulomb (SR)   Coul. recip.
    2.02026e+03    1.75254e+04    6.95152e+04   -5.56060e+05    1.57080e+03
 Position Rest.      Potential    Kinetic En.   Total Energy  Conserved En.
    6.45285e+02   -4.49804e+05    8.56977e+04   -3.64106e+05   -3.65848e+05
    Temperature Pressure (bar)   Constr. rmsd
    3.01703e+02    7.14649e+01    3.03529e-06

           Step           Time
          10500       21.00000

   Energies (kJ/mol)
           Bond            U-B    Proper Dih.  Improper Dih.      CMAP Dih.
    2.22030e+03    5.86604e+03    6.49634e+03    3.76606e+02   -1.90947e+02
          LJ-14     Coulomb-14        LJ (SR)   Coulomb (SR)   Coul. recip.
    2.10949e+03    1.76573e+04    6.81529e+04   -5.54828e+05    1.61479e+03
 Position Rest.      Potential    Kinetic En.   Total Energy  Conserved En.
    5.85476e+02   -4.49940e+05    8.52385e+04   -3.64702e+05   -3.65829e+05
    Temperature Pressure (bar)   Constr. rmsd
    3.00086e+02   -8.20055e+01    3.02573e-06

           Step           Time
          11000       22.00000

   Energies (kJ/mol)
           Bond            U-B    Proper Dih.  Improper Dih.      CMAP Dih.
    2.16382e+03    6.04715e+03    6.52046e+03    3.52558e+02   -2.01957e+02
          LJ-14     Coulomb-14        LJ (SR)   Coulomb (SR)   Coul. recip.
    2.06745e+03    1.76018e+04    6.87844e+04   -5.54299e+05    1.56932e+03
 Position Rest.      Potential    Kinetic En.   Total Energy  Conserved En.
    6.49402e+02   -4.48745e+05    8.54952e+04   -3.63250e+05   -3.65829e+05
    Temperature Pressure (bar)   Constr. rmsd
    3.00990e+02    1.20227e+02    3.20753e-06

           Step           Time
          11500       23.00000

   Energies (kJ/mol)
           Bond            U-B    Proper Dih.  Improper Dih.      CMAP Dih.
    2.23321e+03    6.05456e+03    6.60730e+03    3.45384e+02   -2.38383e+02
          LJ-14     Coulomb-14        LJ (SR)   Coulomb (SR)   Coul. recip.
    2.06700e+03    1.75528e+04    6.79123e+04   -5.53601e+05    1.62138e+03
 Position Rest.      Potential    Kinetic En.   Total Energy  Conserved En.
    6.04278e+02   -4.48841e+05    8.49440e+04   -3.63897e+05   -3.65802e+05
    Temperature Pressure (bar)   Constr. rmsd
    2.99049e+02   -1.95728e+02    3.19472e-06


DD  step 11999  vol min/aver 0.947  load imb.: force  1.1%
           Step           Time
          12000       24.00000

   Energies (kJ/mol)
           Bond            U-B    Proper Dih.  Improper Dih.      CMAP Dih.
    2.27643e+03    5.93923e+03    6.66145e+03    3.51408e+02   -1.78367e+02
          LJ-14     Coulomb-14        LJ (SR)   Coulomb (SR)   Coul. recip.
    2.09087e+03    1.76491e+04    6.90699e+04   -5.54953e+05    1.60034e+03
 Position Rest.      Potential    Kinetic En.   Total Energy  Conserved En.
    6.31562e+02   -4.48861e+05    8.57057e+04   -3.63155e+05   -3.65795e+05
    Temperature Pressure (bar)   Constr. rmsd
    3.01731e+02    6.68475e+01    3.02821e-06

           Step           Time
          12500       25.00000

   Energies (kJ/mol)
           Bond            U-B    Proper Dih.  Improper Dih.      CMAP Dih.
    2.25286e+03    6.10371e+03    6.58544e+03    3.67215e+02   -1.70074e+02
          LJ-14     Coulomb-14        LJ (SR)   Coulomb (SR)   Coul. recip.
    2.04739e+03    1.76237e+04    6.92666e+04   -5.55850e+05    1.54244e+03
 Position Rest.      Potential    Kinetic En.   Total Energy  Conserved En.
    5.75237e+02   -4.49656e+05    8.58288e+04   -3.63827e+05   -3.65797e+05
    Temperature Pressure (bar)   Constr. rmsd
    3.02164e+02   -2.68958e+01    3.12767e-06

           Step           Time
          13000       26.00000

   Energies (kJ/mol)
           Bond            U-B    Proper Dih.  Improper Dih.      CMAP Dih.
    2.39472e+03    6.27070e+03    6.60152e+03    3.39047e+02   -1.79035e+02
          LJ-14     Coulomb-14        LJ (SR)   Coulomb (SR)   Coul. recip.
    2.04693e+03    1.75491e+04    6.81934e+04   -5.53757e+05    1.68011e+03
 Position Rest.      Potential    Kinetic En.   Total Energy  Conserved En.
    6.05082e+02   -4.48255e+05    8.56503e+04   -3.62605e+05   -3.65765e+05
    Temperature Pressure (bar)   Constr. rmsd
    3.01536e+02   -1.29808e+02    2.94268e-06

           Step           Time
          13500       27.00000

   Energies (kJ/mol)
           Bond            U-B    Proper Dih.  Improper Dih.      CMAP Dih.
    2.19520e+03    5.99413e+03    6.66152e+03    3.23139e+02   -2.23288e+02
          LJ-14     Coulomb-14        LJ (SR)   Coulomb (SR)   Coul. recip.
    2.07351e+03    1.75407e+04    6.86614e+04   -5.55338e+05    1.50355e+03
 Position Rest.      Potential    Kinetic En.   Total Energy  Conserved En.
    5.73260e+02   -4.50035e+05    8.44884e+04   -3.65547e+05   -3.65770e+05
    Temperature Pressure (bar)   Constr. rmsd
    2.97445e+02   -1.28445e+02    2.93298e-06


DD  step 13999  vol min/aver 0.939  load imb.: force  1.4%
           Step           Time
          14000       28.00000

   Energies (kJ/mol)
           Bond            U-B    Proper Dih.  Improper Dih.      CMAP Dih.
    2.23804e+03    5.86970e+03    6.58180e+03    3.37960e+02   -2.15485e+02
          LJ-14     Coulomb-14        LJ (SR)   Coulomb (SR)   Coul. recip.
    2.13026e+03    1.77454e+04    6.84892e+04   -5.55021e+05    1.52800e+03
 Position Rest.      Potential    Kinetic En.   Total Energy  Conserved En.
    5.73202e+02   -4.49742e+05    8.46862e+04   -3.65056e+05   -3.65758e+05
    Temperature Pressure (bar)   Constr. rmsd
    2.98141e+02   -1.17852e+02    3.07276e-06

           Step           Time
          14500       29.00000

   Energies (kJ/mol)
           Bond            U-B    Proper Dih.  Improper Dih.      CMAP Dih.
    2.23284e+03    6.17594e+03    6.60705e+03    3.52735e+02   -2.05664e+02
          LJ-14     Coulomb-14        LJ (SR)   Coulomb (SR)   Coul. recip.
    2.06819e+03    1.79119e+04    6.89409e+04   -5.55524e+05    1.67352e+03
 Position Rest.      Potential    Kinetic En.   Total Energy  Conserved En.
    6.12965e+02   -4.49154e+05    8.59483e+04   -3.63206e+05   -3.65760e+05
    Temperature Pressure (bar)   Constr. rmsd
    3.02585e+02    5.27491e+01    3.06432e-06

           Step           Time
          15000       30.00000

   Energies (kJ/mol)
           Bond            U-B    Proper Dih.  Improper Dih.      CMAP Dih.
    2.16596e+03    6.19160e+03    6.58624e+03    3.56285e+02   -2.33558e+02
          LJ-14     Coulomb-14        LJ (SR)   Coulomb (SR)   Coul. recip.
    2.02931e+03    1.77105e+04    6.78991e+04   -5.53227e+05    1.65272e+03
 Position Rest.      Potential    Kinetic En.   Total Energy  Conserved En.
    5.51433e+02   -4.48317e+05    8.48965e+04   -3.63421e+05   -3.65750e+05
    Temperature Pressure (bar)   Constr. rmsd
    2.98882e+02   -1.67104e+02    3.02156e-06

           Step           Time
          15500       31.00000

   Energies (kJ/mol)
           Bond            U-B    Proper Dih.  Improper Dih.      CMAP Dih.
    2.12053e+03    5.97718e+03    6.52576e+03    3.45884e+02   -2.02801e+02
          LJ-14     Coulomb-14        LJ (SR)   Coulomb (SR)   Coul. recip.
    2.06291e+03    1.77822e+04    7.01837e+04   -5.57275e+05    1.48400e+03
 Position Rest.      Potential    Kinetic En.   Total Energy  Conserved En.
    5.56451e+02   -4.50440e+05    8.47542e+04   -3.65685e+05   -3.65741e+05
    Temperature Pressure (bar)   Constr. rmsd
    2.98381e+02    8.62209e+01    2.88707e-06


DD  step 15999  vol min/aver 0.929  load imb.: force  0.7%
           Step           Time
          16000       32.00000

   Energies (kJ/mol)
           Bond            U-B    Proper Dih.  Improper Dih.      CMAP Dih.
    2.07312e+03    5.98281e+03    6.61978e+03    3.59182e+02   -2.03603e+02
          LJ-14     Coulomb-14        LJ (SR)   Coulomb (SR)   Coul. recip.
    2.07546e+03    1.78025e+04    6.96529e+04   -5.56235e+05    1.62526e+03
 Position Rest.      Potential    Kinetic En.   Total Energy  Conserved En.
    5.85864e+02   -4.49662e+05    8.49034e+04   -3.64758e+05   -3.65748e+05
    Temperature Pressure (bar)   Constr. rmsd
    2.98906e+02    1.64308e+02    2.87241e-06

Writing checkpoint, step 16320 at Thu May 16 19:07:00 2019


           Step           Time
          16500       33.00000

   Energies (kJ/mol)
           Bond            U-B    Proper Dih.  Improper Dih.      CMAP Dih.
    2.09791e+03    6.03846e+03    6.54900e+03    3.90963e+02   -2.01975e+02
          LJ-14     Coulomb-14        LJ (SR)   Coulomb (SR)   Coul. recip.
    2.11093e+03    1.77130e+04    6.97348e+04   -5.56654e+05    1.56627e+03
 Position Rest.      Potential    Kinetic En.   Total Energy  Conserved En.
    5.75710e+02   -4.50079e+05    8.55705e+04   -3.64508e+05   -3.65751e+05
    Temperature Pressure (bar)   Constr. rmsd
    3.01255e+02    3.06663e+02    3.37405e-06

           Step           Time
          17000       34.00000

   Energies (kJ/mol)
           Bond            U-B    Proper Dih.  Improper Dih.      CMAP Dih.
    2.24954e+03    6.08014e+03    6.57502e+03    3.41030e+02   -2.22306e+02
          LJ-14     Coulomb-14        LJ (SR)   Coulomb (SR)   Coul. recip.
    2.10521e+03    1.77754e+04    6.87834e+04   -5.54718e+05    1.58247e+03
 Position Rest.      Potential    Kinetic En.   Total Energy  Conserved En.
    5.96888e+02   -4.48852e+05    8.56349e+04   -3.63217e+05   -3.65715e+05
    Temperature Pressure (bar)   Constr. rmsd
    3.01481e+02    8.89029e+00    2.78028e-06

           Step           Time
          17500       35.00000

   Energies (kJ/mol)
           Bond            U-B    Proper Dih.  Improper Dih.      CMAP Dih.
    2.13622e+03    6.07500e+03    6.57750e+03    3.62692e+02   -1.84769e+02
          LJ-14     Coulomb-14        LJ (SR)   Coulomb (SR)   Coul. recip.
    2.06294e+03    1.76779e+04    6.90548e+04   -5.54145e+05    1.59695e+03
 Position Rest.      Potential    Kinetic En.   Total Energy  Conserved En.
    5.98398e+02   -4.48187e+05    8.61947e+04   -3.61992e+05   -3.65746e+05
    Temperature Pressure (bar)   Constr. rmsd
    3.03452e+02    1.00995e+02    3.03681e-06


DD  step 17999  vol min/aver 0.931  load imb.: force  1.2%
           Step           Time
          18000       36.00000

   Energies (kJ/mol)
           Bond            U-B    Proper Dih.  Improper Dih.      CMAP Dih.
    2.13579e+03    5.94293e+03    6.56530e+03    3.28285e+02   -2.14451e+02
          LJ-14     Coulomb-14        LJ (SR)   Coulomb (SR)   Coul. recip.
    2.04256e+03    1.77647e+04    6.72837e+04   -5.54147e+05    1.56930e+03
 Position Rest.      Potential    Kinetic En.   Total Energy  Conserved En.
    5.74491e+02   -4.50154e+05    8.50913e+04   -3.65063e+05   -3.65700e+05
    Temperature Pressure (bar)   Constr. rmsd
    2.99568e+02   -3.17119e+02    3.10411e-06

           Step           Time
          18500       37.00000

   Energies (kJ/mol)
           Bond            U-B    Proper Dih.  Improper Dih.      CMAP Dih.
    2.28705e+03    6.13520e+03    6.57249e+03    3.43511e+02   -2.12216e+02
          LJ-14     Coulomb-14        LJ (SR)   Coulomb (SR)   Coul. recip.
    1.99258e+03    1.73667e+04    6.97158e+04   -5.55330e+05    1.58956e+03
 Position Rest.      Potential    Kinetic En.   Total Energy  Conserved En.
    6.17990e+02   -4.48921e+05    8.50583e+04   -3.63863e+05   -3.65707e+05
    Temperature Pressure (bar)   Constr. rmsd
    2.99452e+02    7.81609e+01    3.23690e-06

           Step           Time
          19000       38.00000

   Energies (kJ/mol)
           Bond            U-B    Proper Dih.  Improper Dih.      CMAP Dih.
    2.17477e+03    5.69307e+03    6.58970e+03    3.67825e+02   -2.27720e+02
          LJ-14     Coulomb-14        LJ (SR)   Coulomb (SR)   Coul. recip.
    2.13584e+03    1.77852e+04    6.83448e+04   -5.55143e+05    1.64155e+03
 Position Rest.      Potential    Kinetic En.   Total Energy  Conserved En.
    6.38705e+02   -4.50000e+05    8.40379e+04   -3.65962e+05   -3.65694e+05
    Temperature Pressure (bar)   Constr. rmsd
    2.95859e+02   -1.12086e+02    2.79715e-06

           Step           Time
          19500       39.00000

   Energies (kJ/mol)
           Bond            U-B    Proper Dih.  Improper Dih.      CMAP Dih.
    2.21257e+03    6.04731e+03    6.54923e+03    3.55518e+02   -2.48718e+02
          LJ-14     Coulomb-14        LJ (SR)   Coulomb (SR)   Coul. recip.
    2.04284e+03    1.76571e+04    6.88028e+04   -5.55697e+05    1.59131e+03
 Position Rest.      Potential    Kinetic En.   Total Energy  Conserved En.
    6.14393e+02   -4.50073e+05    8.40554e+04   -3.66017e+05   -3.65664e+05
    Temperature Pressure (bar)   Constr. rmsd
    2.95921e+02    1.12830e+01    2.88982e-06


DD  step 19999  vol min/aver 0.911  load imb.: force  1.0%
           Step           Time
          20000       40.00000

   Energies (kJ/mol)
           Bond            U-B    Proper Dih.  Improper Dih.      CMAP Dih.
    2.17500e+03    5.97540e+03    6.64565e+03    3.69568e+02   -1.71660e+02
          LJ-14     Coulomb-14        LJ (SR)   Coulomb (SR)   Coul. recip.
    2.08140e+03    1.76098e+04    6.84764e+04   -5.54416e+05    1.59257e+03
 Position Rest.      Potential    Kinetic En.   Total Energy  Conserved En.
    6.15035e+02   -4.49047e+05    8.57839e+04   -3.63263e+05   -3.65684e+05
    Temperature Pressure (bar)   Constr. rmsd
    3.02006e+02   -1.12627e+02    4.17237e-06

           Step           Time
          20500       41.00000

   Energies (kJ/mol)
           Bond            U-B    Proper Dih.  Improper Dih.      CMAP Dih.
    2.15415e+03    6.08969e+03    6.50292e+03    3.42284e+02   -2.39630e+02
          LJ-14     Coulomb-14        LJ (SR)   Coulomb (SR)   Coul. recip.
    2.04350e+03    1.73357e+04    6.90808e+04   -5.54617e+05    1.57154e+03
 Position Rest.      Potential    Kinetic En.   Total Energy  Conserved En.
    5.99092e+02   -4.49137e+05    8.47533e+04   -3.64384e+05   -3.65679e+05
    Temperature Pressure (bar)   Constr. rmsd
    2.98378e+02    1.70984e+02    3.13038e-06

           Step           Time
          21000       42.00000

   Energies (kJ/mol)
           Bond            U-B    Proper Dih.  Improper Dih.      CMAP Dih.
    2.21519e+03    5.93475e+03    6.49150e+03    3.69151e+02   -1.86430e+02
          LJ-14     Coulomb-14        LJ (SR)   Coulomb (SR)   Coul. recip.
    2.02518e+03    1.77975e+04    6.88197e+04   -5.53702e+05    1.58979e+03
 Position Rest.      Potential    Kinetic En.   Total Energy  Conserved En.
    6.53669e+02   -4.47992e+05    8.51979e+04   -3.62795e+05   -3.65670e+05
    Temperature Pressure (bar)   Constr. rmsd
    2.99943e+02   -9.49444e+01    3.66306e-06

           Step           Time
          21500       43.00000

   Energies (kJ/mol)
           Bond            U-B    Proper Dih.  Improper Dih.      CMAP Dih.
    2.17769e+03    6.00202e+03    6.65693e+03    3.64568e+02   -2.08463e+02
          LJ-14     Coulomb-14        LJ (SR)   Coulomb (SR)   Coul. recip.
    2.08481e+03    1.77230e+04    6.86052e+04   -5.55048e+05    1.58433e+03
 Position Rest.      Potential    Kinetic En.   Total Energy  Conserved En.
    6.24237e+02   -4.49434e+05    8.44905e+04   -3.64943e+05   -3.65634e+05
    Temperature Pressure (bar)   Constr. rmsd
    2.97453e+02   -6.56741e+01    3.04500e-06


DD  step 21999  vol min/aver 0.938  load imb.: force  1.6%
           Step           Time
          22000       44.00000

   Energies (kJ/mol)
           Bond            U-B    Proper Dih.  Improper Dih.      CMAP Dih.
    2.17991e+03    6.10725e+03    6.48675e+03    3.47378e+02   -2.13100e+02
          LJ-14     Coulomb-14        LJ (SR)   Coulomb (SR)   Coul. recip.
    2.09370e+03    1.76757e+04    6.85714e+04   -5.55340e+05    1.56742e+03
 Position Rest.      Potential    Kinetic En.   Total Energy  Conserved En.
    5.65199e+02   -4.49958e+05    8.55154e+04   -3.64443e+05   -3.65649e+05
    Temperature Pressure (bar)   Constr. rmsd
    3.01061e+02   -2.52017e+01    3.05004e-06

           Step           Time
          22500       45.00000

   Energies (kJ/mol)
           Bond            U-B    Proper Dih.  Improper Dih.      CMAP Dih.
    2.23560e+03    6.02031e+03    6.57885e+03    3.66613e+02   -2.39143e+02
          LJ-14     Coulomb-14        LJ (SR)   Coulomb (SR)   Coul. recip.
    2.05564e+03    1.77221e+04    6.78151e+04   -5.53954e+05    1.62555e+03
 Position Rest.      Potential    Kinetic En.   Total Energy  Conserved En.
    5.84710e+02   -4.49189e+05    8.53892e+04   -3.63799e+05   -3.65612e+05
    Temperature Pressure (bar)   Constr. rmsd
    3.00617e+02   -1.38084e+02    3.03663e-06

           Step           Time
          23000       46.00000

   Energies (kJ/mol)
           Bond            U-B    Proper Dih.  Improper Dih.      CMAP Dih.
    2.10964e+03    5.85334e+03    6.62549e+03    3.52989e+02   -2.14085e+02
          LJ-14     Coulomb-14        LJ (SR)   Coulomb (SR)   Coul. recip.
    2.09365e+03    1.78763e+04    6.73189e+04   -5.53076e+05    1.61641e+03
 Position Rest.      Potential    Kinetic En.   Total Energy  Conserved En.
    5.84080e+02   -4.48859e+05    8.56975e+04   -3.63161e+05   -3.65617e+05
    Temperature Pressure (bar)   Constr. rmsd
    3.01702e+02   -1.45261e+02    3.16708e-06

           Step           Time
          23500       47.00000

   Energies (kJ/mol)
           Bond            U-B    Proper Dih.  Improper Dih.      CMAP Dih.
    2.19591e+03    6.10131e+03    6.64649e+03    3.72102e+02   -2.00990e+02
          LJ-14     Coulomb-14        LJ (SR)   Coulomb (SR)   Coul. recip.
    2.12166e+03    1.77070e+04    6.87513e+04   -5.53716e+05    1.53530e+03
 Position Rest.      Potential    Kinetic En.   Total Energy  Conserved En.
    6.15867e+02   -4.47871e+05    8.59165e+04   -3.61954e+05   -3.65607e+05
    Temperature Pressure (bar)   Constr. rmsd
    3.02473e+02    1.23911e+02    3.26137e-06


DD  step 23999  vol min/aver 0.947  load imb.: force  2.2%
           Step           Time
          24000       48.00000

   Energies (kJ/mol)
           Bond            U-B    Proper Dih.  Improper Dih.      CMAP Dih.
    2.27785e+03    6.01046e+03    6.58795e+03    3.90708e+02   -2.15360e+02
          LJ-14     Coulomb-14        LJ (SR)   Coulomb (SR)   Coul. recip.
    2.02577e+03    1.75234e+04    6.83935e+04   -5.54874e+05    1.56578e+03
 Position Rest.      Potential    Kinetic En.   Total Energy  Conserved En.
    6.51146e+02   -4.49663e+05    8.53779e+04   -3.64285e+05   -3.65602e+05
    Temperature Pressure (bar)   Constr. rmsd
    3.00577e+02   -2.00996e+02    2.99703e-06

Writing checkpoint, step 24480 at Thu May 16 19:22:04 2019


           Step           Time
          24500       49.00000

   Energies (kJ/mol)
           Bond            U-B    Proper Dih.  Improper Dih.      CMAP Dih.
    2.20551e+03    5.88708e+03    6.59895e+03    3.21986e+02   -2.45766e+02
          LJ-14     Coulomb-14        LJ (SR)   Coulomb (SR)   Coul. recip.
    2.02020e+03    1.77620e+04    6.92017e+04   -5.56053e+05    1.64146e+03
 Position Rest.      Potential    Kinetic En.   Total Energy  Conserved En.
    6.05062e+02   -4.50055e+05    8.49245e+04   -3.65130e+05   -3.65583e+05
    Temperature Pressure (bar)   Constr. rmsd
    2.98980e+02   -1.73696e+02    3.31578e-06

           Step           Time
          25000       50.00000

   Energies (kJ/mol)
           Bond            U-B    Proper Dih.  Improper Dih.      CMAP Dih.
    2.10638e+03    5.95373e+03    6.48538e+03    3.31384e+02   -2.43691e+02
          LJ-14     Coulomb-14        LJ (SR)   Coulomb (SR)   Coul. recip.
    2.09514e+03    1.76995e+04    6.81829e+04   -5.54503e+05    1.61697e+03
 Position Rest.      Potential    Kinetic En.   Total Energy  Conserved En.
    5.90877e+02   -4.49684e+05    8.41504e+04   -3.65534e+05   -3.65586e+05
    Temperature Pressure (bar)   Constr. rmsd
    2.96255e+02    5.53954e+01    3.08961e-06

           Step           Time
          25500       51.00000

   Energies (kJ/mol)
           Bond            U-B    Proper Dih.  Improper Dih.      CMAP Dih.
    2.23665e+03    5.99320e+03    6.57333e+03    4.21830e+02   -1.71742e+02
          LJ-14     Coulomb-14        LJ (SR)   Coulomb (SR)   Coul. recip.
    2.07164e+03    1.74761e+04    6.85617e+04   -5.54250e+05    1.54592e+03
 Position Rest.      Potential    Kinetic En.   Total Energy  Conserved En.
    5.97855e+02   -4.48944e+05    8.49471e+04   -3.63997e+05   -3.65566e+05
    Temperature Pressure (bar)   Constr. rmsd
    2.99060e+02    5.08089e+00    3.01751e-06


DD  step 25999  vol min/aver 0.906  load imb.: force  1.0%
           Step           Time
          26000       52.00000

   Energies (kJ/mol)
           Bond            U-B    Proper Dih.  Improper Dih.      CMAP Dih.
    2.26511e+03    5.89147e+03    6.51959e+03    3.74237e+02   -1.71355e+02
          LJ-14     Coulomb-14        LJ (SR)   Coulomb (SR)   Coul. recip.
    2.03241e+03    1.75582e+04    6.89580e+04   -5.54771e+05    1.60590e+03
 Position Rest.      Potential    Kinetic En.   Total Energy  Conserved En.
    6.23391e+02   -4.49114e+05    8.55801e+04   -3.63534e+05   -3.65594e+05
    Temperature Pressure (bar)   Constr. rmsd
    3.01288e+02   -1.73911e+01    3.44670e-06

           Step           Time
          26500       53.00000

   Energies (kJ/mol)
           Bond            U-B    Proper Dih.  Improper Dih.      CMAP Dih.
    2.26320e+03    5.98531e+03    6.56012e+03    3.58806e+02   -2.16925e+02
          LJ-14     Coulomb-14        LJ (SR)   Coulomb (SR)   Coul. recip.
    2.13066e+03    1.79421e+04    6.84333e+04   -5.53726e+05    1.67695e+03
 Position Rest.      Potential    Kinetic En.   Total Energy  Conserved En.
    6.13371e+02   -4.47980e+05    8.59944e+04   -3.61985e+05   -3.65586e+05
    Temperature Pressure (bar)   Constr. rmsd
    3.02747e+02    1.02197e+00    3.35845e-06

           Step           Time
          27000       54.00000

   Energies (kJ/mol)
           Bond            U-B    Proper Dih.  Improper Dih.      CMAP Dih.
    2.19678e+03    5.93772e+03    6.59310e+03    3.39551e+02   -2.53767e+02
          LJ-14     Coulomb-14        LJ (SR)   Coulomb (SR)   Coul. recip.
    2.17798e+03    1.76019e+04    6.81957e+04   -5.53685e+05    1.62626e+03
 Position Rest.      Potential    Kinetic En.   Total Energy  Conserved En.
    6.14251e+02   -4.48655e+05    8.56390e+04   -3.63016e+05   -3.65574e+05
    Temperature Pressure (bar)   Constr. rmsd
    3.01496e+02    5.78866e+01    3.19532e-06

           Step           Time
          27500       55.00000

   Energies (kJ/mol)
           Bond            U-B    Proper Dih.  Improper Dih.      CMAP Dih.
    2.17746e+03    5.96599e+03    6.49693e+03    3.85439e+02   -2.29925e+02
          LJ-14     Coulomb-14        LJ (SR)   Coulomb (SR)   Coul. recip.
    2.10618e+03    1.78302e+04    6.90385e+04   -5.55908e+05    1.50506e+03
 Position Rest.      Potential    Kinetic En.   Total Energy  Conserved En.
    5.34298e+02   -4.50098e+05    8.45988e+04   -3.65500e+05   -3.65552e+05
    Temperature Pressure (bar)   Constr. rmsd
    2.97834e+02   -9.17953e+01    2.96421e-06


DD  step 27999  vol min/aver 0.917  load imb.: force  1.9%
           Step           Time
          28000       56.00000

   Energies (kJ/mol)
           Bond            U-B    Proper Dih.  Improper Dih.      CMAP Dih.
    2.20745e+03    6.05433e+03    6.59898e+03    3.60193e+02   -1.73615e+02
          LJ-14     Coulomb-14        LJ (SR)   Coulomb (SR)   Coul. recip.
    2.02004e+03    1.76219e+04    6.77021e+04   -5.53130e+05    1.56503e+03
 Position Rest.      Potential    Kinetic En.   Total Energy  Conserved En.
    6.32443e+02   -4.48541e+05    8.47084e+04   -3.63833e+05   -3.65541e+05
    Temperature Pressure (bar)   Constr. rmsd
    2.98220e+02   -1.52050e+02    2.87712e-06

           Step           Time
          28500       57.00000

   Energies (kJ/mol)
           Bond            U-B    Proper Dih.  Improper Dih.      CMAP Dih.
    2.26760e+03    6.02814e+03    6.62915e+03    3.28589e+02   -1.90805e+02
          LJ-14     Coulomb-14        LJ (SR)   Coulomb (SR)   Coul. recip.
    2.04756e+03    1.76686e+04    6.86751e+04   -5.54219e+05    1.54533e+03
 Position Rest.      Potential    Kinetic En.   Total Energy  Conserved En.
    5.93652e+02   -4.48626e+05    8.51048e+04   -3.63522e+05   -3.65525e+05
    Temperature Pressure (bar)   Constr. rmsd
    2.99615e+02   -1.64557e+02    3.13825e-06

           Step           Time
          29000       58.00000

   Energies (kJ/mol)
           Bond            U-B    Proper Dih.  Improper Dih.      CMAP Dih.
    2.14364e+03    6.06397e+03    6.56576e+03    4.31568e+02   -2.03438e+02
          LJ-14     Coulomb-14        LJ (SR)   Coulomb (SR)   Coul. recip.
    2.03373e+03    1.77611e+04    6.84346e+04   -5.54598e+05    1.55603e+03
 Position Rest.      Potential    Kinetic En.   Total Energy  Conserved En.
    6.17362e+02   -4.49194e+05    8.57517e+04   -3.63442e+05   -3.65541e+05
    Temperature Pressure (bar)   Constr. rmsd
    3.01893e+02   -2.93910e+01    3.06684e-06

           Step           Time
          29500       59.00000

   Energies (kJ/mol)
           Bond            U-B    Proper Dih.  Improper Dih.      CMAP Dih.
    2.22400e+03    5.87894e+03    6.58475e+03    3.78085e+02   -2.41487e+02
          LJ-14     Coulomb-14        LJ (SR)   Coulomb (SR)   Coul. recip.
    2.06591e+03    1.74825e+04    7.03351e+04   -5.57017e+05    1.53954e+03
 Position Rest.      Potential    Kinetic En.   Total Energy  Conserved En.
    5.88373e+02   -4.50181e+05    8.53738e+04   -3.64807e+05   -3.65528e+05
    Temperature Pressure (bar)   Constr. rmsd
    3.00562e+02    9.16925e+01    2.93823e-06


DD  step 29999  vol min/aver 0.932  load imb.: force  1.1%
           Step           Time
          30000       60.00000

   Energies (kJ/mol)
           Bond            U-B    Proper Dih.  Improper Dih.      CMAP Dih.
    2.08703e+03    6.01697e+03    6.55087e+03    4.12406e+02   -1.74624e+02
          LJ-14     Coulomb-14        LJ (SR)   Coulomb (SR)   Coul. recip.
    2.17380e+03    1.78192e+04    7.00833e+04   -5.55967e+05    1.60109e+03
 Position Rest.      Potential    Kinetic En.   Total Energy  Conserved En.
    6.04795e+02   -4.48792e+05    8.57431e+04   -3.63049e+05   -3.65534e+05
    Temperature Pressure (bar)   Constr. rmsd
    3.01862e+02    2.89683e+02    2.97848e-06

           Step           Time
          30500       61.00000

   Energies (kJ/mol)
           Bond            U-B    Proper Dih.  Improper Dih.      CMAP Dih.
    2.04727e+03    5.98775e+03    6.60098e+03    3.70536e+02   -2.01042e+02
          LJ-14     Coulomb-14        LJ (SR)   Coulomb (SR)   Coul. recip.
    2.14093e+03    1.78225e+04    6.82627e+04   -5.54202e+05    1.61369e+03
 Position Rest.      Potential    Kinetic En.   Total Energy  Conserved En.
    6.29943e+02   -4.48927e+05    8.47964e+04   -3.64130e+05   -3.65507e+05
    Temperature Pressure (bar)   Constr. rmsd
    2.98529e+02    1.02831e+01    2.79547e-06

           Step           Time
          31000       62.00000

   Energies (kJ/mol)
           Bond            U-B    Proper Dih.  Improper Dih.      CMAP Dih.
    2.16093e+03    5.92249e+03    6.56975e+03    3.46749e+02   -2.07865e+02
          LJ-14     Coulomb-14        LJ (SR)   Coulomb (SR)   Coul. recip.
    2.10063e+03    1.77194e+04    7.04757e+04   -5.56705e+05    1.64482e+03
 Position Rest.      Potential    Kinetic En.   Total Energy  Conserved En.
    6.81227e+02   -4.49291e+05    8.52402e+04   -3.64051e+05   -3.65518e+05
    Temperature Pressure (bar)   Constr. rmsd
    3.00092e+02    3.83092e+02    2.98919e-06

           Step           Time
          31500       63.00000

   Energies (kJ/mol)
           Bond            U-B    Proper Dih.  Improper Dih.      CMAP Dih.
    2.22431e+03    5.88358e+03    6.59483e+03    3.75621e+02   -2.25965e+02
          LJ-14     Coulomb-14        LJ (SR)   Coulomb (SR)   Coul. recip.
    2.13319e+03    1.79156e+04    6.94220e+04   -5.55607e+05    1.65308e+03
 Position Rest.      Potential    Kinetic En.   Total Energy  Conserved En.
    6.14260e+02   -4.49016e+05    8.46850e+04   -3.64332e+05   -3.65513e+05
    Temperature Pressure (bar)   Constr. rmsd
    2.98137e+02    2.26195e+02    3.14289e-06


DD  step 31999  vol min/aver 0.929  load imb.: force  1.6%
           Step           Time
          32000       64.00000

   Energies (kJ/mol)
           Bond            U-B    Proper Dih.  Improper Dih.      CMAP Dih.
    2.12699e+03    6.06147e+03    6.51464e+03    3.44215e+02   -2.17434e+02
          LJ-14     Coulomb-14        LJ (SR)   Coulomb (SR)   Coul. recip.
    2.09333e+03    1.74963e+04    6.91293e+04   -5.55013e+05    1.52499e+03
 Position Rest.      Potential    Kinetic En.   Total Energy  Conserved En.
    5.81238e+02   -4.49358e+05    8.47976e+04   -3.64560e+05   -3.65502e+05
    Temperature Pressure (bar)   Constr. rmsd
    2.98534e+02    1.38049e+02    2.93405e-06

           Step           Time
          32500       65.00000

   Energies (kJ/mol)
           Bond            U-B    Proper Dih.  Improper Dih.      CMAP Dih.
    2.23527e+03    5.76915e+03    6.57990e+03    3.56187e+02   -1.84225e+02
          LJ-14     Coulomb-14        LJ (SR)   Coulomb (SR)   Coul. recip.
    2.11632e+03    1.78218e+04    6.87168e+04   -5.56140e+05    1.63570e+03
 Position Rest.      Potential    Kinetic En.   Total Energy  Conserved En.
    6.15200e+02   -4.50478e+05    8.55950e+04   -3.64883e+05   -3.65493e+05
    Temperature Pressure (bar)   Constr. rmsd
    3.01341e+02   -1.92634e+02    3.00901e-06

Writing checkpoint, step 32640 at Thu May 16 19:37:05 2019


           Step           Time
          33000       66.00000

   Energies (kJ/mol)
           Bond            U-B    Proper Dih.  Improper Dih.      CMAP Dih.
    2.15888e+03    5.92710e+03    6.61495e+03    3.70486e+02   -2.14664e+02
          LJ-14     Coulomb-14        LJ (SR)   Coulomb (SR)   Coul. recip.
    2.01471e+03    1.77956e+04    6.92249e+04   -5.56643e+05    1.59418e+03
 Position Rest.      Potential    Kinetic En.   Total Energy  Conserved En.
    6.18968e+02   -4.50538e+05    8.56486e+04   -3.64889e+05   -3.65476e+05
    Temperature Pressure (bar)   Constr. rmsd
    3.01530e+02   -1.20725e+02    3.25153e-06

           Step           Time
          33500       67.00000

   Energies (kJ/mol)
           Bond            U-B    Proper Dih.  Improper Dih.      CMAP Dih.
    2.31968e+03    5.96606e+03    6.53022e+03    4.38616e+02   -1.95391e+02
          LJ-14     Coulomb-14        LJ (SR)   Coulomb (SR)   Coul. recip.
    2.10469e+03    1.75938e+04    6.94125e+04   -5.56134e+05    1.55642e+03
 Position Rest.      Potential    Kinetic En.   Total Energy  Conserved En.
    5.91664e+02   -4.49816e+05    8.52144e+04   -3.64601e+05   -3.65457e+05
    Temperature Pressure (bar)   Constr. rmsd
    3.00001e+02    1.14108e+02    3.03242e-06


DD  step 33999  vol min/aver 0.922  load imb.: force  1.2%
           Step           Time
          34000       68.00000

   Energies (kJ/mol)
           Bond            U-B    Proper Dih.  Improper Dih.      CMAP Dih.
    2.12054e+03    5.78024e+03    6.57040e+03    4.40100e+02   -1.74449e+02
          LJ-14     Coulomb-14        LJ (SR)   Coulomb (SR)   Coul. recip.
    2.06858e+03    1.75915e+04    6.97167e+04   -5.56968e+05    1.59713e+03
 Position Rest.      Potential    Kinetic En.   Total Energy  Conserved En.
    6.32332e+02   -4.50625e+05    8.47777e+04   -3.65847e+05   -3.65475e+05
    Temperature Pressure (bar)   Constr. rmsd
    2.98464e+02    1.77550e+02    3.27688e-06

           Step           Time
          34500       69.00000

   Energies (kJ/mol)
           Bond            U-B    Proper Dih.  Improper Dih.      CMAP Dih.
    2.10175e+03    6.15861e+03    6.56659e+03    3.44644e+02   -2.35243e+02
          LJ-14     Coulomb-14        LJ (SR)   Coulomb (SR)   Coul. recip.
    2.09350e+03    1.76766e+04    6.92247e+04   -5.56535e+05    1.60442e+03
 Position Rest.      Potential    Kinetic En.   Total Energy  Conserved En.
    6.01612e+02   -4.50397e+05    8.47330e+04   -3.65664e+05   -3.65435e+05
    Temperature Pressure (bar)   Constr. rmsd
    2.98306e+02    1.50952e+02    3.07163e-06

           Step           Time
          35000       70.00000

   Energies (kJ/mol)
           Bond            U-B    Proper Dih.  Improper Dih.      CMAP Dih.
    2.15952e+03    6.09501e+03    6.57462e+03    4.51815e+02   -1.94826e+02
          LJ-14     Coulomb-14        LJ (SR)   Coulomb (SR)   Coul. recip.
    1.99138e+03    1.77972e+04    6.99866e+04   -5.56854e+05    1.59746e+03
 Position Rest.      Potential    Kinetic En.   Total Energy  Conserved En.
    5.79699e+02   -4.49815e+05    8.44709e+04   -3.65344e+05   -3.65432e+05
    Temperature Pressure (bar)   Constr. rmsd
    2.97384e+02   -3.36308e+01    2.93277e-06

           Step           Time
          35500       71.00000

   Energies (kJ/mol)
           Bond            U-B    Proper Dih.  Improper Dih.      CMAP Dih.
    2.23146e+03    6.00267e+03    6.65467e+03    3.36303e+02   -1.86840e+02
          LJ-14     Coulomb-14        LJ (SR)   Coulomb (SR)   Coul. recip.
    2.07325e+03    1.77303e+04    6.83578e+04   -5.53692e+05    1.60877e+03
 Position Rest.      Potential    Kinetic En.   Total Energy  Conserved En.
    5.93971e+02   -4.48290e+05    8.42923e+04   -3.63998e+05   -3.65417e+05
    Temperature Pressure (bar)   Constr. rmsd
    2.96755e+02    1.50819e+02    3.00802e-06


DD  step 35999  vol min/aver 0.930  load imb.: force  2.3%
           Step           Time
          36000       72.00000

   Energies (kJ/mol)
           Bond            U-B    Proper Dih.  Improper Dih.      CMAP Dih.
    2.12559e+03    5.95613e+03    6.50165e+03    4.04930e+02   -1.45639e+02
          LJ-14     Coulomb-14        LJ (SR)   Coulomb (SR)   Coul. recip.
    2.08459e+03    1.78546e+04    6.97739e+04   -5.56498e+05    1.63525e+03
 Position Rest.      Potential    Kinetic En.   Total Energy  Conserved En.
    6.03545e+02   -4.49703e+05    8.54096e+04   -3.64294e+05   -3.65426e+05
    Temperature Pressure (bar)   Constr. rmsd
    3.00688e+02   -7.17575e+01    3.39644e-06

           Step           Time
          36500       73.00000

   Energies (kJ/mol)
           Bond            U-B    Proper Dih.  Improper Dih.      CMAP Dih.
    2.09370e+03    5.71857e+03    6.53614e+03    3.40659e+02   -2.20136e+02
          LJ-14     Coulomb-14        LJ (SR)   Coulomb (SR)   Coul. recip.
    2.11620e+03    1.78591e+04    6.87904e+04   -5.55893e+05    1.62564e+03
 Position Rest.      Potential    Kinetic En.   Total Energy  Conserved En.
    5.90998e+02   -4.50441e+05    8.50693e+04   -3.65372e+05   -3.65416e+05
    Temperature Pressure (bar)   Constr. rmsd
    2.99490e+02   -8.70206e+01    3.17077e-06

           Step           Time
          37000       74.00000

   Energies (kJ/mol)
           Bond            U-B    Proper Dih.  Improper Dih.      CMAP Dih.
    2.20199e+03    5.80513e+03    6.53729e+03    3.86920e+02   -2.13353e+02
          LJ-14     Coulomb-14        LJ (SR)   Coulomb (SR)   Coul. recip.
    2.10173e+03    1.76951e+04    6.92100e+04   -5.55638e+05    1.65064e+03
 Position Rest.      Potential    Kinetic En.   Total Energy  Conserved En.
    6.19216e+02   -4.49643e+05    8.59562e+04   -3.63687e+05   -3.65440e+05
    Temperature Pressure (bar)   Constr. rmsd
    3.02613e+02    5.01721e+01    3.30324e-06

           Step           Time
          37500       75.00000

   Energies (kJ/mol)
           Bond            U-B    Proper Dih.  Improper Dih.      CMAP Dih.
    2.10404e+03    5.93600e+03    6.61676e+03    3.86548e+02   -1.87372e+02
          LJ-14     Coulomb-14        LJ (SR)   Coulomb (SR)   Coul. recip.
    2.00439e+03    1.75328e+04    6.89022e+04   -5.55599e+05    1.60239e+03
 Position Rest.      Potential    Kinetic En.   Total Energy  Conserved En.
    5.88052e+02   -4.50113e+05    8.56900e+04   -3.64423e+05   -3.65408e+05
    Temperature Pressure (bar)   Constr. rmsd
    3.01675e+02   -1.37690e+02    3.20390e-06


DD  step 37999  vol min/aver 0.918  load imb.: force  1.2%
           Step           Time
          38000       76.00000

   Energies (kJ/mol)
           Bond            U-B    Proper Dih.  Improper Dih.      CMAP Dih.
    2.12889e+03    6.11550e+03    6.50875e+03    4.08946e+02   -1.85227e+02
          LJ-14     Coulomb-14        LJ (SR)   Coulomb (SR)   Coul. recip.
    1.97759e+03    1.75087e+04    7.02332e+04   -5.57108e+05    1.59845e+03
 Position Rest.      Potential    Kinetic En.   Total Energy  Conserved En.
    6.04212e+02   -4.50209e+05    8.53508e+04   -3.64858e+05   -3.65409e+05
    Temperature Pressure (bar)   Constr. rmsd
    3.00481e+02    2.96466e+02    3.07442e-06

           Step           Time
          38500       77.00000

   Energies (kJ/mol)
           Bond            U-B    Proper Dih.  Improper Dih.      CMAP Dih.
    2.16221e+03    6.25297e+03    6.57505e+03    3.47081e+02   -2.29016e+02
          LJ-14     Coulomb-14        LJ (SR)   Coulomb (SR)   Coul. recip.
    2.07291e+03    1.77803e+04    6.92900e+04   -5.54773e+05    1.59208e+03
 Position Rest.      Potential    Kinetic En.   Total Energy  Conserved En.
    6.45434e+02   -4.48284e+05    8.54967e+04   -3.62788e+05   -3.65376e+05
    Temperature Pressure (bar)   Constr. rmsd
    3.00995e+02   -2.15291e+01    3.20382e-06

           Step           Time
          39000       78.00000

   Energies (kJ/mol)
           Bond            U-B    Proper Dih.  Improper Dih.      CMAP Dih.
    2.08165e+03    5.91379e+03    6.57400e+03    3.76680e+02   -1.86141e+02
          LJ-14     Coulomb-14        LJ (SR)   Coulomb (SR)   Coul. recip.
    2.12003e+03    1.78753e+04    6.93939e+04   -5.56031e+05    1.56808e+03
 Position Rest.      Potential    Kinetic En.   Total Energy  Conserved En.
    5.69638e+02   -4.49744e+05    8.45270e+04   -3.65217e+05   -3.65384e+05
    Temperature Pressure (bar)   Constr. rmsd
    2.97581e+02    2.08197e+02    3.22688e-06

           Step           Time
          39500       79.00000

   Energies (kJ/mol)
           Bond            U-B    Proper Dih.  Improper Dih.      CMAP Dih.
    2.28603e+03    6.24792e+03    6.53513e+03    4.27103e+02   -2.25188e+02
          LJ-14     Coulomb-14        LJ (SR)   Coulomb (SR)   Coul. recip.
    2.06983e+03    1.76208e+04    6.86124e+04   -5.54102e+05    1.60789e+03
 Position Rest.      Potential    Kinetic En.   Total Energy  Conserved En.
    6.21058e+02   -4.48299e+05    8.62556e+04   -3.62043e+05   -3.65370e+05
    Temperature Pressure (bar)   Constr. rmsd
    3.03667e+02    5.88847e-01    3.26364e-06


DD  step 39999  vol min/aver 0.945  load imb.: force  1.8%
           Step           Time
          40000       80.00000

   Energies (kJ/mol)
           Bond            U-B    Proper Dih.  Improper Dih.      CMAP Dih.
    2.15288e+03    5.97385e+03    6.57561e+03    3.82882e+02   -2.53398e+02
          LJ-14     Coulomb-14        LJ (SR)   Coulomb (SR)   Coul. recip.
    2.12162e+03    1.76899e+04    6.87286e+04   -5.55272e+05    1.60140e+03
 Position Rest.      Potential    Kinetic En.   Total Energy  Conserved En.
    5.94575e+02   -4.49705e+05    8.57130e+04   -3.63992e+05   -3.65377e+05
    Temperature Pressure (bar)   Constr. rmsd
    3.01756e+02   -2.30468e+01    2.94684e-06

           Step           Time
          40500       81.00000

   Energies (kJ/mol)
           Bond            U-B    Proper Dih.  Improper Dih.      CMAP Dih.
    2.21205e+03    5.91043e+03    6.59739e+03    3.47224e+02   -1.82749e+02
          LJ-14     Coulomb-14        LJ (SR)   Coulomb (SR)   Coul. recip.
    2.07329e+03    1.76327e+04    7.00147e+04   -5.57454e+05    1.53008e+03
 Position Rest.      Potential    Kinetic En.   Total Energy  Conserved En.
    6.82653e+02   -4.50636e+05    8.45965e+04   -3.66039e+05   -3.65342e+05
    Temperature Pressure (bar)   Constr. rmsd
    2.97826e+02    2.87425e+01    3.15059e-06

Writing checkpoint, step 40720 at Thu May 16 19:51:57 2019


           Step           Time
          41000       82.00000

   Energies (kJ/mol)
           Bond            U-B    Proper Dih.  Improper Dih.      CMAP Dih.
    2.32513e+03    6.01398e+03    6.67100e+03    4.13668e+02   -2.14937e+02
          LJ-14     Coulomb-14        LJ (SR)   Coulomb (SR)   Coul. recip.
    2.00521e+03    1.76637e+04    6.86682e+04   -5.55293e+05    1.57485e+03
 Position Rest.      Potential    Kinetic En.   Total Energy  Conserved En.
    6.26706e+02   -4.49546e+05    8.59155e+04   -3.63630e+05   -3.65326e+05
    Temperature Pressure (bar)   Constr. rmsd
    3.02469e+02   -1.23755e+02    3.01126e-06

           Step           Time
          41500       83.00000

   Energies (kJ/mol)
           Bond            U-B    Proper Dih.  Improper Dih.      CMAP Dih.
    2.12077e+03    6.00025e+03    6.52781e+03    3.78487e+02   -2.06006e+02
          LJ-14     Coulomb-14        LJ (SR)   Coulomb (SR)   Coul. recip.
    2.03379e+03    1.77117e+04    6.95288e+04   -5.56155e+05    1.56132e+03
 Position Rest.      Potential    Kinetic En.   Total Energy  Conserved En.
    5.88613e+02   -4.49909e+05    8.46805e+04   -3.65229e+05   -3.65329e+05
    Temperature Pressure (bar)   Constr. rmsd
    2.98121e+02   -4.93248e+00    2.99554e-06


DD  step 41999  vol min/aver 0.927  load imb.: force  0.7%
           Step           Time
          42000       84.00000

   Energies (kJ/mol)
           Bond            U-B    Proper Dih.  Improper Dih.      CMAP Dih.
    2.22832e+03    6.03478e+03    6.62455e+03    3.72057e+02   -2.07058e+02
          LJ-14     Coulomb-14        LJ (SR)   Coulomb (SR)   Coul. recip.
    2.02393e+03    1.76983e+04    6.91209e+04   -5.55503e+05    1.64327e+03
 Position Rest.      Potential    Kinetic En.   Total Energy  Conserved En.
    5.75755e+02   -4.49388e+05    8.59363e+04   -3.63452e+05   -3.65334e+05
    Temperature Pressure (bar)   Constr. rmsd
    3.02542e+02    1.16723e+02    3.26921e-06

           Step           Time
          42500       85.00000

   Energies (kJ/mol)
           Bond            U-B    Proper Dih.  Improper Dih.      CMAP Dih.
    2.21917e+03    6.01669e+03    6.63767e+03    3.28353e+02   -2.25836e+02
          LJ-14     Coulomb-14        LJ (SR)   Coulomb (SR)   Coul. recip.
    2.08151e+03    1.76904e+04    6.98427e+04   -5.56522e+05    1.52226e+03
 Position Rest.      Potential    Kinetic En.   Total Energy  Conserved En.
    5.60409e+02   -4.49849e+05    8.54168e+04   -3.64432e+05   -3.65330e+05
    Temperature Pressure (bar)   Constr. rmsd
    3.00714e+02    9.02305e+01    3.07097e-06

           Step           Time
          43000       86.00000

   Energies (kJ/mol)
           Bond            U-B    Proper Dih.  Improper Dih.      CMAP Dih.
    2.23355e+03    6.02129e+03    6.56977e+03    3.84590e+02   -2.35931e+02
          LJ-14     Coulomb-14        LJ (SR)   Coulomb (SR)   Coul. recip.
    2.05157e+03    1.78966e+04    6.86549e+04   -5.54624e+05    1.55684e+03
 Position Rest.      Potential    Kinetic En.   Total Energy  Conserved En.
    5.48722e+02   -4.48942e+05    8.57244e+04   -3.63217e+05   -3.65317e+05
    Temperature Pressure (bar)   Constr. rmsd
    3.01797e+02    6.33716e+01    3.12764e-06

           Step           Time
          43500       87.00000

   Energies (kJ/mol)
           Bond            U-B    Proper Dih.  Improper Dih.      CMAP Dih.
    2.23312e+03    6.01637e+03    6.65838e+03    4.16354e+02   -2.54938e+02
          LJ-14     Coulomb-14        LJ (SR)   Coulomb (SR)   Coul. recip.
    2.11671e+03    1.75628e+04    6.85354e+04   -5.54518e+05    1.56680e+03
 Position Rest.      Potential    Kinetic En.   Total Energy  Conserved En.
    5.44026e+02   -4.49123e+05    8.51693e+04   -3.63954e+05   -3.65298e+05
    Temperature Pressure (bar)   Constr. rmsd
    2.99842e+02    7.16191e+01    3.04649e-06


DD  step 43999  vol min/aver 0.923  load imb.: force  1.4%
           Step           Time
          44000       88.00000

   Energies (kJ/mol)
           Bond            U-B    Proper Dih.  Improper Dih.      CMAP Dih.
    2.28885e+03    6.04903e+03    6.57396e+03    3.39791e+02   -2.10008e+02
          LJ-14     Coulomb-14        LJ (SR)   Coulomb (SR)   Coul. recip.
    2.15801e+03    1.76210e+04    6.87621e+04   -5.54785e+05    1.61480e+03
 Position Rest.      Potential    Kinetic En.   Total Energy  Conserved En.
    5.46289e+02   -4.49041e+05    8.56535e+04   -3.63387e+05   -3.65305e+05
    Temperature Pressure (bar)   Constr. rmsd
    3.01547e+02    1.41443e+02    3.29645e-06

           Step           Time
          44500       89.00000

   Energies (kJ/mol)
           Bond            U-B    Proper Dih.  Improper Dih.      CMAP Dih.
    2.08856e+03    6.05532e+03    6.59821e+03    4.15405e+02   -2.20727e+02
          LJ-14     Coulomb-14        LJ (SR)   Coulomb (SR)   Coul. recip.
    2.13503e+03    1.76869e+04    6.89841e+04   -5.54371e+05    1.58789e+03
 Position Rest.      Potential    Kinetic En.   Total Energy  Conserved En.
    6.10720e+02   -4.48430e+05    8.52170e+04   -3.63213e+05   -3.65314e+05
    Temperature Pressure (bar)   Constr. rmsd
    3.00010e+02    9.78615e+01    2.85858e-06

           Step           Time
          45000       90.00000

   Energies (kJ/mol)
           Bond            U-B    Proper Dih.  Improper Dih.      CMAP Dih.
    2.08797e+03    5.93552e+03    6.50755e+03    3.80636e+02   -2.26462e+02
          LJ-14     Coulomb-14        LJ (SR)   Coulomb (SR)   Coul. recip.
    2.09860e+03    1.77914e+04    6.79636e+04   -5.54317e+05    1.63855e+03
 Position Rest.      Potential    Kinetic En.   Total Energy  Conserved En.
    5.50374e+02   -4.49589e+05    8.55342e+04   -3.64055e+05   -3.65298e+05
    Temperature Pressure (bar)   Constr. rmsd
    3.01127e+02    9.99744e+00    2.95904e-06

           Step           Time
          45500       91.00000

   Energies (kJ/mol)
           Bond            U-B    Proper Dih.  Improper Dih.      CMAP Dih.
    2.04621e+03    6.12808e+03    6.54110e+03    3.80665e+02   -2.40632e+02
          LJ-14     Coulomb-14        LJ (SR)   Coulomb (SR)   Coul. recip.
    2.11851e+03    1.76684e+04    6.88250e+04   -5.55028e+05    1.55507e+03
 Position Rest.      Potential    Kinetic En.   Total Energy  Conserved En.
    6.09775e+02   -4.49396e+05    8.49639e+04   -3.64432e+05   -3.65266e+05
    Temperature Pressure (bar)   Constr. rmsd
    2.99119e+02   -1.22038e+00    2.70333e-06


DD  step 45999  vol min/aver 0.942  load imb.: force  0.6%
           Step           Time
          46000       92.00000

   Energies (kJ/mol)
           Bond            U-B    Proper Dih.  Improper Dih.      CMAP Dih.
    2.22883e+03    5.94348e+03    6.62311e+03    3.24796e+02   -1.92735e+02
          LJ-14     Coulomb-14        LJ (SR)   Coulomb (SR)   Coul. recip.
    2.08311e+03    1.76195e+04    6.87133e+04   -5.55684e+05    1.60463e+03
 Position Rest.      Potential    Kinetic En.   Total Energy  Conserved En.
    5.97462e+02   -4.50138e+05    8.63492e+04   -3.63789e+05   -3.65280e+05
    Temperature Pressure (bar)   Constr. rmsd
    3.03996e+02   -3.68747e+01    3.10032e-06

           Step           Time
          46500       93.00000

   Energies (kJ/mol)
           Bond            U-B    Proper Dih.  Improper Dih.      CMAP Dih.
    2.10266e+03    6.02038e+03    6.50236e+03    4.13513e+02   -2.09033e+02
          LJ-14     Coulomb-14        LJ (SR)   Coulomb (SR)   Coul. recip.
    2.08233e+03    1.78866e+04    7.02657e+04   -5.56815e+05    1.62689e+03
 Position Rest.      Potential    Kinetic En.   Total Energy  Conserved En.
    5.86517e+02   -4.49537e+05    8.57183e+04   -3.63818e+05   -3.65288e+05
    Temperature Pressure (bar)   Constr. rmsd
    3.01775e+02    2.61071e+02    3.23362e-06

           Step           Time
          47000       94.00000

   Energies (kJ/mol)
           Bond            U-B    Proper Dih.  Improper Dih.      CMAP Dih.
    2.28859e+03    5.58319e+03    6.58836e+03    3.93669e+02   -1.71336e+02
          LJ-14     Coulomb-14        LJ (SR)   Coulomb (SR)   Coul. recip.
    2.00270e+03    1.77517e+04    6.84988e+04   -5.54968e+05    1.60878e+03
 Position Rest.      Potential    Kinetic En.   Total Energy  Conserved En.
    5.41105e+02   -4.49882e+05    8.45222e+04   -3.65360e+05   -3.65274e+05
    Temperature Pressure (bar)   Constr. rmsd
    2.97564e+02   -1.57180e+02    3.09160e-06

           Step           Time
          47500       95.00000

   Energies (kJ/mol)
           Bond            U-B    Proper Dih.  Improper Dih.      CMAP Dih.
    2.22110e+03    6.18862e+03    6.56082e+03    3.24965e+02   -2.02721e+02
          LJ-14     Coulomb-14        LJ (SR)   Coulomb (SR)   Coul. recip.
    2.05754e+03    1.77180e+04    6.99042e+04   -5.56124e+05    1.57949e+03
 Position Rest.      Potential    Kinetic En.   Total Energy  Conserved En.
    5.80598e+02   -4.49191e+05    8.52756e+04   -3.63916e+05   -3.65249e+05
    Temperature Pressure (bar)   Constr. rmsd
    3.00217e+02    9.24398e+01    3.23027e-06


DD  step 47999  vol min/aver 0.933  load imb.: force  1.1%
           Step           Time
          48000       96.00000

   Energies (kJ/mol)
           Bond            U-B    Proper Dih.  Improper Dih.      CMAP Dih.
    2.21417e+03    6.14082e+03    6.63318e+03    4.00252e+02   -2.33740e+02
          LJ-14     Coulomb-14        LJ (SR)   Coulomb (SR)   Coul. recip.
    2.00338e+03    1.75029e+04    6.97420e+04   -5.56341e+05    1.63110e+03
 Position Rest.      Potential    Kinetic En.   Total Energy  Conserved En.
    5.56615e+02   -4.49750e+05    8.49910e+04   -3.64759e+05   -3.65208e+05
    Temperature Pressure (bar)   Constr. rmsd
    2.99215e+02   -8.76938e+01    2.85725e-06

           Step           Time
          48500       97.00000

   Energies (kJ/mol)
           Bond            U-B    Proper Dih.  Improper Dih.      CMAP Dih.
    2.16385e+03    6.17729e+03    6.63139e+03    3.68001e+02   -2.71902e+02
          LJ-14     Coulomb-14        LJ (SR)   Coulomb (SR)   Coul. recip.
    2.02832e+03    1.75348e+04    7.00703e+04   -5.55354e+05    1.64182e+03
 Position Rest.      Potential    Kinetic En.   Total Energy  Conserved En.
    6.16036e+02   -4.48394e+05    8.50114e+04   -3.63382e+05   -3.65227e+05
    Temperature Pressure (bar)   Constr. rmsd
    2.99286e+02    2.14101e+02    2.87029e-06

Writing checkpoint, step 48880 at Thu May 16 20:06:59 2019


           Step           Time
          49000       98.00000

   Energies (kJ/mol)
           Bond            U-B    Proper Dih.  Improper Dih.      CMAP Dih.
    2.16203e+03    5.93425e+03    6.59744e+03    3.44939e+02   -2.39244e+02
          LJ-14     Coulomb-14        LJ (SR)   Coulomb (SR)   Coul. recip.
    2.08462e+03    1.76783e+04    6.89002e+04   -5.55549e+05    1.64343e+03
 Position Rest.      Potential    Kinetic En.   Total Energy  Conserved En.
    5.95284e+02   -4.49848e+05    8.40515e+04   -3.65796e+05   -3.65217e+05
    Temperature Pressure (bar)   Constr. rmsd
    2.95907e+02   -2.22691e+02    3.04910e-06

           Step           Time
          49500       99.00000

   Energies (kJ/mol)
           Bond            U-B    Proper Dih.  Improper Dih.      CMAP Dih.
    2.17954e+03    6.01139e+03    6.58233e+03    3.53765e+02   -1.74808e+02
          LJ-14     Coulomb-14        LJ (SR)   Coulomb (SR)   Coul. recip.
    2.12681e+03    1.76243e+04    6.83588e+04   -5.54399e+05    1.64040e+03
 Position Rest.      Potential    Kinetic En.   Total Energy  Conserved En.
    5.31955e+02   -4.49164e+05    8.50170e+04   -3.64147e+05   -3.65203e+05
    Temperature Pressure (bar)   Constr. rmsd
    2.99306e+02   -3.08258e+01    2.85165e-06


step 49600 Turning off dynamic load balancing, because it is degrading performance.
Atom distribution over 8 domains: av 4188 stddev 66 min 4104 max 4269

DD  step 49999 load imb.: force  4.4%
           Step           Time
          50000      100.00000

Writing checkpoint, step 50000 at Thu May 16 20:09:18 2019


   Energies (kJ/mol)
           Bond            U-B    Proper Dih.  Improper Dih.      CMAP Dih.
    2.21892e+03    6.01202e+03    6.64207e+03    3.51146e+02   -2.22120e+02
          LJ-14     Coulomb-14        LJ (SR)   Coulomb (SR)   Coul. recip.
    2.13410e+03    1.76114e+04    6.90937e+04   -5.55599e+05    1.59307e+03
 Position Rest.      Potential    Kinetic En.   Total Energy  Conserved En.
    5.50926e+02   -4.49614e+05    8.53243e+04   -3.64290e+05   -3.65214e+05
    Temperature Pressure (bar)   Constr. rmsd
    3.00388e+02    1.74874e+02    3.56492e-06

	<======  ###############  ==>
	<====  A V E R A G E S  ====>
	<==  ###############  ======>

	Statistics over 50001 steps using 501 frames

   Energies (kJ/mol)
           Bond            U-B    Proper Dih.  Improper Dih.      CMAP Dih.
    2.18279e+03    5.99871e+03    6.57581e+03    3.71694e+02   -2.07776e+02
          LJ-14     Coulomb-14        LJ (SR)   Coulomb (SR)   Coul. recip.
    2.06856e+03    1.76713e+04    6.88951e+04   -5.55119e+05    1.59381e+03
 Position Rest.      Potential    Kinetic En.   Total Energy  Conserved En.
    5.92137e+02   -4.49377e+05    8.52227e+04   -3.64154e+05   -3.65601e+05
    Temperature Pressure (bar)   Constr. rmsd
    3.00030e+02    3.76028e-01    0.00000e+00

          Box-X          Box-Y          Box-Z
    7.83375e+00    7.83375e+00    5.53929e+00

   Total Virial (kJ/mol)
    2.84403e+04    2.65551e+02   -4.29096e+01
    2.64707e+02    2.85544e+04    8.91542e+01
   -4.23580e+01    8.98431e+01    2.82171e+04

   Pressure (bar)
   -3.02703e+00   -2.75802e+01    4.26643e+00
   -2.74978e+01   -1.86192e+01   -9.00910e+00
    4.21250e+00   -9.07644e+00    2.27743e+01

  T-Protein_JZ4T-Water_and_ions
    3.00061e+02    3.00027e+02


	M E G A - F L O P S   A C C O U N T I N G

 NB=Group-cutoff nonbonded kernels    NxN=N-by-N cluster Verlet kernels
 RF=Reaction-Field  VdW=Van der Waals  QSTab=quadratic-spline table
 W3=SPC/TIP3p  W4=TIP4p (single or pairs)
 V&F=Potential and force  V=Potential only  F=Force only

 Computing:                               M-Number         M-Flops  % Flops
-----------------------------------------------------------------------------
 Pair Search distance check           10527.881844       94750.937     0.1
 NxN QSTab Elec. + LJ [F]            779380.952768    41307190.497    60.7
 NxN QSTab Elec. + LJ [V&F]            7888.546472      638972.264     0.9
 NxN LJ [F]                               1.385936          62.367     0.0
 NxN LJ [V&F]                             0.009264           0.602     0.0
 NxN QSTab Elec. [F]                 656758.250176    22329780.506    32.8
 NxN QSTab Elec. [V&F]                 6647.056648      272529.323     0.4
 1,4 nonbonded interactions             344.706894       31023.620     0.0
 Calc Weights                          5026.000518      180936.019     0.3
 Spread Q Bspline                    107221.344384      214442.689     0.3
 Gather F Bspline                    107221.344384      643328.066     0.9
 3D-FFT                              240463.009164     1923704.073     2.8
 Solve PME                              270.405408       17305.946     0.0
 Reset In Box                            20.907744          62.723     0.0
 CG-CoM                                  20.974756          62.924     0.0
 Bonds                                   66.551331        3926.529     0.0
 Propers                                333.606672       76395.928     0.1
 Impropers                               21.450429        4461.689     0.0
 Pos. Restr.                             66.151323        3307.566     0.0
 Virial                                  84.698866        1524.580     0.0
 Stop-CM                                 16.786506         167.865     0.0
 P-Coupling                              83.798506         502.791     0.0
 Calc-Ekin                              167.597012        4525.119     0.0
 Lincs                                   72.498964        4349.938     0.0
 Lincs-Mat                              401.516460        1606.066     0.0
 Constraint-V                          1818.267638       14546.141     0.0
 Constraint-Vir                          87.321526        2095.717     0.0
 Settle                                 557.756570      180155.372     0.3
 CMAP                                     8.050161       13685.274     0.0
 Urey-Bradley                           239.404788       43811.076     0.1
-----------------------------------------------------------------------------
 Total                                                68009214.207   100.0
-----------------------------------------------------------------------------


    D O M A I N   D E C O M P O S I T I O N   S T A T I S T I C S

 av. #atoms communicated per step for force:  2 x 53456.4
 av. #atoms communicated per step for LINCS:  2 x 2837.7


Dynamic load balancing report:
 DLB was off during the run due to low measured imbalance.
 Average load imbalance: 1.3%.
 The balanceable part of the MD step is 92%, load imbalance is computed from this.
 Part of the total run time spent waiting due to load imbalance: 1.2%.


     R E A L   C Y C L E   A N D   T I M E   A C C O U N T I N G

On 8 MPI ranks

 Computing:          Num   Num      Call    Wall time         Giga-Cycles
                     Ranks Threads  Count      (s)         total sum    %
-----------------------------------------------------------------------------
 Domain decomp.         8    1        625       2.430         44.606   0.0
 DD comm. load          8    1        620       0.021          0.384   0.0
 DD comm. bounds        8    1        617       0.053          0.975   0.0
 Neighbor search        8    1        626      14.090        258.666   0.3
 Comm. coord.           8    1      49375       6.603        121.223   0.1
 Force                  8    1      50001    5127.368      94129.552  92.5
 Wait + Comm. F         8    1      50001       6.645        121.996   0.1
 PME mesh               8    1      50001     352.442       6470.227   6.4
 NB X/F buffer ops.     8    1     148751       5.075         93.165   0.1
 Write traj.            8    1        107       0.105          1.933   0.0
 Update                 8    1      50001       3.834         70.382   0.1
 Constraints            8    1      50001      23.484        431.126   0.4
 Comm. energies         8    1       2501       0.464          8.509   0.0
 Rest                                           0.798         14.648   0.0
-----------------------------------------------------------------------------
 Total                                       5543.411     101767.392 100.0
-----------------------------------------------------------------------------
 Breakdown of PME mesh computation
-----------------------------------------------------------------------------
 PME redist. X/F        8    1     100002     189.173       3472.883   3.4
 PME spread             8    1      50001      52.133        957.063   0.9
 PME gather             8    1      50001      44.617        819.094   0.8
 PME 3D-FFT             8    1     100002      41.736        766.201   0.8
 PME 3D-FFT Comm.       8    1     200004      16.851        309.351   0.3
 PME solve Elec         8    1      50001       7.872        144.525   0.1
-----------------------------------------------------------------------------

               Core t (s)   Wall t (s)        (%)
       Time:    44347.253     5543.411      800.0
                         1h32:23
                 (ns/day)    (hour/ns)
Performance:        1.559       15.398
Finished mdrun on rank 0 Thu May 16 20:09:18 2019

