                      :-) GROMACS - gmx mdrun, 2019.1 (-:

                            GROMACS is written by:
     Emile Apol      Rossen Apostolov      Paul Bauer     Herman J.C. Berendsen
    Par Bjelkmar      Christian Blau   Viacheslav Bolnykh     Kevin Boyd    
 Aldert van Buuren   Rudi van Drunen     Anton Feenstra       Alan Gray     
  Gerrit Groenhof     Anca Hamuraru    Vincent Hindriksen  M. Eric Irrgang  
  Aleksei Iupinov   Christoph Junghans     Joe Jordan     Dimitrios Karkoulis
    Peter Kasson        Jiri Kraus      Carsten Kutzner      Per Larsson    
  Justin A. Lemkul    Viveca Lindahl    Magnus Lundborg     Erik Marklund   
    Pascal Merz     Pieter Meulenhoff    Teemu Murtola       Szilard Pall   
    Sander Pronk      Roland Schulz      Michael Shirts    Alexey Shvetsov  
   Alfons Sijbers     Peter Tieleman      Jon Vincent      Teemu Virolainen 
 Christian Wennberg    Maarten Wolf   
                           and the project leaders:
        Mark Abraham, Berk Hess, Erik Lindahl, and David van der Spoel

Copyright (c) 1991-2000, University of Groningen, The Netherlands.
Copyright (c) 2001-2018, The GROMACS development team at
Uppsala University, Stockholm University and
the Royal Institute of Technology, Sweden.
check out http://www.gromacs.org for more information.

GROMACS is free software; you can redistribute it and/or modify it
under the terms of the GNU Lesser General Public License
as published by the Free Software Foundation; either version 2.1
of the License, or (at your option) any later version.

GROMACS:      gmx mdrun, version 2019.1
Executable:   /usr/local/bin/gmx
Data prefix:  /usr/local
Working dir:  /Volumes/GoogleDrive/My Drive/research/CHE199/ligand/pdb
Process ID:   83181
Command line:
  gmx mdrun -deffnm nvt

GROMACS version:    2019.1
Precision:          single
Memory model:       64 bit
MPI library:        thread_mpi
OpenMP support:     disabled
GPU support:        disabled
SIMD instructions:  NONE
FFT library:        fftw-3.3.8
RDTSCP usage:       disabled
TNG support:        enabled
Hwloc support:      disabled
Tracing support:    disabled
C compiler:         /usr/bin/cc AppleClang 10.0.1.10010046
C compiler flags:       -Wno-unknown-pragmas    
C++ compiler:       /usr/bin/c++ AppleClang 10.0.1.10010046
C++ compiler flags:     -std=c++11  -Wno-unknown-pragmas  -O3 -DNDEBUG  


Running on 1 node with total 8 cores, 8 logical cores
Hardware detected:
  CPU info:
    Vendor: Intel
    Brand:  Intel(R) Core(TM) i7-4850HQ CPU @ 2.30GHz
    Family: 6   Model: 70   Stepping: 1
    Features: aes apic avx avx2 clfsh cmov cx8 cx16 f16c fma htt intel lahf mmx msr nonstop_tsc pcid pclmuldq pdcm pdpe1gb popcnt pse rdrnd rdtscp sse2 sse3 sse4.1 sse4.2 ssse3 tdt x2apic
  Hardware topology: Only logical processor count

Highest SIMD level requested by all nodes in run: AVX2_256
SIMD instructions selected at compile time:       None
This program was compiled for different hardware than you are running on,
which could influence performance.
The current CPU can measure timings more accurately than the code in
gmx mdrun was configured to use. This might affect your simulation
speed as accurate timings are needed for load-balancing.
Please consider rebuilding gmx mdrun with the GMX_USE_RDTSCP=ON CMake option.

++++ PLEASE READ AND CITE THE FOLLOWING REFERENCE ++++
M. J. Abraham, T. Murtola, R. Schulz, S. Páll, J. C. Smith, B. Hess, E.
Lindahl
GROMACS: High performance molecular simulations through multi-level
parallelism from laptops to supercomputers
SoftwareX 1 (2015) pp. 19-25
-------- -------- --- Thank You --- -------- --------


++++ PLEASE READ AND CITE THE FOLLOWING REFERENCE ++++
S. Páll, M. J. Abraham, C. Kutzner, B. Hess, E. Lindahl
Tackling Exascale Software Challenges in Molecular Dynamics Simulations with
GROMACS
In S. Markidis & E. Laure (Eds.), Solving Software Challenges for Exascale 8759 (2015) pp. 3-27
-------- -------- --- Thank You --- -------- --------


++++ PLEASE READ AND CITE THE FOLLOWING REFERENCE ++++
S. Pronk, S. Páll, R. Schulz, P. Larsson, P. Bjelkmar, R. Apostolov, M. R.
Shirts, J. C. Smith, P. M. Kasson, D. van der Spoel, B. Hess, and E. Lindahl
GROMACS 4.5: a high-throughput and highly parallel open source molecular
simulation toolkit
Bioinformatics 29 (2013) pp. 845-54
-------- -------- --- Thank You --- -------- --------


++++ PLEASE READ AND CITE THE FOLLOWING REFERENCE ++++
B. Hess and C. Kutzner and D. van der Spoel and E. Lindahl
GROMACS 4: Algorithms for highly efficient, load-balanced, and scalable
molecular simulation
J. Chem. Theory Comput. 4 (2008) pp. 435-447
-------- -------- --- Thank You --- -------- --------


++++ PLEASE READ AND CITE THE FOLLOWING REFERENCE ++++
D. van der Spoel, E. Lindahl, B. Hess, G. Groenhof, A. E. Mark and H. J. C.
Berendsen
GROMACS: Fast, Flexible and Free
J. Comp. Chem. 26 (2005) pp. 1701-1719
-------- -------- --- Thank You --- -------- --------


++++ PLEASE READ AND CITE THE FOLLOWING REFERENCE ++++
E. Lindahl and B. Hess and D. van der Spoel
GROMACS 3.0: A package for molecular simulation and trajectory analysis
J. Mol. Mod. 7 (2001) pp. 306-317
-------- -------- --- Thank You --- -------- --------


++++ PLEASE READ AND CITE THE FOLLOWING REFERENCE ++++
H. J. C. Berendsen, D. van der Spoel and R. van Drunen
GROMACS: A message-passing parallel molecular dynamics implementation
Comp. Phys. Comm. 91 (1995) pp. 43-56
-------- -------- --- Thank You --- -------- --------


++++ PLEASE CITE THE DOI FOR THIS VERSION OF GROMACS ++++
https://doi.org/10.5281/zenodo.2564764
-------- -------- --- Thank You --- -------- --------

Input Parameters:
   integrator                     = md
   tinit                          = 0
   dt                             = 0.002
   nsteps                         = 50000
   init-step                      = 0
   simulation-part                = 1
   comm-mode                      = Linear
   nstcomm                        = 100
   bd-fric                        = 0
   ld-seed                        = 1543965176
   emtol                          = 10
   emstep                         = 0.01
   niter                          = 20
   fcstep                         = 0
   nstcgsteep                     = 1000
   nbfgscorr                      = 10
   rtpi                           = 0.05
   nstxout                        = 0
   nstvout                        = 0
   nstfout                        = 0
   nstlog                         = 500
   nstcalcenergy                  = 100
   nstenergy                      = 500
   nstxout-compressed             = 500
   compressed-x-precision         = 1000
   cutoff-scheme                  = Verlet
   nstlist                        = 20
   ns-type                        = Grid
   pbc                            = xyz
   periodic-molecules             = false
   verlet-buffer-tolerance        = 0.005
   rlist                          = 1.221
   coulombtype                    = PME
   coulomb-modifier               = Potential-shift
   rcoulomb-switch                = 0
   rcoulomb                       = 1.2
   epsilon-r                      = 1
   epsilon-rf                     = inf
   vdw-type                       = Cut-off
   vdw-modifier                   = Force-switch
   rvdw-switch                    = 1
   rvdw                           = 1.2
   DispCorr                       = No
   table-extension                = 1
   fourierspacing                 = 0.16
   fourier-nx                     = 52
   fourier-ny                     = 52
   fourier-nz                     = 52
   pme-order                      = 4
   ewald-rtol                     = 1e-05
   ewald-rtol-lj                  = 0.001
   lj-pme-comb-rule               = Geometric
   ewald-geometry                 = 0
   epsilon-surface                = 0
   tcoupl                         = V-rescale
   nsttcouple                     = 20
   nh-chain-length                = 0
   print-nose-hoover-chain-variables = false
   pcoupl                         = No
   pcoupltype                     = Isotropic
   nstpcouple                     = -1
   tau-p                          = 1
   compressibility (3x3):
      compressibility[    0]={ 0.00000e+00,  0.00000e+00,  0.00000e+00}
      compressibility[    1]={ 0.00000e+00,  0.00000e+00,  0.00000e+00}
      compressibility[    2]={ 0.00000e+00,  0.00000e+00,  0.00000e+00}
   ref-p (3x3):
      ref-p[    0]={ 0.00000e+00,  0.00000e+00,  0.00000e+00}
      ref-p[    1]={ 0.00000e+00,  0.00000e+00,  0.00000e+00}
      ref-p[    2]={ 0.00000e+00,  0.00000e+00,  0.00000e+00}
   refcoord-scaling               = No
   posres-com (3):
      posres-com[0]= 0.00000e+00
      posres-com[1]= 0.00000e+00
      posres-com[2]= 0.00000e+00
   posres-comB (3):
      posres-comB[0]= 0.00000e+00
      posres-comB[1]= 0.00000e+00
      posres-comB[2]= 0.00000e+00
   QMMM                           = false
   QMconstraints                  = 0
   QMMMscheme                     = 0
   MMChargeScaleFactor            = 1
qm-opts:
   ngQM                           = 0
   constraint-algorithm           = Lincs
   continuation                   = false
   Shake-SOR                      = false
   shake-tol                      = 0.0001
   lincs-order                    = 4
   lincs-iter                     = 1
   lincs-warnangle                = 30
   nwall                          = 0
   wall-type                      = 9-3
   wall-r-linpot                  = -1
   wall-atomtype[0]               = -1
   wall-atomtype[1]               = -1
   wall-density[0]                = 0
   wall-density[1]                = 0
   wall-ewald-zfac                = 3
   pull                           = false
   awh                            = false
   rotation                       = false
   interactiveMD                  = false
   disre                          = No
   disre-weighting                = Conservative
   disre-mixed                    = false
   dr-fc                          = 1000
   dr-tau                         = 0
   nstdisreout                    = 100
   orire-fc                       = 0
   orire-tau                      = 0
   nstorireout                    = 100
   free-energy                    = no
   cos-acceleration               = 0
   deform (3x3):
      deform[    0]={ 0.00000e+00,  0.00000e+00,  0.00000e+00}
      deform[    1]={ 0.00000e+00,  0.00000e+00,  0.00000e+00}
      deform[    2]={ 0.00000e+00,  0.00000e+00,  0.00000e+00}
   simulated-tempering            = false
   swapcoords                     = no
   userint1                       = 0
   userint2                       = 0
   userint3                       = 0
   userint4                       = 0
   userreal1                      = 0
   userreal2                      = 0
   userreal3                      = 0
   userreal4                      = 0
   applied-forces:
     electric-field:
       x:
         E0                       = 0
         omega                    = 0
         t0                       = 0
         sigma                    = 0
       y:
         E0                       = 0
         omega                    = 0
         t0                       = 0
         sigma                    = 0
       z:
         E0                       = 0
         omega                    = 0
         t0                       = 0
         sigma                    = 0
grpopts:
   nrdf:     6582.71     61743.3
   ref-t:         300         300
   tau-t:         0.1         0.1
annealing:          No          No
annealing-npoints:           0           0
   acc:	           0           0           0
   nfreeze:           N           N           N
   energygrp-flags[  0]: 0

Changing nstlist from 20 to 80, rlist from 1.221 to 1.322


Initializing Domain Decomposition on 8 ranks
Dynamic load balancing: locked
Minimum cell size due to atom displacement: 0.637 nm
Initial maximum distances in bonded interactions:
    two-body bonded interactions: 0.423 nm, LJ-14, atoms 1677 1685
  multi-body bonded interactions: 0.479 nm, CMAP Dih., atoms 18 34
Minimum cell size due to bonded interactions: 0.527 nm
Maximum distance for 5 constraints, at 120 deg. angles, all-trans: 0.222 nm
Estimated maximum distance required for P-LINCS: 0.222 nm
Using 0 separate PME ranks, as there are too few total
 ranks for efficient splitting
Scaling the initial minimum size with 1/0.8 (option -dds) = 1.25
Optimizing the DD grid for 8 cells with a minimum initial size of 0.796 nm
The maximum allowed number of cells is: X 8 Y 8 Z 6
Domain decomposition grid 4 x 2 x 1, separate PME ranks 0
PME domain decomposition: 4 x 2 x 1
Domain decomposition rank 0, coordinates 0 0 0

The initial number of communication pulses is: X 1 Y 1
The initial domain decomposition cell size is: X 1.60 nm Y 3.20 nm

The maximum allowed distance for atoms involved in interactions is:
                 non-bonded interactions           1.322 nm
            two-body bonded interactions  (-rdd)   1.322 nm
          multi-body bonded interactions  (-rdd)   1.322 nm
  atoms separated by up to 5 constraints  (-rcon)  1.602 nm

When dynamic load balancing gets turned on, these settings will change to:
The maximum number of communication pulses is: X 2 Y 1
The minimum size for domain decomposition cells is 1.041 nm
The requested allowed shrink of DD cells (option -dds) is: 0.80
The allowed shrink of domain decomposition cells is: X 0.65 Y 0.41
The maximum allowed distance for atoms involved in interactions is:
                 non-bonded interactions           1.322 nm
            two-body bonded interactions  (-rdd)   1.322 nm
          multi-body bonded interactions  (-rdd)   1.041 nm
  atoms separated by up to 5 constraints  (-rcon)  1.041 nm

Using 8 MPI threads
System total charge: 0.000
Will do PME sum in reciprocal space for electrostatic interactions.

++++ PLEASE READ AND CITE THE FOLLOWING REFERENCE ++++
U. Essmann, L. Perera, M. L. Berkowitz, T. Darden, H. Lee and L. G. Pedersen 
A smooth particle mesh Ewald method
J. Chem. Phys. 103 (1995) pp. 8577-8592
-------- -------- --- Thank You --- -------- --------

Using a Gaussian width (1/beta) of 0.384195 nm for Ewald
Potential shift: LJ r^-12: -2.648e-01 r^-6: -5.349e-01, Ewald -8.333e-06
Initialized non-bonded Ewald correction tables, spacing: 1.02e-03 size: 1176

Generated table with 1161 data points for 1-4 COUL.
Tabscale = 500 points/nm
Generated table with 1161 data points for 1-4 LJ6.
Tabscale = 500 points/nm
Generated table with 1161 data points for 1-4 LJ12.
Tabscale = 500 points/nm

Using plain C 4x4 nonbonded short-range kernels

WARNING: Using the slow plain C kernels. This should
not happen during routine usage on supported platforms.

Using a dual 4x4 pair-list setup updated with dynamic pruning:
  outer list: updated every 80 steps, buffer 0.122 nm, rlist 1.322 nm
  inner list: updated every 14 steps, buffer 0.003 nm, rlist 1.203 nm
At tolerance 0.005 kJ/mol/ps per atom, equivalent classical 1x1 list would be:
  outer list: updated every 80 steps, buffer 0.272 nm, rlist 1.472 nm
  inner list: updated every 14 steps, buffer 0.056 nm, rlist 1.256 nm

Removing pbc first time

Initializing Parallel LINear Constraint Solver

++++ PLEASE READ AND CITE THE FOLLOWING REFERENCE ++++
B. Hess
P-LINCS: A Parallel Linear Constraint Solver for molecular simulation
J. Chem. Theory Comput. 4 (2008) pp. 116-122
-------- -------- --- Thank You --- -------- --------

The number of constraints is 1325
There are constraints between atoms in different decomposition domains,
will communicate selected coordinates each lincs iteration

++++ PLEASE READ AND CITE THE FOLLOWING REFERENCE ++++
S. Miyamoto and P. A. Kollman
SETTLE: An Analytical Version of the SHAKE and RATTLE Algorithms for Rigid
Water Models
J. Comp. Chem. 13 (1992) pp. 952-962
-------- -------- --- Thank You --- -------- --------


Linking all bonded interactions to atoms


Intra-simulation communication will occur every 20 steps.
Center of mass motion removal mode is Linear
We have the following groups for center of mass motion removal:
  0:  rest

++++ PLEASE READ AND CITE THE FOLLOWING REFERENCE ++++
G. Bussi, D. Donadio and M. Parrinello
Canonical sampling through velocity rescaling
J. Chem. Phys. 126 (2007) pp. 014101
-------- -------- --- Thank You --- -------- --------

There are: 33506 Atoms
Atom distribution over 8 domains: av 4188 stddev 61 min 4116 max 4238

Constraining the starting coordinates (step 0)

Constraining the coordinates at t0-dt (step 0)
RMS relative constraint deviation after constraining: 2.67e-06
Initial temperature: 301.299 K

Started mdrun on rank 0 Thu May 16 13:41:37 2019

           Step           Time
              0        0.00000

   Energies (kJ/mol)
           Bond            U-B    Proper Dih.  Improper Dih.      CMAP Dih.
    5.73575e+02    2.03225e+03    6.09236e+03    1.12312e+02   -3.13525e+02
          LJ-14     Coulomb-14        LJ (SR)   Coulomb (SR)   Coul. recip.
    2.10979e+03    1.80192e+04    6.46693e+04   -5.88156e+05    2.91286e+03
 Position Rest.      Potential    Kinetic En.   Total Energy  Conserved En.
    3.01876e-03   -4.91948e+05    8.56622e+04   -4.06286e+05   -4.06286e+05
    Temperature Pressure (bar)   Constr. rmsd
    3.01578e+02   -2.94913e+03    2.96927e-06


DD  step 79 load imb.: force  5.4%

step 160 Turning on dynamic load balancing, because the performance loss due to load imbalance is 4.4 %.
           Step           Time
            500        1.00000

   Energies (kJ/mol)
           Bond            U-B    Proper Dih.  Improper Dih.      CMAP Dih.
    1.94945e+03    5.53451e+03    6.71790e+03    3.68102e+02   -1.81311e+02
          LJ-14     Coulomb-14        LJ (SR)   Coulomb (SR)   Coul. recip.
    2.10663e+03    1.75747e+04    7.01387e+04   -5.54539e+05    1.65109e+03
 Position Rest.      Potential    Kinetic En.   Total Energy  Conserved En.
    8.79860e+02   -4.47799e+05    8.47726e+04   -3.63027e+05   -4.05470e+05
    Temperature Pressure (bar)   Constr. rmsd
    2.98446e+02   -1.69199e+02    2.98588e-06

           Step           Time
           1000        2.00000

   Energies (kJ/mol)
           Bond            U-B    Proper Dih.  Improper Dih.      CMAP Dih.
    2.03422e+03    5.94549e+03    6.71826e+03    3.75618e+02   -1.84160e+02
          LJ-14     Coulomb-14        LJ (SR)   Coulomb (SR)   Coul. recip.
    2.11097e+03    1.75417e+04    6.94161e+04   -5.53974e+05    1.72816e+03
 Position Rest.      Potential    Kinetic En.   Total Energy  Conserved En.
    7.98358e+02   -4.47490e+05    8.55052e+04   -3.61984e+05   -4.05408e+05
    Temperature Pressure (bar)   Constr. rmsd
    3.01025e+02    3.66872e+01    2.87579e-06

           Step           Time
           1500        3.00000

   Energies (kJ/mol)
           Bond            U-B    Proper Dih.  Improper Dih.      CMAP Dih.
    2.16657e+03    5.84340e+03    6.73354e+03    3.45729e+02   -2.21846e+02
          LJ-14     Coulomb-14        LJ (SR)   Coulomb (SR)   Coul. recip.
    2.06143e+03    1.76843e+04    6.84998e+04   -5.52679e+05    1.61641e+03
 Position Rest.      Potential    Kinetic En.   Total Energy  Conserved En.
    6.88737e+02   -4.47261e+05    8.54115e+04   -3.61850e+05   -4.05423e+05
    Temperature Pressure (bar)   Constr. rmsd
    3.00695e+02   -2.24656e+02    3.14247e-06


DD  step 1999  vol min/aver 0.926  load imb.: force  1.6%
           Step           Time
           2000        4.00000

   Energies (kJ/mol)
           Bond            U-B    Proper Dih.  Improper Dih.      CMAP Dih.
    2.12892e+03    5.90857e+03    6.62537e+03    3.74741e+02   -1.70771e+02
          LJ-14     Coulomb-14        LJ (SR)   Coulomb (SR)   Coul. recip.
    2.08227e+03    1.77331e+04    6.94392e+04   -5.55109e+05    1.66261e+03
 Position Rest.      Potential    Kinetic En.   Total Energy  Conserved En.
    6.37660e+02   -4.48688e+05    8.51628e+04   -3.63525e+05   -4.05394e+05
    Temperature Pressure (bar)   Constr. rmsd
    2.99819e+02   -2.62870e+02    2.89672e-06

           Step           Time
           2500        5.00000

   Energies (kJ/mol)
           Bond            U-B    Proper Dih.  Improper Dih.      CMAP Dih.
    2.12833e+03    6.01187e+03    6.62602e+03    3.89463e+02   -1.87228e+02
          LJ-14     Coulomb-14        LJ (SR)   Coulomb (SR)   Coul. recip.
    2.16802e+03    1.75712e+04    6.87479e+04   -5.52677e+05    1.63196e+03
 Position Rest.      Potential    Kinetic En.   Total Energy  Conserved En.
    6.26230e+02   -4.46963e+05    8.53794e+04   -3.61584e+05   -4.05389e+05
    Temperature Pressure (bar)   Constr. rmsd
    3.00582e+02    3.86219e+02    2.81721e-06

           Step           Time
           3000        6.00000

   Energies (kJ/mol)
           Bond            U-B    Proper Dih.  Improper Dih.      CMAP Dih.
    2.16266e+03    5.92427e+03    6.59725e+03    3.71808e+02   -1.83684e+02
          LJ-14     Coulomb-14        LJ (SR)   Coulomb (SR)   Coul. recip.
    2.05967e+03    1.77372e+04    6.86077e+04   -5.54583e+05    1.62368e+03
 Position Rest.      Potential    Kinetic En.   Total Energy  Conserved En.
    7.12575e+02   -4.48970e+05    8.56352e+04   -3.63335e+05   -4.05392e+05
    Temperature Pressure (bar)   Constr. rmsd
    3.01482e+02   -1.56270e+02    3.13028e-06

           Step           Time
           3500        7.00000

   Energies (kJ/mol)
           Bond            U-B    Proper Dih.  Improper Dih.      CMAP Dih.
    2.10871e+03    5.87336e+03    6.58401e+03    4.08887e+02   -2.29176e+02
          LJ-14     Coulomb-14        LJ (SR)   Coulomb (SR)   Coul. recip.
    2.17971e+03    1.76828e+04    6.90593e+04   -5.54009e+05    1.55587e+03
 Position Rest.      Potential    Kinetic En.   Total Energy  Conserved En.
    6.60868e+02   -4.48125e+05    8.45615e+04   -3.63563e+05   -4.05359e+05
    Temperature Pressure (bar)   Constr. rmsd
    2.97703e+02    2.30483e+02    2.89002e-06


DD  step 3999  vol min/aver 0.940  load imb.: force  2.6%
           Step           Time
           4000        8.00000

   Energies (kJ/mol)
           Bond            U-B    Proper Dih.  Improper Dih.      CMAP Dih.
    2.09416e+03    5.94809e+03    6.59445e+03    3.76005e+02   -2.06389e+02
          LJ-14     Coulomb-14        LJ (SR)   Coulomb (SR)   Coul. recip.
    2.08101e+03    1.75932e+04    6.80909e+04   -5.52834e+05    1.60601e+03
 Position Rest.      Potential    Kinetic En.   Total Energy  Conserved En.
    6.46923e+02   -4.48010e+05    8.53495e+04   -3.62660e+05   -4.05376e+05
    Temperature Pressure (bar)   Constr. rmsd
    3.00477e+02   -2.15500e+02    3.34227e-06

           Step           Time
           4500        9.00000

   Energies (kJ/mol)
           Bond            U-B    Proper Dih.  Improper Dih.      CMAP Dih.
    2.15512e+03    6.01024e+03    6.59206e+03    3.53770e+02   -1.87990e+02
          LJ-14     Coulomb-14        LJ (SR)   Coulomb (SR)   Coul. recip.
    2.04386e+03    1.77079e+04    6.89091e+04   -5.54914e+05    1.58727e+03
 Position Rest.      Potential    Kinetic En.   Total Energy  Conserved En.
    6.17848e+02   -4.49124e+05    8.57308e+04   -3.63394e+05   -4.05363e+05
    Temperature Pressure (bar)   Constr. rmsd
    3.01819e+02   -2.22538e+02    3.09771e-06

           Step           Time
           5000       10.00000

   Energies (kJ/mol)
           Bond            U-B    Proper Dih.  Improper Dih.      CMAP Dih.
    2.28968e+03    6.04013e+03    6.66373e+03    3.87373e+02   -2.29877e+02
          LJ-14     Coulomb-14        LJ (SR)   Coulomb (SR)   Coul. recip.
    2.08267e+03    1.74327e+04    6.92515e+04   -5.55455e+05    1.63430e+03
 Position Rest.      Potential    Kinetic En.   Total Energy  Conserved En.
    6.14192e+02   -4.49289e+05    8.59105e+04   -3.63378e+05   -4.05343e+05
    Temperature Pressure (bar)   Constr. rmsd
    3.02452e+02    1.34293e+02    3.14976e-06

           Step           Time
           5500       11.00000

   Energies (kJ/mol)
           Bond            U-B    Proper Dih.  Improper Dih.      CMAP Dih.
    2.07322e+03    5.97284e+03    6.46575e+03    3.50981e+02   -2.03864e+02
          LJ-14     Coulomb-14        LJ (SR)   Coulomb (SR)   Coul. recip.
    2.15709e+03    1.77531e+04    6.78552e+04   -5.52564e+05    1.62983e+03
 Position Rest.      Potential    Kinetic En.   Total Energy  Conserved En.
    6.64994e+02   -4.47845e+05    8.53175e+04   -3.62528e+05   -4.05341e+05
    Temperature Pressure (bar)   Constr. rmsd
    3.00364e+02    2.39999e+02    2.91031e-06


DD  step 5999  vol min/aver 0.934  load imb.: force  1.1%
           Step           Time
           6000       12.00000

   Energies (kJ/mol)
           Bond            U-B    Proper Dih.  Improper Dih.      CMAP Dih.
    2.06311e+03    5.93267e+03    6.52430e+03    3.51046e+02   -2.33847e+02
          LJ-14     Coulomb-14        LJ (SR)   Coulomb (SR)   Coul. recip.
    2.11777e+03    1.79978e+04    6.90541e+04   -5.54984e+05    1.60738e+03
 Position Rest.      Potential    Kinetic En.   Total Energy  Conserved En.
    6.64562e+02   -4.48905e+05    8.51534e+04   -3.63752e+05   -4.05337e+05
    Temperature Pressure (bar)   Constr. rmsd
    2.99786e+02    1.78004e+02    3.22162e-06

           Step           Time
           6500       13.00000

   Energies (kJ/mol)
           Bond            U-B    Proper Dih.  Improper Dih.      CMAP Dih.
    2.12235e+03    5.89053e+03    6.64086e+03    3.74823e+02   -1.66078e+02
          LJ-14     Coulomb-14        LJ (SR)   Coulomb (SR)   Coul. recip.
    2.09111e+03    1.77456e+04    6.95066e+04   -5.55090e+05    1.59981e+03
 Position Rest.      Potential    Kinetic En.   Total Energy  Conserved En.
    6.20325e+02   -4.48664e+05    8.53520e+04   -3.63312e+05   -4.05346e+05
    Temperature Pressure (bar)   Constr. rmsd
    3.00486e+02   -2.48522e+01    2.90901e-06

           Step           Time
           7000       14.00000

   Energies (kJ/mol)
           Bond            U-B    Proper Dih.  Improper Dih.      CMAP Dih.
    2.14351e+03    6.10432e+03    6.70792e+03    3.58553e+02   -1.99854e+02
          LJ-14     Coulomb-14        LJ (SR)   Coulomb (SR)   Coul. recip.
    2.06877e+03    1.78905e+04    6.94256e+04   -5.54122e+05    1.66301e+03
 Position Rest.      Potential    Kinetic En.   Total Energy  Conserved En.
    6.46644e+02   -4.47313e+05    8.54835e+04   -3.61829e+05   -4.05305e+05
    Temperature Pressure (bar)   Constr. rmsd
    3.00948e+02   -1.18561e+02    2.95785e-06

           Step           Time
           7500       15.00000

   Energies (kJ/mol)
           Bond            U-B    Proper Dih.  Improper Dih.      CMAP Dih.
    2.06910e+03    5.84732e+03    6.60690e+03    3.98807e+02   -1.91157e+02
          LJ-14     Coulomb-14        LJ (SR)   Coulomb (SR)   Coul. recip.
    2.11816e+03    1.78502e+04    6.87184e+04   -5.53936e+05    1.56241e+03
 Position Rest.      Potential    Kinetic En.   Total Energy  Conserved En.
    6.31907e+02   -4.48324e+05    8.51031e+04   -3.63221e+05   -4.05310e+05
    Temperature Pressure (bar)   Constr. rmsd
    2.99609e+02    5.04457e+02    3.02714e-06


DD  step 7999  vol min/aver 0.930  load imb.: force  1.1%
           Step           Time
           8000       16.00000

Writing checkpoint, step 8000 at Thu May 16 13:56:48 2019


   Energies (kJ/mol)
           Bond            U-B    Proper Dih.  Improper Dih.      CMAP Dih.
    2.24398e+03    6.04963e+03    6.55109e+03    3.63363e+02   -2.18667e+02
          LJ-14     Coulomb-14        LJ (SR)   Coulomb (SR)   Coul. recip.
    2.12471e+03    1.74841e+04    6.92327e+04   -5.54723e+05    1.65183e+03
 Position Rest.      Potential    Kinetic En.   Total Energy  Conserved En.
    6.19625e+02   -4.48621e+05    8.52227e+04   -3.63398e+05   -4.05296e+05
    Temperature Pressure (bar)   Constr. rmsd
    3.00030e+02   -2.71015e+02    2.90005e-06

           Step           Time
           8500       17.00000

   Energies (kJ/mol)
           Bond            U-B    Proper Dih.  Improper Dih.      CMAP Dih.
    2.20374e+03    6.11564e+03    6.58068e+03    3.53407e+02   -2.12436e+02
          LJ-14     Coulomb-14        LJ (SR)   Coulomb (SR)   Coul. recip.
    2.13995e+03    1.76747e+04    7.03237e+04   -5.56795e+05    1.68283e+03
 Position Rest.      Potential    Kinetic En.   Total Energy  Conserved En.
    5.97875e+02   -4.49335e+05    8.51040e+04   -3.64231e+05   -4.05274e+05
    Temperature Pressure (bar)   Constr. rmsd
    2.99612e+02   -6.05410e+01    3.51063e-06

           Step           Time
           9000       18.00000

   Energies (kJ/mol)
           Bond            U-B    Proper Dih.  Improper Dih.      CMAP Dih.
    2.23131e+03    5.96789e+03    6.52560e+03    3.72580e+02   -2.25132e+02
          LJ-14     Coulomb-14        LJ (SR)   Coulomb (SR)   Coul. recip.
    2.06405e+03    1.75692e+04    7.00719e+04   -5.56773e+05    1.64851e+03
 Position Rest.      Potential    Kinetic En.   Total Energy  Conserved En.
    6.07828e+02   -4.49939e+05    8.50281e+04   -3.64911e+05   -4.05285e+05
    Temperature Pressure (bar)   Constr. rmsd
    2.99345e+02   -2.61272e+02    3.12754e-06

           Step           Time
           9500       19.00000

   Energies (kJ/mol)
           Bond            U-B    Proper Dih.  Improper Dih.      CMAP Dih.
    2.06626e+03    5.96435e+03    6.63883e+03    3.61123e+02   -1.95543e+02
          LJ-14     Coulomb-14        LJ (SR)   Coulomb (SR)   Coul. recip.
    2.13643e+03    1.77365e+04    6.89488e+04   -5.55229e+05    1.63864e+03
 Position Rest.      Potential    Kinetic En.   Total Energy  Conserved En.
    6.13283e+02   -4.49320e+05    8.54375e+04   -3.63883e+05   -4.05284e+05
    Temperature Pressure (bar)   Constr. rmsd
    3.00787e+02   -2.23485e+02    3.25028e-06


DD  step 9999  vol min/aver 0.909  load imb.: force  2.0%
           Step           Time
          10000       20.00000

   Energies (kJ/mol)
           Bond            U-B    Proper Dih.  Improper Dih.      CMAP Dih.
    2.16135e+03    5.99641e+03    6.54683e+03    3.77978e+02   -1.72747e+02
          LJ-14     Coulomb-14        LJ (SR)   Coulomb (SR)   Coul. recip.
    2.13688e+03    1.77422e+04    6.93448e+04   -5.56000e+05    1.58374e+03
 Position Rest.      Potential    Kinetic En.   Total Energy  Conserved En.
    5.70867e+02   -4.49712e+05    8.52879e+04   -3.64424e+05   -4.05267e+05
    Temperature Pressure (bar)   Constr. rmsd
    3.00260e+02    3.57727e+01    3.21603e-06

           Step           Time
          10500       21.00000

   Energies (kJ/mol)
           Bond            U-B    Proper Dih.  Improper Dih.      CMAP Dih.
    2.11914e+03    5.92169e+03    6.57898e+03    3.21695e+02   -1.89476e+02
          LJ-14     Coulomb-14        LJ (SR)   Coulomb (SR)   Coul. recip.
    2.13882e+03    1.78829e+04    6.88640e+04   -5.53874e+05    1.57049e+03
 Position Rest.      Potential    Kinetic En.   Total Energy  Conserved En.
    6.22136e+02   -4.48044e+05    8.48700e+04   -3.63173e+05   -4.05269e+05
    Temperature Pressure (bar)   Constr. rmsd
    2.98789e+02    1.34878e+01    3.08666e-06

           Step           Time
          11000       22.00000

   Energies (kJ/mol)
           Bond            U-B    Proper Dih.  Improper Dih.      CMAP Dih.
    2.24153e+03    5.95750e+03    6.58868e+03    3.84787e+02   -1.96133e+02
          LJ-14     Coulomb-14        LJ (SR)   Coulomb (SR)   Coul. recip.
    2.14201e+03    1.76476e+04    6.84133e+04   -5.52967e+05    1.57674e+03
 Position Rest.      Potential    Kinetic En.   Total Energy  Conserved En.
    6.28854e+02   -4.47582e+05    8.64544e+04   -3.61128e+05   -4.05256e+05
    Temperature Pressure (bar)   Constr. rmsd
    3.04366e+02   -6.38375e+02    3.32664e-06

           Step           Time
          11500       23.00000

   Energies (kJ/mol)
           Bond            U-B    Proper Dih.  Improper Dih.      CMAP Dih.
    2.20088e+03    6.10425e+03    6.49889e+03    3.55602e+02   -1.78366e+02
          LJ-14     Coulomb-14        LJ (SR)   Coulomb (SR)   Coul. recip.
    2.13920e+03    1.76975e+04    6.80983e+04   -5.53689e+05    1.56316e+03
 Position Rest.      Potential    Kinetic En.   Total Energy  Conserved En.
    5.82256e+02   -4.48627e+05    8.51202e+04   -3.63507e+05   -4.05227e+05
    Temperature Pressure (bar)   Constr. rmsd
    2.99670e+02   -3.45098e+02    3.11388e-06


DD  step 11999  vol min/aver 0.929  load imb.: force  1.4%
           Step           Time
          12000       24.00000

   Energies (kJ/mol)
           Bond            U-B    Proper Dih.  Improper Dih.      CMAP Dih.
    2.19166e+03    5.98686e+03    6.49176e+03    3.03348e+02   -2.17169e+02
          LJ-14     Coulomb-14        LJ (SR)   Coulomb (SR)   Coul. recip.
    2.09381e+03    1.76053e+04    6.78823e+04   -5.53806e+05    1.60323e+03
 Position Rest.      Potential    Kinetic En.   Total Energy  Conserved En.
    5.88682e+02   -4.49276e+05    8.49093e+04   -3.64366e+05   -4.05241e+05
    Temperature Pressure (bar)   Constr. rmsd
    2.98927e+02   -1.24578e+02    3.50647e-06

           Step           Time
          12500       25.00000

   Energies (kJ/mol)
           Bond            U-B    Proper Dih.  Improper Dih.      CMAP Dih.
    2.15365e+03    6.09595e+03    6.58490e+03    3.55060e+02   -2.49538e+02
          LJ-14     Coulomb-14        LJ (SR)   Coulomb (SR)   Coul. recip.
    2.12985e+03    1.75842e+04    6.88031e+04   -5.54222e+05    1.62794e+03
 Position Rest.      Potential    Kinetic En.   Total Energy  Conserved En.
    5.86570e+02   -4.48551e+05    8.56513e+04   -3.62900e+05   -4.05217e+05
    Temperature Pressure (bar)   Constr. rmsd
    3.01539e+02    5.78493e+02    3.16793e-06

           Step           Time
          13000       26.00000

   Energies (kJ/mol)
           Bond            U-B    Proper Dih.  Improper Dih.      CMAP Dih.
    2.11824e+03    6.16021e+03    6.48176e+03    3.58972e+02   -2.01090e+02
          LJ-14     Coulomb-14        LJ (SR)   Coulomb (SR)   Coul. recip.
    2.09032e+03    1.76640e+04    6.89114e+04   -5.53415e+05    1.56698e+03
 Position Rest.      Potential    Kinetic En.   Total Energy  Conserved En.
    6.29913e+02   -4.47634e+05    8.51792e+04   -3.62455e+05   -4.05204e+05
    Temperature Pressure (bar)   Constr. rmsd
    2.99877e+02   -3.28793e+01    3.08143e-06

           Step           Time
          13500       27.00000

   Energies (kJ/mol)
           Bond            U-B    Proper Dih.  Improper Dih.      CMAP Dih.
    2.16573e+03    5.98140e+03    6.60012e+03    3.67431e+02   -1.53457e+02
          LJ-14     Coulomb-14        LJ (SR)   Coulomb (SR)   Coul. recip.
    2.18495e+03    1.79048e+04    6.95434e+04   -5.55030e+05    1.59254e+03
 Position Rest.      Potential    Kinetic En.   Total Energy  Conserved En.
    6.32201e+02   -4.48211e+05    8.44090e+04   -3.63802e+05   -4.05196e+05
    Temperature Pressure (bar)   Constr. rmsd
    2.97166e+02    5.89523e+02    2.92855e-06


DD  step 13999  vol min/aver 0.924  load imb.: force  1.9%
           Step           Time
          14000       28.00000

   Energies (kJ/mol)
           Bond            U-B    Proper Dih.  Improper Dih.      CMAP Dih.
    2.07037e+03    5.70869e+03    6.56098e+03    3.58878e+02   -1.80599e+02
          LJ-14     Coulomb-14        LJ (SR)   Coulomb (SR)   Coul. recip.
    2.13207e+03    1.79306e+04    6.76311e+04   -5.53894e+05    1.59952e+03
 Position Rest.      Potential    Kinetic En.   Total Energy  Conserved En.
    6.14460e+02   -4.49468e+05    8.50556e+04   -3.64412e+05   -4.05234e+05
    Temperature Pressure (bar)   Constr. rmsd
    2.99442e+02   -1.30766e+02    3.23911e-06

           Step           Time
          14500       29.00000

   Energies (kJ/mol)
           Bond            U-B    Proper Dih.  Improper Dih.      CMAP Dih.
    2.06642e+03    6.02440e+03    6.62980e+03    3.86854e+02   -2.37009e+02
          LJ-14     Coulomb-14        LJ (SR)   Coulomb (SR)   Coul. recip.
    2.02896e+03    1.74194e+04    6.90437e+04   -5.55853e+05    1.65416e+03
 Position Rest.      Potential    Kinetic En.   Total Energy  Conserved En.
    6.05035e+02   -4.50232e+05    8.49660e+04   -3.65266e+05   -4.05218e+05
    Temperature Pressure (bar)   Constr. rmsd
    2.99127e+02    1.63623e+02    3.02195e-06

           Step           Time
          15000       30.00000

   Energies (kJ/mol)
           Bond            U-B    Proper Dih.  Improper Dih.      CMAP Dih.
    2.14810e+03    5.81484e+03    6.55841e+03    3.49533e+02   -1.51497e+02
          LJ-14     Coulomb-14        LJ (SR)   Coulomb (SR)   Coul. recip.
    2.09124e+03    1.77305e+04    6.72135e+04   -5.51592e+05    1.59698e+03
 Position Rest.      Potential    Kinetic En.   Total Energy  Conserved En.
    7.12831e+02   -4.47527e+05    8.42746e+04   -3.63253e+05   -4.05210e+05
    Temperature Pressure (bar)   Constr. rmsd
    2.96693e+02   -3.38648e+02    2.95634e-06

           Step           Time
          15500       31.00000

   Energies (kJ/mol)
           Bond            U-B    Proper Dih.  Improper Dih.      CMAP Dih.
    2.17674e+03    6.09606e+03    6.61050e+03    3.49755e+02   -2.39679e+02
          LJ-14     Coulomb-14        LJ (SR)   Coulomb (SR)   Coul. recip.
    2.08430e+03    1.76006e+04    6.96596e+04   -5.55940e+05    1.56541e+03
 Position Rest.      Potential    Kinetic En.   Total Energy  Conserved En.
    5.63423e+02   -4.49474e+05    8.57092e+04   -3.63764e+05   -4.05185e+05
    Temperature Pressure (bar)   Constr. rmsd
    3.01743e+02    2.33172e+01    3.27200e-06

Writing checkpoint, step 15920 at Thu May 16 14:11:44 2019



DD  step 15999  vol min/aver 0.921  load imb.: force  1.7%
           Step           Time
          16000       32.00000

   Energies (kJ/mol)
           Bond            U-B    Proper Dih.  Improper Dih.      CMAP Dih.
    2.10040e+03    6.02472e+03    6.53084e+03    3.70247e+02   -2.01888e+02
          LJ-14     Coulomb-14        LJ (SR)   Coulomb (SR)   Coul. recip.
    2.15677e+03    1.76643e+04    6.97234e+04   -5.54655e+05    1.59726e+03
 Position Rest.      Potential    Kinetic En.   Total Energy  Conserved En.
    5.71408e+02   -4.48118e+05    8.48374e+04   -3.63280e+05   -4.05178e+05
    Temperature Pressure (bar)   Constr. rmsd
    2.98674e+02   -6.42571e+01    2.93611e-06

           Step           Time
          16500       33.00000

   Energies (kJ/mol)
           Bond            U-B    Proper Dih.  Improper Dih.      CMAP Dih.
    2.04688e+03    5.99997e+03    6.67148e+03    3.93391e+02   -2.16110e+02
          LJ-14     Coulomb-14        LJ (SR)   Coulomb (SR)   Coul. recip.
    2.07924e+03    1.77417e+04    6.90991e+04   -5.56254e+05    1.58680e+03
 Position Rest.      Potential    Kinetic En.   Total Energy  Conserved En.
    6.49085e+02   -4.50203e+05    8.46536e+04   -3.65549e+05   -4.05169e+05
    Temperature Pressure (bar)   Constr. rmsd
    2.98027e+02   -1.29740e+02    2.73007e-06

           Step           Time
          17000       34.00000

   Energies (kJ/mol)
           Bond            U-B    Proper Dih.  Improper Dih.      CMAP Dih.
    2.03816e+03    6.11905e+03    6.57843e+03    3.37138e+02   -2.16587e+02
          LJ-14     Coulomb-14        LJ (SR)   Coulomb (SR)   Coul. recip.
    2.13405e+03    1.77602e+04    6.91321e+04   -5.55285e+05    1.57068e+03
 Position Rest.      Potential    Kinetic En.   Total Energy  Conserved En.
    6.75460e+02   -4.49157e+05    8.48425e+04   -3.64314e+05   -4.05156e+05
    Temperature Pressure (bar)   Constr. rmsd
    2.98692e+02    2.26159e+02    2.87780e-06

           Step           Time
          17500       35.00000

   Energies (kJ/mol)
           Bond            U-B    Proper Dih.  Improper Dih.      CMAP Dih.
    2.10173e+03    5.99084e+03    6.49005e+03    3.57316e+02   -1.98077e+02
          LJ-14     Coulomb-14        LJ (SR)   Coulomb (SR)   Coul. recip.
    2.09019e+03    1.78079e+04    6.89680e+04   -5.55513e+05    1.54948e+03
 Position Rest.      Potential    Kinetic En.   Total Energy  Conserved En.
    6.73659e+02   -4.49682e+05    8.45111e+04   -3.65171e+05   -4.05137e+05
    Temperature Pressure (bar)   Constr. rmsd
    2.97525e+02   -1.61782e+02    2.96918e-06


DD  step 17999  vol min/aver 0.918  load imb.: force  2.5%
           Step           Time
          18000       36.00000

   Energies (kJ/mol)
           Bond            U-B    Proper Dih.  Improper Dih.      CMAP Dih.
    2.06927e+03    5.88883e+03    6.54200e+03    3.59225e+02   -1.94033e+02
          LJ-14     Coulomb-14        LJ (SR)   Coulomb (SR)   Coul. recip.
    2.16530e+03    1.77969e+04    6.78875e+04   -5.53040e+05    1.61641e+03
 Position Rest.      Potential    Kinetic En.   Total Energy  Conserved En.
    5.99667e+02   -4.48309e+05    8.48457e+04   -3.63463e+05   -4.05156e+05
    Temperature Pressure (bar)   Constr. rmsd
    2.98703e+02   -1.27316e+02    3.24399e-06

           Step           Time
          18500       37.00000

   Energies (kJ/mol)
           Bond            U-B    Proper Dih.  Improper Dih.      CMAP Dih.
    2.07280e+03    6.12859e+03    6.57323e+03    3.50072e+02   -2.33799e+02
          LJ-14     Coulomb-14        LJ (SR)   Coulomb (SR)   Coul. recip.
    2.15797e+03    1.75659e+04    6.92885e+04   -5.55185e+05    1.53747e+03
 Position Rest.      Potential    Kinetic En.   Total Energy  Conserved En.
    6.28372e+02   -4.49116e+05    8.61655e+04   -3.62950e+05   -4.05156e+05
    Temperature Pressure (bar)   Constr. rmsd
    3.03349e+02    3.65453e+02    3.31479e-06

           Step           Time
          19000       38.00000

   Energies (kJ/mol)
           Bond            U-B    Proper Dih.  Improper Dih.      CMAP Dih.
    2.01791e+03    6.08254e+03    6.56014e+03    3.89606e+02   -2.16066e+02
          LJ-14     Coulomb-14        LJ (SR)   Coulomb (SR)   Coul. recip.
    2.06873e+03    1.75385e+04    6.84819e+04   -5.54182e+05    1.66151e+03
 Position Rest.      Potential    Kinetic En.   Total Energy  Conserved En.
    6.10235e+02   -4.48987e+05    8.57220e+04   -3.63265e+05   -4.05154e+05
    Temperature Pressure (bar)   Constr. rmsd
    3.01788e+02    2.67332e+02    3.05359e-06

           Step           Time
          19500       39.00000

   Energies (kJ/mol)
           Bond            U-B    Proper Dih.  Improper Dih.      CMAP Dih.
    2.17708e+03    5.93689e+03    6.61722e+03    3.26978e+02   -2.01201e+02
          LJ-14     Coulomb-14        LJ (SR)   Coulomb (SR)   Coul. recip.
    2.13631e+03    1.76079e+04    6.95191e+04   -5.55372e+05    1.59046e+03
 Position Rest.      Potential    Kinetic En.   Total Energy  Conserved En.
    6.52801e+02   -4.49008e+05    8.43885e+04   -3.64620e+05   -4.05129e+05
    Temperature Pressure (bar)   Constr. rmsd
    2.97094e+02   -7.69865e+01    2.88638e-06


DD  step 19999  vol min/aver 0.928  load imb.: force  1.1%
           Step           Time
          20000       40.00000

   Energies (kJ/mol)
           Bond            U-B    Proper Dih.  Improper Dih.      CMAP Dih.
    2.18853e+03    6.01698e+03    6.48224e+03    3.65968e+02   -2.36740e+02
          LJ-14     Coulomb-14        LJ (SR)   Coulomb (SR)   Coul. recip.
    2.16167e+03    1.77927e+04    6.95584e+04   -5.56182e+05    1.57866e+03
 Position Rest.      Potential    Kinetic En.   Total Energy  Conserved En.
    6.16846e+02   -4.49657e+05    8.43174e+04   -3.65339e+05   -4.05095e+05
    Temperature Pressure (bar)   Constr. rmsd
    2.96843e+02    1.61823e+02    3.00013e-06

           Step           Time
          20500       41.00000

   Energies (kJ/mol)
           Bond            U-B    Proper Dih.  Improper Dih.      CMAP Dih.
    2.09532e+03    6.20189e+03    6.50708e+03    3.52192e+02   -2.00371e+02
          LJ-14     Coulomb-14        LJ (SR)   Coulomb (SR)   Coul. recip.
    2.08390e+03    1.76250e+04    6.90128e+04   -5.54502e+05    1.63781e+03
 Position Rest.      Potential    Kinetic En.   Total Energy  Conserved En.
    6.52801e+02   -4.48534e+05    8.60727e+04   -3.62461e+05   -4.05103e+05
    Temperature Pressure (bar)   Constr. rmsd
    3.03023e+02   -4.38657e+01    3.18691e-06

           Step           Time
          21000       42.00000

   Energies (kJ/mol)
           Bond            U-B    Proper Dih.  Improper Dih.      CMAP Dih.
    2.20265e+03    6.12905e+03    6.52841e+03    3.47598e+02   -1.90537e+02
          LJ-14     Coulomb-14        LJ (SR)   Coulomb (SR)   Coul. recip.
    2.15924e+03    1.75786e+04    6.83300e+04   -5.53300e+05    1.60505e+03
 Position Rest.      Potential    Kinetic En.   Total Energy  Conserved En.
    6.68653e+02   -4.47942e+05    8.54160e+04   -3.62526e+05   -4.05102e+05
    Temperature Pressure (bar)   Constr. rmsd
    3.00711e+02    1.48243e+02    3.15658e-06

           Step           Time
          21500       43.00000

   Energies (kJ/mol)
           Bond            U-B    Proper Dih.  Improper Dih.      CMAP Dih.
    2.09105e+03    5.98516e+03    6.60650e+03    3.93651e+02   -2.00904e+02
          LJ-14     Coulomb-14        LJ (SR)   Coulomb (SR)   Coul. recip.
    2.05205e+03    1.77434e+04    6.92345e+04   -5.55353e+05    1.61818e+03
 Position Rest.      Potential    Kinetic En.   Total Energy  Conserved En.
    6.14268e+02   -4.49215e+05    8.57200e+04   -3.63495e+05   -4.05105e+05
    Temperature Pressure (bar)   Constr. rmsd
    3.01781e+02   -4.67852e+02    3.32178e-06


DD  step 21999  vol min/aver 0.919  load imb.: force  1.2%
           Step           Time
          22000       44.00000

   Energies (kJ/mol)
           Bond            U-B    Proper Dih.  Improper Dih.      CMAP Dih.
    2.15409e+03    5.91621e+03    6.55627e+03    3.54153e+02   -2.75124e+02
          LJ-14     Coulomb-14        LJ (SR)   Coulomb (SR)   Coul. recip.
    2.09883e+03    1.78528e+04    6.82336e+04   -5.54098e+05    1.61944e+03
 Position Rest.      Potential    Kinetic En.   Total Energy  Conserved En.
    5.94167e+02   -4.48994e+05    8.55055e+04   -3.63488e+05   -4.05104e+05
    Temperature Pressure (bar)   Constr. rmsd
    3.01026e+02    9.18758e+00    3.22409e-06


step 22400 Turning off dynamic load balancing, because it is degrading performance.
Atom distribution over 8 domains: av 4188 stddev 85 min 4109 max 4316
           Step           Time
          22500       45.00000

   Energies (kJ/mol)
           Bond            U-B    Proper Dih.  Improper Dih.      CMAP Dih.
    2.13695e+03    6.08279e+03    6.57823e+03    3.86277e+02   -2.42435e+02
          LJ-14     Coulomb-14        LJ (SR)   Coulomb (SR)   Coul. recip.
    2.06444e+03    1.77007e+04    6.93377e+04   -5.54894e+05    1.59224e+03
 Position Rest.      Potential    Kinetic En.   Total Energy  Conserved En.
    6.32444e+02   -4.48624e+05    8.56387e+04   -3.62986e+05   -4.05090e+05
    Temperature Pressure (bar)   Constr. rmsd
    3.01495e+02    1.95918e+02    3.11119e-06

           Step           Time
          23000       46.00000

   Energies (kJ/mol)
           Bond            U-B    Proper Dih.  Improper Dih.      CMAP Dih.
    2.14881e+03    5.98389e+03    6.54702e+03    3.58445e+02   -1.83718e+02
          LJ-14     Coulomb-14        LJ (SR)   Coulomb (SR)   Coul. recip.
    2.12253e+03    1.78042e+04    6.75065e+04   -5.53040e+05    1.66727e+03
 Position Rest.      Potential    Kinetic En.   Total Energy  Conserved En.
    6.20777e+02   -4.48464e+05    8.51551e+04   -3.63309e+05   -4.05064e+05
    Temperature Pressure (bar)   Constr. rmsd
    2.99792e+02    1.82378e+01    3.18084e-06

           Step           Time
          23500       47.00000

   Energies (kJ/mol)
           Bond            U-B    Proper Dih.  Improper Dih.      CMAP Dih.
    2.20425e+03    6.13839e+03    6.64276e+03    3.34682e+02   -2.16562e+02
          LJ-14     Coulomb-14        LJ (SR)   Coulomb (SR)   Coul. recip.
    2.13560e+03    1.77066e+04    6.87958e+04   -5.54145e+05    1.66564e+03
 Position Rest.      Potential    Kinetic En.   Total Energy  Conserved En.
    5.50421e+02   -4.48188e+05    8.53911e+04   -3.62796e+05   -4.05051e+05
    Temperature Pressure (bar)   Constr. rmsd
    3.00623e+02    2.55482e+02    2.94270e-06

Writing checkpoint, step 23680 at Thu May 16 14:26:47 2019



DD  step 23999 load imb.: force  7.0%
           Step           Time
          24000       48.00000

   Energies (kJ/mol)
           Bond            U-B    Proper Dih.  Improper Dih.      CMAP Dih.
    2.13906e+03    5.80621e+03    6.61673e+03    3.57116e+02   -2.05290e+02
          LJ-14     Coulomb-14        LJ (SR)   Coulomb (SR)   Coul. recip.
    2.05211e+03    1.76774e+04    6.89452e+04   -5.54606e+05    1.55125e+03
 Position Rest.      Potential    Kinetic En.   Total Energy  Conserved En.
    6.16261e+02   -4.49050e+05    8.48108e+04   -3.64239e+05   -4.05070e+05
    Temperature Pressure (bar)   Constr. rmsd
    2.98580e+02    2.38543e+02    2.90377e-06

           Step           Time
          24500       49.00000

   Energies (kJ/mol)
           Bond            U-B    Proper Dih.  Improper Dih.      CMAP Dih.
    2.25676e+03    5.86467e+03    6.60496e+03    3.54130e+02   -2.06089e+02
          LJ-14     Coulomb-14        LJ (SR)   Coulomb (SR)   Coul. recip.
    2.07546e+03    1.75269e+04    6.86279e+04   -5.54792e+05    1.62223e+03
 Position Rest.      Potential    Kinetic En.   Total Energy  Conserved En.
    6.08427e+02   -4.49456e+05    8.42468e+04   -3.65210e+05   -4.05022e+05
    Temperature Pressure (bar)   Constr. rmsd
    2.96595e+02    6.45976e+01    2.72786e-06

           Step           Time
          25000       50.00000

   Energies (kJ/mol)
           Bond            U-B    Proper Dih.  Improper Dih.      CMAP Dih.
    2.23301e+03    5.77437e+03    6.61034e+03    3.14596e+02   -1.72077e+02
          LJ-14     Coulomb-14        LJ (SR)   Coulomb (SR)   Coul. recip.
    2.16664e+03    1.78334e+04    6.85571e+04   -5.54624e+05    1.62695e+03
 Position Rest.      Potential    Kinetic En.   Total Energy  Conserved En.
    6.62924e+02   -4.49017e+05    8.56932e+04   -3.63323e+05   -4.05048e+05
    Temperature Pressure (bar)   Constr. rmsd
    3.01687e+02   -8.23427e+01    2.93806e-06

           Step           Time
          25500       51.00000

   Energies (kJ/mol)
           Bond            U-B    Proper Dih.  Improper Dih.      CMAP Dih.
    2.15215e+03    5.99060e+03    6.63731e+03    3.81273e+02   -2.29869e+02
          LJ-14     Coulomb-14        LJ (SR)   Coulomb (SR)   Coul. recip.
    2.09708e+03    1.77563e+04    6.85553e+04   -5.54715e+05    1.61911e+03
 Position Rest.      Potential    Kinetic En.   Total Energy  Conserved En.
    6.62258e+02   -4.49094e+05    8.56898e+04   -3.63404e+05   -4.05046e+05
    Temperature Pressure (bar)   Constr. rmsd
    3.01675e+02   -1.75103e+02    3.09871e-06


DD  step 25999 load imb.: force  6.4%
           Step           Time
          26000       52.00000

   Energies (kJ/mol)
           Bond            U-B    Proper Dih.  Improper Dih.      CMAP Dih.
    2.05684e+03    6.04923e+03    6.63110e+03    3.47765e+02   -1.74607e+02
          LJ-14     Coulomb-14        LJ (SR)   Coulomb (SR)   Coul. recip.
    2.15389e+03    1.77900e+04    6.88180e+04   -5.54027e+05    1.56982e+03
 Position Rest.      Potential    Kinetic En.   Total Energy  Conserved En.
    6.61111e+02   -4.48124e+05    8.48055e+04   -3.63318e+05   -4.04994e+05
    Temperature Pressure (bar)   Constr. rmsd
    2.98562e+02    4.27113e+02    3.06416e-06

           Step           Time
          26500       53.00000

   Energies (kJ/mol)
           Bond            U-B    Proper Dih.  Improper Dih.      CMAP Dih.
    2.18071e+03    6.06617e+03    6.58132e+03    3.93016e+02   -2.04034e+02
          LJ-14     Coulomb-14        LJ (SR)   Coulomb (SR)   Coul. recip.
    2.10840e+03    1.76770e+04    6.85102e+04   -5.53746e+05    1.61755e+03
 Position Rest.      Potential    Kinetic En.   Total Energy  Conserved En.
    5.90631e+02   -4.48225e+05    8.44685e+04   -3.63757e+05   -4.04994e+05
    Temperature Pressure (bar)   Constr. rmsd
    2.97375e+02    1.25124e+01    3.14043e-06

           Step           Time
          27000       54.00000

   Energies (kJ/mol)
           Bond            U-B    Proper Dih.  Improper Dih.      CMAP Dih.
    2.16308e+03    6.04138e+03    6.62366e+03    3.91007e+02   -2.30901e+02
          LJ-14     Coulomb-14        LJ (SR)   Coulomb (SR)   Coul. recip.
    2.10783e+03    1.75996e+04    6.91393e+04   -5.55291e+05    1.65752e+03
 Position Rest.      Potential    Kinetic En.   Total Energy  Conserved En.
    5.82283e+02   -4.49216e+05    8.53014e+04   -3.63915e+05   -4.05005e+05
    Temperature Pressure (bar)   Constr. rmsd
    3.00307e+02   -2.04925e+02    2.94295e-06

           Step           Time
          27500       55.00000

   Energies (kJ/mol)
           Bond            U-B    Proper Dih.  Improper Dih.      CMAP Dih.
    2.10147e+03    6.01865e+03    6.58430e+03    4.24665e+02   -2.09475e+02
          LJ-14     Coulomb-14        LJ (SR)   Coulomb (SR)   Coul. recip.
    2.05199e+03    1.76153e+04    6.87004e+04   -5.54723e+05    1.57104e+03
 Position Rest.      Potential    Kinetic En.   Total Energy  Conserved En.
    6.91283e+02   -4.49173e+05    8.35877e+04   -3.65586e+05   -4.04994e+05
    Temperature Pressure (bar)   Constr. rmsd
    2.94274e+02   -2.46108e+02    2.76889e-06


DD  step 27999 load imb.: force  6.1%
           Step           Time
          28000       56.00000

   Energies (kJ/mol)
           Bond            U-B    Proper Dih.  Improper Dih.      CMAP Dih.
    2.11664e+03    5.91299e+03    6.56781e+03    3.94719e+02   -2.07409e+02
          LJ-14     Coulomb-14        LJ (SR)   Coulomb (SR)   Coul. recip.
    2.12063e+03    1.77854e+04    6.88238e+04   -5.55023e+05    1.56593e+03
 Position Rest.      Potential    Kinetic En.   Total Energy  Conserved En.
    6.15546e+02   -4.49327e+05    8.55731e+04   -3.63754e+05   -4.05003e+05
    Temperature Pressure (bar)   Constr. rmsd
    3.01264e+02   -1.17047e+02    3.14362e-06

           Step           Time
          28500       57.00000

   Energies (kJ/mol)
           Bond            U-B    Proper Dih.  Improper Dih.      CMAP Dih.
    2.06192e+03    6.08576e+03    6.54129e+03    3.76361e+02   -1.89106e+02
          LJ-14     Coulomb-14        LJ (SR)   Coulomb (SR)   Coul. recip.
    2.08002e+03    1.75734e+04    6.88030e+04   -5.54095e+05    1.60349e+03
 Position Rest.      Potential    Kinetic En.   Total Energy  Conserved En.
    6.46492e+02   -4.48513e+05    8.49910e+04   -3.63522e+05   -4.04994e+05
    Temperature Pressure (bar)   Constr. rmsd
    2.99215e+02   -2.04730e+02    2.94147e-06

           Step           Time
          29000       58.00000

   Energies (kJ/mol)
           Bond            U-B    Proper Dih.  Improper Dih.      CMAP Dih.
    2.01971e+03    6.01345e+03    6.68387e+03    3.89954e+02   -1.66356e+02
          LJ-14     Coulomb-14        LJ (SR)   Coulomb (SR)   Coul. recip.
    2.12840e+03    1.77293e+04    6.87223e+04   -5.54355e+05    1.59264e+03
 Position Rest.      Potential    Kinetic En.   Total Energy  Conserved En.
    6.16447e+02   -4.48625e+05    8.54430e+04   -3.63182e+05   -4.05001e+05
    Temperature Pressure (bar)   Constr. rmsd
    3.00806e+02   -3.84087e+02    3.09833e-06

           Step           Time
          29500       59.00000

   Energies (kJ/mol)
           Bond            U-B    Proper Dih.  Improper Dih.      CMAP Dih.
    2.21365e+03    5.81136e+03    6.62586e+03    3.56695e+02   -2.29980e+02
          LJ-14     Coulomb-14        LJ (SR)   Coulomb (SR)   Coul. recip.
    2.13405e+03    1.79314e+04    6.82222e+04   -5.53570e+05    1.53256e+03
 Position Rest.      Potential    Kinetic En.   Total Energy  Conserved En.
    6.63728e+02   -4.48309e+05    8.42372e+04   -3.64071e+05   -4.04950e+05
    Temperature Pressure (bar)   Constr. rmsd
    2.96561e+02   -1.65684e+02    3.03258e-06


DD  step 29999 load imb.: force  6.7%
           Step           Time
          30000       60.00000

   Energies (kJ/mol)
           Bond            U-B    Proper Dih.  Improper Dih.      CMAP Dih.
    2.15717e+03    6.02618e+03    6.52369e+03    3.71787e+02   -2.19666e+02
          LJ-14     Coulomb-14        LJ (SR)   Coulomb (SR)   Coul. recip.
    2.06726e+03    1.76323e+04    6.94157e+04   -5.54859e+05    1.59269e+03
 Position Rest.      Potential    Kinetic En.   Total Energy  Conserved En.
    5.59151e+02   -4.48732e+05    8.53962e+04   -3.63336e+05   -4.04968e+05
    Temperature Pressure (bar)   Constr. rmsd
    3.00641e+02   -3.02253e+01    3.15259e-06

           Step           Time
          30500       61.00000

   Energies (kJ/mol)
           Bond            U-B    Proper Dih.  Improper Dih.      CMAP Dih.
    2.04134e+03    5.99229e+03    6.68432e+03    3.95604e+02   -2.13578e+02
          LJ-14     Coulomb-14        LJ (SR)   Coulomb (SR)   Coul. recip.
    2.10631e+03    1.78380e+04    6.85377e+04   -5.53575e+05    1.58063e+03
 Position Rest.      Potential    Kinetic En.   Total Energy  Conserved En.
    6.57794e+02   -4.47954e+05    8.48381e+04   -3.63116e+05   -4.04956e+05
    Temperature Pressure (bar)   Constr. rmsd
    2.98676e+02    2.53675e+02    3.13155e-06

           Step           Time
          31000       62.00000

   Energies (kJ/mol)
           Bond            U-B    Proper Dih.  Improper Dih.      CMAP Dih.
    2.18470e+03    5.87573e+03    6.64382e+03    3.47827e+02   -2.04649e+02
          LJ-14     Coulomb-14        LJ (SR)   Coulomb (SR)   Coul. recip.
    2.02958e+03    1.74737e+04    6.89094e+04   -5.54763e+05    1.60081e+03
 Position Rest.      Potential    Kinetic En.   Total Energy  Conserved En.
    6.83821e+02   -4.49218e+05    8.52094e+04   -3.64009e+05   -4.04958e+05
    Temperature Pressure (bar)   Constr. rmsd
    2.99983e+02    4.56509e+01    2.97373e-06

Writing checkpoint, step 31360 at Thu May 16 14:41:42 2019


           Step           Time
          31500       63.00000

   Energies (kJ/mol)
           Bond            U-B    Proper Dih.  Improper Dih.      CMAP Dih.
    2.21462e+03    5.96168e+03    6.59855e+03    3.71985e+02   -2.03752e+02
          LJ-14     Coulomb-14        LJ (SR)   Coulomb (SR)   Coul. recip.
    2.13510e+03    1.77810e+04    6.88342e+04   -5.53120e+05    1.67896e+03
 Position Rest.      Potential    Kinetic En.   Total Energy  Conserved En.
    6.22757e+02   -4.47124e+05    8.51925e+04   -3.61932e+05   -4.04925e+05
    Temperature Pressure (bar)   Constr. rmsd
    2.99924e+02    3.14116e+02    3.15433e-06


DD  step 31999 load imb.: force  5.0%
           Step           Time
          32000       64.00000

   Energies (kJ/mol)
           Bond            U-B    Proper Dih.  Improper Dih.      CMAP Dih.
    2.29174e+03    6.01387e+03    6.66966e+03    3.38405e+02   -1.83873e+02
          LJ-14     Coulomb-14        LJ (SR)   Coulomb (SR)   Coul. recip.
    2.06880e+03    1.76791e+04    6.67837e+04   -5.51026e+05    1.61668e+03
 Position Rest.      Potential    Kinetic En.   Total Energy  Conserved En.
    6.56054e+02   -4.47092e+05    8.46515e+04   -3.62441e+05   -4.04921e+05
    Temperature Pressure (bar)   Constr. rmsd
    2.98019e+02   -7.33381e+02    2.92096e-06

           Step           Time
          32500       65.00000

   Energies (kJ/mol)
           Bond            U-B    Proper Dih.  Improper Dih.      CMAP Dih.
    2.21609e+03    5.89451e+03    6.62131e+03    3.66579e+02   -1.91018e+02
          LJ-14     Coulomb-14        LJ (SR)   Coulomb (SR)   Coul. recip.
    2.12400e+03    1.78139e+04    6.86478e+04   -5.53253e+05    1.59045e+03
 Position Rest.      Potential    Kinetic En.   Total Energy  Conserved En.
    6.39729e+02   -4.47530e+05    8.50868e+04   -3.62443e+05   -4.04940e+05
    Temperature Pressure (bar)   Constr. rmsd
    2.99552e+02    2.38965e+02    3.07575e-06

           Step           Time
          33000       66.00000

   Energies (kJ/mol)
           Bond            U-B    Proper Dih.  Improper Dih.      CMAP Dih.
    2.07824e+03    5.90908e+03    6.61586e+03    4.08598e+02   -2.22534e+02
          LJ-14     Coulomb-14        LJ (SR)   Coulomb (SR)   Coul. recip.
    2.06481e+03    1.76216e+04    6.96326e+04   -5.55511e+05    1.58349e+03
 Position Rest.      Potential    Kinetic En.   Total Energy  Conserved En.
    6.60277e+02   -4.49159e+05    8.39798e+04   -3.65179e+05   -4.04920e+05
    Temperature Pressure (bar)   Constr. rmsd
    2.95655e+02   -1.75633e+02    2.99238e-06

           Step           Time
          33500       67.00000

   Energies (kJ/mol)
           Bond            U-B    Proper Dih.  Improper Dih.      CMAP Dih.
    2.07823e+03    5.86206e+03    6.54787e+03    3.81337e+02   -1.53091e+02
          LJ-14     Coulomb-14        LJ (SR)   Coulomb (SR)   Coul. recip.
    2.10829e+03    1.76785e+04    6.96932e+04   -5.55833e+05    1.54363e+03
 Position Rest.      Potential    Kinetic En.   Total Energy  Conserved En.
    5.95227e+02   -4.49498e+05    8.46996e+04   -3.64798e+05   -4.04924e+05
    Temperature Pressure (bar)   Constr. rmsd
    2.98189e+02   -1.44470e+01    3.22370e-06


DD  step 33999 load imb.: force  5.3%
           Step           Time
          34000       68.00000

   Energies (kJ/mol)
           Bond            U-B    Proper Dih.  Improper Dih.      CMAP Dih.
    2.21685e+03    6.00721e+03    6.56911e+03    3.27114e+02   -2.04994e+02
          LJ-14     Coulomb-14        LJ (SR)   Coulomb (SR)   Coul. recip.
    2.18201e+03    1.77477e+04    6.74781e+04   -5.52539e+05    1.61358e+03
 Position Rest.      Potential    Kinetic En.   Total Energy  Conserved En.
    6.59938e+02   -4.47942e+05    8.56506e+04   -3.62292e+05   -4.04903e+05
    Temperature Pressure (bar)   Constr. rmsd
    3.01537e+02   -6.81474e+02    3.22832e-06

           Step           Time
          34500       69.00000

   Energies (kJ/mol)
           Bond            U-B    Proper Dih.  Improper Dih.      CMAP Dih.
    2.19837e+03    5.84754e+03    6.57618e+03    3.43570e+02   -2.01195e+02
          LJ-14     Coulomb-14        LJ (SR)   Coulomb (SR)   Coul. recip.
    2.12706e+03    1.77652e+04    6.96692e+04   -5.55721e+05    1.52335e+03
 Position Rest.      Potential    Kinetic En.   Total Energy  Conserved En.
    6.42778e+02   -4.49229e+05    8.52699e+04   -3.63959e+05   -4.04900e+05
    Temperature Pressure (bar)   Constr. rmsd
    3.00196e+02   -3.46137e+02    3.26886e-06

           Step           Time
          35000       70.00000

   Energies (kJ/mol)
           Bond            U-B    Proper Dih.  Improper Dih.      CMAP Dih.
    2.12799e+03    5.90067e+03    6.56994e+03    4.09767e+02   -1.85796e+02
          LJ-14     Coulomb-14        LJ (SR)   Coulomb (SR)   Coul. recip.
    2.10822e+03    1.79743e+04    7.00288e+04   -5.55742e+05    1.58583e+03
 Position Rest.      Potential    Kinetic En.   Total Energy  Conserved En.
    6.21070e+02   -4.48601e+05    8.50466e+04   -3.63555e+05   -4.04894e+05
    Temperature Pressure (bar)   Constr. rmsd
    2.99410e+02    3.76663e+02    3.36688e-06

           Step           Time
          35500       71.00000

   Energies (kJ/mol)
           Bond            U-B    Proper Dih.  Improper Dih.      CMAP Dih.
    2.25113e+03    5.86466e+03    6.56676e+03    3.23014e+02   -1.99286e+02
          LJ-14     Coulomb-14        LJ (SR)   Coulomb (SR)   Coul. recip.
    2.02624e+03    1.75926e+04    6.88958e+04   -5.55072e+05    1.58948e+03
 Position Rest.      Potential    Kinetic En.   Total Energy  Conserved En.
    6.29259e+02   -4.49532e+05    8.57392e+04   -3.63793e+05   -4.04894e+05
    Temperature Pressure (bar)   Constr. rmsd
    3.01849e+02   -6.32762e+02    3.23266e-06


DD  step 35999 load imb.: force  4.7%
           Step           Time
          36000       72.00000

   Energies (kJ/mol)
           Bond            U-B    Proper Dih.  Improper Dih.      CMAP Dih.
    2.12544e+03    5.93101e+03    6.55719e+03    3.66118e+02   -2.18668e+02
          LJ-14     Coulomb-14        LJ (SR)   Coulomb (SR)   Coul. recip.
    2.12458e+03    1.77642e+04    6.80414e+04   -5.54164e+05    1.56375e+03
 Position Rest.      Potential    Kinetic En.   Total Energy  Conserved En.
    5.98475e+02   -4.49311e+05    8.52202e+04   -3.64090e+05   -4.04886e+05
    Temperature Pressure (bar)   Constr. rmsd
    3.00022e+02    6.49523e+00    3.11733e-06

           Step           Time
          36500       73.00000

   Energies (kJ/mol)
           Bond            U-B    Proper Dih.  Improper Dih.      CMAP Dih.
    2.13796e+03    5.79268e+03    6.57575e+03    3.54071e+02   -2.19320e+02
          LJ-14     Coulomb-14        LJ (SR)   Coulomb (SR)   Coul. recip.
    2.08737e+03    1.78352e+04    6.83881e+04   -5.54811e+05    1.59960e+03
 Position Rest.      Potential    Kinetic En.   Total Energy  Conserved En.
    6.12782e+02   -4.49647e+05    8.41204e+04   -3.65526e+05   -4.04858e+05
    Temperature Pressure (bar)   Constr. rmsd
    2.96150e+02   -1.31755e+02    2.95464e-06

           Step           Time
          37000       74.00000

   Energies (kJ/mol)
           Bond            U-B    Proper Dih.  Improper Dih.      CMAP Dih.
    2.10309e+03    6.13468e+03    6.52416e+03    3.99334e+02   -1.90226e+02
          LJ-14     Coulomb-14        LJ (SR)   Coulomb (SR)   Coul. recip.
    2.11653e+03    1.74906e+04    6.94454e+04   -5.55930e+05    1.61684e+03
 Position Rest.      Potential    Kinetic En.   Total Energy  Conserved En.
    6.77305e+02   -4.49612e+05    8.55167e+04   -3.64096e+05   -4.04843e+05
    Temperature Pressure (bar)   Constr. rmsd
    3.01065e+02    6.48366e+00    3.21477e-06

           Step           Time
          37500       75.00000

   Energies (kJ/mol)
           Bond            U-B    Proper Dih.  Improper Dih.      CMAP Dih.
    2.04492e+03    5.98067e+03    6.55465e+03    3.32024e+02   -2.15324e+02
          LJ-14     Coulomb-14        LJ (SR)   Coulomb (SR)   Coul. recip.
    2.06791e+03    1.79023e+04    6.82643e+04   -5.55310e+05    1.62107e+03
 Position Rest.      Potential    Kinetic En.   Total Energy  Conserved En.
    6.72651e+02   -4.50084e+05    8.53552e+04   -3.64729e+05   -4.04855e+05
    Temperature Pressure (bar)   Constr. rmsd
    3.00497e+02   -4.36150e+02    3.16682e-06


DD  step 37999 load imb.: force  4.5%
           Step           Time
          38000       76.00000

   Energies (kJ/mol)
           Bond            U-B    Proper Dih.  Improper Dih.      CMAP Dih.
    2.03490e+03    5.82989e+03    6.61662e+03    3.55260e+02   -1.83635e+02
          LJ-14     Coulomb-14        LJ (SR)   Coulomb (SR)   Coul. recip.
    2.17357e+03    1.78785e+04    6.82159e+04   -5.52965e+05    1.60681e+03
 Position Rest.      Potential    Kinetic En.   Total Energy  Conserved En.
    6.60806e+02   -4.47776e+05    8.58168e+04   -3.61960e+05   -4.04859e+05
    Temperature Pressure (bar)   Constr. rmsd
    3.02122e+02    1.00998e+02    3.25519e-06

           Step           Time
          38500       77.00000

   Energies (kJ/mol)
           Bond            U-B    Proper Dih.  Improper Dih.      CMAP Dih.
    2.00418e+03    5.95166e+03    6.50329e+03    3.52169e+02   -1.94553e+02
          LJ-14     Coulomb-14        LJ (SR)   Coulomb (SR)   Coul. recip.
    2.10280e+03    1.78090e+04    6.78800e+04   -5.53994e+05    1.54035e+03
 Position Rest.      Potential    Kinetic En.   Total Energy  Conserved En.
    6.56483e+02   -4.49389e+05    8.54912e+04   -3.63898e+05   -4.04829e+05
    Temperature Pressure (bar)   Constr. rmsd
    3.00976e+02   -1.89363e+02    3.12019e-06

           Step           Time
          39000       78.00000

   Energies (kJ/mol)
           Bond            U-B    Proper Dih.  Improper Dih.      CMAP Dih.
    2.07276e+03    5.96631e+03    6.60471e+03    3.73069e+02   -1.73442e+02
          LJ-14     Coulomb-14        LJ (SR)   Coulomb (SR)   Coul. recip.
    2.11123e+03    1.77946e+04    6.82786e+04   -5.54272e+05    1.54258e+03
 Position Rest.      Potential    Kinetic En.   Total Energy  Conserved En.
    6.55053e+02   -4.49047e+05    8.50916e+04   -3.63955e+05   -4.04819e+05
    Temperature Pressure (bar)   Constr. rmsd
    2.99569e+02   -4.23965e+02    2.72351e-06

Writing checkpoint, step 39200 at Thu May 16 14:56:46 2019


           Step           Time
          39500       79.00000

   Energies (kJ/mol)
           Bond            U-B    Proper Dih.  Improper Dih.      CMAP Dih.
    2.08707e+03    6.01923e+03    6.53689e+03    3.43761e+02   -1.75011e+02
          LJ-14     Coulomb-14        LJ (SR)   Coulomb (SR)   Coul. recip.
    2.07584e+03    1.78645e+04    6.82944e+04   -5.54215e+05    1.60249e+03
 Position Rest.      Potential    Kinetic En.   Total Energy  Conserved En.
    6.10666e+02   -4.48955e+05    8.62297e+04   -3.62725e+05   -4.04826e+05
    Temperature Pressure (bar)   Constr. rmsd
    3.03576e+02    3.31347e+02    2.94029e-06


DD  step 39999 load imb.: force  5.5%
           Step           Time
          40000       80.00000

   Energies (kJ/mol)
           Bond            U-B    Proper Dih.  Improper Dih.      CMAP Dih.
    2.16552e+03    6.00294e+03    6.58526e+03    3.76022e+02   -2.07639e+02
          LJ-14     Coulomb-14        LJ (SR)   Coulomb (SR)   Coul. recip.
    2.12023e+03    1.79128e+04    6.82681e+04   -5.53263e+05    1.64299e+03
 Position Rest.      Potential    Kinetic En.   Total Energy  Conserved En.
    6.99098e+02   -4.47698e+05    8.51831e+04   -3.62515e+05   -4.04802e+05
    Temperature Pressure (bar)   Constr. rmsd
    2.99891e+02    3.37372e+02    3.10482e-06

           Step           Time
          40500       81.00000

   Energies (kJ/mol)
           Bond            U-B    Proper Dih.  Improper Dih.      CMAP Dih.
    2.00176e+03    5.91640e+03    6.65100e+03    3.58789e+02   -2.33408e+02
          LJ-14     Coulomb-14        LJ (SR)   Coulomb (SR)   Coul. recip.
    2.16511e+03    1.78152e+04    6.92322e+04   -5.54997e+05    1.61858e+03
 Position Rest.      Potential    Kinetic En.   Total Energy  Conserved En.
    6.34371e+02   -4.48837e+05    8.51435e+04   -3.63693e+05   -4.04801e+05
    Temperature Pressure (bar)   Constr. rmsd
    2.99752e+02    1.98667e+02    2.89166e-06

           Step           Time
          41000       82.00000

   Energies (kJ/mol)
           Bond            U-B    Proper Dih.  Improper Dih.      CMAP Dih.
    2.06643e+03    5.98339e+03    6.61091e+03    3.99004e+02   -2.37588e+02
          LJ-14     Coulomb-14        LJ (SR)   Coulomb (SR)   Coul. recip.
    2.11764e+03    1.78068e+04    6.75916e+04   -5.52998e+05    1.62331e+03
 Position Rest.      Potential    Kinetic En.   Total Energy  Conserved En.
    6.29179e+02   -4.48408e+05    8.50249e+04   -3.63383e+05   -4.04806e+05
    Temperature Pressure (bar)   Constr. rmsd
    2.99334e+02   -5.41170e+02    2.99512e-06

           Step           Time
          41500       83.00000

   Energies (kJ/mol)
           Bond            U-B    Proper Dih.  Improper Dih.      CMAP Dih.
    2.26129e+03    6.02976e+03    6.55003e+03    4.01276e+02   -2.11015e+02
          LJ-14     Coulomb-14        LJ (SR)   Coulomb (SR)   Coul. recip.
    2.08437e+03    1.76428e+04    6.84473e+04   -5.53629e+05    1.62820e+03
 Position Rest.      Potential    Kinetic En.   Total Energy  Conserved En.
    6.21093e+02   -4.48174e+05    8.46775e+04   -3.63496e+05   -4.04773e+05
    Temperature Pressure (bar)   Constr. rmsd
    2.98111e+02   -3.17321e+02    3.30061e-06


DD  step 41999 load imb.: force  5.4%
           Step           Time
          42000       84.00000

   Energies (kJ/mol)
           Bond            U-B    Proper Dih.  Improper Dih.      CMAP Dih.
    2.25027e+03    6.00918e+03    6.62675e+03    4.06350e+02   -2.08523e+02
          LJ-14     Coulomb-14        LJ (SR)   Coulomb (SR)   Coul. recip.
    2.05893e+03    1.78608e+04    6.85029e+04   -5.53305e+05    1.56892e+03
 Position Rest.      Potential    Kinetic En.   Total Energy  Conserved En.
    6.55339e+02   -4.47574e+05    8.56464e+04   -3.61927e+05   -4.04770e+05
    Temperature Pressure (bar)   Constr. rmsd
    3.01522e+02    1.97559e+02    3.08159e-06

           Step           Time
          42500       85.00000

   Energies (kJ/mol)
           Bond            U-B    Proper Dih.  Improper Dih.      CMAP Dih.
    2.31051e+03    5.90463e+03    6.61185e+03    3.50021e+02   -1.89104e+02
          LJ-14     Coulomb-14        LJ (SR)   Coulomb (SR)   Coul. recip.
    2.14743e+03    1.75568e+04    7.01114e+04   -5.56462e+05    1.60271e+03
 Position Rest.      Potential    Kinetic En.   Total Energy  Conserved En.
    6.62225e+02   -4.49394e+05    8.47759e+04   -3.64618e+05   -4.04775e+05
    Temperature Pressure (bar)   Constr. rmsd
    2.98457e+02    1.48169e+02    2.97855e-06

           Step           Time
          43000       86.00000

   Energies (kJ/mol)
           Bond            U-B    Proper Dih.  Improper Dih.      CMAP Dih.
    2.13668e+03    5.90306e+03    6.57966e+03    3.68699e+02   -2.11560e+02
          LJ-14     Coulomb-14        LJ (SR)   Coulomb (SR)   Coul. recip.
    2.07263e+03    1.76642e+04    6.85240e+04   -5.54005e+05    1.60767e+03
 Position Rest.      Potential    Kinetic En.   Total Energy  Conserved En.
    6.03223e+02   -4.48756e+05    8.51180e+04   -3.63638e+05   -4.04795e+05
    Temperature Pressure (bar)   Constr. rmsd
    2.99662e+02   -7.00424e+02    3.23459e-06

           Step           Time
          43500       87.00000

   Energies (kJ/mol)
           Bond            U-B    Proper Dih.  Improper Dih.      CMAP Dih.
    2.11415e+03    6.23210e+03    6.59780e+03    3.64948e+02   -2.16362e+02
          LJ-14     Coulomb-14        LJ (SR)   Coulomb (SR)   Coul. recip.
    2.12069e+03    1.77059e+04    6.79472e+04   -5.51604e+05    1.58368e+03
 Position Rest.      Potential    Kinetic En.   Total Energy  Conserved En.
    6.37270e+02   -4.46517e+05    8.60069e+04   -3.60510e+05   -4.04766e+05
    Temperature Pressure (bar)   Constr. rmsd
    3.02791e+02   -3.43031e+02    2.97397e-06


DD  step 43999 load imb.: force  4.9%
           Step           Time
          44000       88.00000

   Energies (kJ/mol)
           Bond            U-B    Proper Dih.  Improper Dih.      CMAP Dih.
    2.07442e+03    6.09437e+03    6.61445e+03    3.17496e+02   -1.76676e+02
          LJ-14     Coulomb-14        LJ (SR)   Coulomb (SR)   Coul. recip.
    2.08991e+03    1.77514e+04    6.67932e+04   -5.51170e+05    1.58926e+03
 Position Rest.      Potential    Kinetic En.   Total Energy  Conserved En.
    6.06117e+02   -4.47416e+05    8.43078e+04   -3.63108e+05   -4.04751e+05
    Temperature Pressure (bar)   Constr. rmsd
    2.96809e+02   -4.01809e+02    3.12301e-06

           Step           Time
          44500       89.00000

   Energies (kJ/mol)
           Bond            U-B    Proper Dih.  Improper Dih.      CMAP Dih.
    2.04563e+03    6.23137e+03    6.57661e+03    3.86925e+02   -1.17402e+02
          LJ-14     Coulomb-14        LJ (SR)   Coulomb (SR)   Coul. recip.
    2.03998e+03    1.76663e+04    6.75798e+04   -5.52739e+05    1.55692e+03
 Position Rest.      Potential    Kinetic En.   Total Energy  Conserved En.
    6.62921e+02   -4.48110e+05    8.56980e+04   -3.62412e+05   -4.04750e+05
    Temperature Pressure (bar)   Constr. rmsd
    3.01704e+02   -3.08856e+02    3.07652e-06

           Step           Time
          45000       90.00000

   Energies (kJ/mol)
           Bond            U-B    Proper Dih.  Improper Dih.      CMAP Dih.
    2.16776e+03    6.02736e+03    6.61427e+03    4.06793e+02   -2.11427e+02
          LJ-14     Coulomb-14        LJ (SR)   Coulomb (SR)   Coul. recip.
    2.08367e+03    1.77732e+04    6.85304e+04   -5.54068e+05    1.63450e+03
 Position Rest.      Potential    Kinetic En.   Total Energy  Conserved En.
    6.80483e+02   -4.48360e+05    8.67269e+04   -3.61634e+05   -4.04740e+05
    Temperature Pressure (bar)   Constr. rmsd
    3.05326e+02    1.33692e+02    3.23830e-06

           Step           Time
          45500       91.00000

   Energies (kJ/mol)
           Bond            U-B    Proper Dih.  Improper Dih.      CMAP Dih.
    2.04886e+03    5.97141e+03    6.51846e+03    3.80151e+02   -2.66679e+02
          LJ-14     Coulomb-14        LJ (SR)   Coulomb (SR)   Coul. recip.
    2.20190e+03    1.77746e+04    6.85828e+04   -5.53727e+05    1.56964e+03
 Position Rest.      Potential    Kinetic En.   Total Energy  Conserved En.
    6.22218e+02   -4.48324e+05    8.55475e+04   -3.62776e+05   -4.04731e+05
    Temperature Pressure (bar)   Constr. rmsd
    3.01174e+02   -1.44118e+02    3.04693e-06


DD  step 45999 load imb.: force  5.7%
           Step           Time
          46000       92.00000

   Energies (kJ/mol)
           Bond            U-B    Proper Dih.  Improper Dih.      CMAP Dih.
    2.09738e+03    5.90814e+03    6.60361e+03    3.72377e+02   -1.86852e+02
          LJ-14     Coulomb-14        LJ (SR)   Coulomb (SR)   Coul. recip.
    2.14693e+03    1.76263e+04    6.95893e+04   -5.55213e+05    1.64641e+03
 Position Rest.      Potential    Kinetic En.   Total Energy  Conserved En.
    6.53423e+02   -4.48756e+05    8.49819e+04   -3.63774e+05   -4.04726e+05
    Temperature Pressure (bar)   Constr. rmsd
    2.99182e+02   -2.27583e+01    2.69151e-06

           Step           Time
          46500       93.00000

   Energies (kJ/mol)
           Bond            U-B    Proper Dih.  Improper Dih.      CMAP Dih.
    2.14061e+03    5.79029e+03    6.49611e+03    3.58585e+02   -2.10802e+02
          LJ-14     Coulomb-14        LJ (SR)   Coulomb (SR)   Coul. recip.
    2.08993e+03    1.78415e+04    6.85638e+04   -5.53983e+05    1.64109e+03
 Position Rest.      Potential    Kinetic En.   Total Energy  Conserved En.
    5.94574e+02   -4.48677e+05    8.46020e+04   -3.64075e+05   -4.04728e+05
    Temperature Pressure (bar)   Constr. rmsd
    2.97845e+02    7.50760e+01    3.17762e-06

Writing checkpoint, step 46960 at Thu May 16 15:11:41 2019


           Step           Time
          47000       94.00000

   Energies (kJ/mol)
           Bond            U-B    Proper Dih.  Improper Dih.      CMAP Dih.
    2.16602e+03    6.00691e+03    6.60498e+03    3.75247e+02   -2.01032e+02
          LJ-14     Coulomb-14        LJ (SR)   Coulomb (SR)   Coul. recip.
    2.11086e+03    1.76787e+04    6.83046e+04   -5.53240e+05    1.60818e+03
 Position Rest.      Potential    Kinetic En.   Total Energy  Conserved En.
    5.72632e+02   -4.48013e+05    8.57374e+04   -3.62275e+05   -4.04734e+05
    Temperature Pressure (bar)   Constr. rmsd
    3.01842e+02   -3.42124e+01    3.20018e-06

           Step           Time
          47500       95.00000

   Energies (kJ/mol)
           Bond            U-B    Proper Dih.  Improper Dih.      CMAP Dih.
    2.15454e+03    5.91611e+03    6.56037e+03    3.17272e+02   -1.82610e+02
          LJ-14     Coulomb-14        LJ (SR)   Coulomb (SR)   Coul. recip.
    2.14090e+03    1.77337e+04    6.78608e+04   -5.53312e+05    1.56368e+03
 Position Rest.      Potential    Kinetic En.   Total Energy  Conserved En.
    6.74938e+02   -4.48572e+05    8.46460e+04   -3.63926e+05   -4.04692e+05
    Temperature Pressure (bar)   Constr. rmsd
    2.98000e+02   -2.30111e+02    2.65894e-06


DD  step 47999 load imb.: force  6.0%
           Step           Time
          48000       96.00000

   Energies (kJ/mol)
           Bond            U-B    Proper Dih.  Improper Dih.      CMAP Dih.
    2.09973e+03    5.78502e+03    6.56115e+03    3.96946e+02   -2.21174e+02
          LJ-14     Coulomb-14        LJ (SR)   Coulomb (SR)   Coul. recip.
    2.19043e+03    1.78048e+04    6.90993e+04   -5.54234e+05    1.63589e+03
 Position Rest.      Potential    Kinetic En.   Total Energy  Conserved En.
    6.02392e+02   -4.48280e+05    8.42500e+04   -3.64030e+05   -4.04691e+05
    Temperature Pressure (bar)   Constr. rmsd
    2.96606e+02    3.44537e+02    3.28260e-06

           Step           Time
          48500       97.00000

   Energies (kJ/mol)
           Bond            U-B    Proper Dih.  Improper Dih.      CMAP Dih.
    2.15035e+03    6.01744e+03    6.48497e+03    3.78280e+02   -1.94600e+02
          LJ-14     Coulomb-14        LJ (SR)   Coulomb (SR)   Coul. recip.
    2.10062e+03    1.75579e+04    6.86064e+04   -5.54707e+05    1.58190e+03
 Position Rest.      Potential    Kinetic En.   Total Energy  Conserved En.
    6.02210e+02   -4.49422e+05    8.55124e+04   -3.63909e+05   -4.04686e+05
    Temperature Pressure (bar)   Constr. rmsd
    3.01050e+02   -4.61897e+02    2.89858e-06

           Step           Time
          49000       98.00000

   Energies (kJ/mol)
           Bond            U-B    Proper Dih.  Improper Dih.      CMAP Dih.
    2.14367e+03    5.96540e+03    6.56589e+03    3.69237e+02   -1.67649e+02
          LJ-14     Coulomb-14        LJ (SR)   Coulomb (SR)   Coul. recip.
    2.09144e+03    1.76652e+04    6.89932e+04   -5.53221e+05    1.63731e+03
 Position Rest.      Potential    Kinetic En.   Total Energy  Conserved En.
    5.67249e+02   -4.47390e+05    8.46564e+04   -3.62733e+05   -4.04673e+05
    Temperature Pressure (bar)   Constr. rmsd
    2.98037e+02   -1.38385e+02    3.10622e-06

           Step           Time
          49500       99.00000

   Energies (kJ/mol)
           Bond            U-B    Proper Dih.  Improper Dih.      CMAP Dih.
    2.18234e+03    5.69659e+03    6.51398e+03    3.59586e+02   -1.94888e+02
          LJ-14     Coulomb-14        LJ (SR)   Coulomb (SR)   Coul. recip.
    2.16729e+03    1.75990e+04    6.76297e+04   -5.53008e+05    1.55202e+03
 Position Rest.      Potential    Kinetic En.   Total Energy  Conserved En.
    6.14333e+02   -4.48888e+05    8.47560e+04   -3.64132e+05   -4.04689e+05
    Temperature Pressure (bar)   Constr. rmsd
    2.98387e+02   -1.59383e+02    2.95410e-06


DD  step 49999 load imb.: force  6.3%
           Step           Time
          50000      100.00000

Writing checkpoint, step 50000 at Thu May 16 15:17:31 2019


   Energies (kJ/mol)
           Bond            U-B    Proper Dih.  Improper Dih.      CMAP Dih.
    2.10161e+03    5.89478e+03    6.59466e+03    3.74126e+02   -2.67744e+02
          LJ-14     Coulomb-14        LJ (SR)   Coulomb (SR)   Coul. recip.
    2.03163e+03    1.77754e+04    6.93984e+04   -5.56209e+05    1.54043e+03
 Position Rest.      Potential    Kinetic En.   Total Energy  Conserved En.
    5.92863e+02   -4.50173e+05    8.47436e+04   -3.65429e+05   -4.04676e+05
    Temperature Pressure (bar)   Constr. rmsd
    2.98343e+02   -2.29817e+02    3.03018e-06

	<======  ###############  ==>
	<====  A V E R A G E S  ====>
	<==  ###############  ======>

	Statistics over 50001 steps using 501 frames

   Energies (kJ/mol)
           Bond            U-B    Proper Dih.  Improper Dih.      CMAP Dih.
    2.14213e+03    5.94245e+03    6.58991e+03    3.70225e+02   -2.04870e+02
          LJ-14     Coulomb-14        LJ (SR)   Coulomb (SR)   Coul. recip.
    2.10490e+03    1.77199e+04    6.86300e+04   -5.54306e+05    1.60593e+03
 Position Rest.      Potential    Kinetic En.   Total Energy  Conserved En.
    6.36830e+02   -4.48769e+05    8.51910e+04   -3.63578e+05   -4.05046e+05
    Temperature Pressure (bar)   Constr. rmsd
    2.99919e+02   -1.17355e+02    0.00000e+00

   Total Virial (kJ/mol)
    2.96403e+04    1.67279e+02   -1.65736e+02
    1.67445e+02    2.96364e+04    2.23895e+02
   -1.65121e+02    2.24172e+02    2.95392e+04

   Pressure (bar)
   -1.21620e+02   -1.83847e+01    1.83502e+01
   -1.84008e+01   -1.23754e+02   -2.14948e+01
    1.82904e+01   -2.15217e+01   -1.06691e+02

  T-Protein_JZ4T-Water_and_ions
    3.00022e+02    2.99908e+02


	M E G A - F L O P S   A C C O U N T I N G

 NB=Group-cutoff nonbonded kernels    NxN=N-by-N cluster Verlet kernels
 RF=Reaction-Field  VdW=Van der Waals  QSTab=quadratic-spline table
 W3=SPC/TIP3p  W4=TIP4p (single or pairs)
 V&F=Potential and force  V=Potential only  F=Force only

 Computing:                               M-Number         M-Flops  % Flops
-----------------------------------------------------------------------------
 Pair Search distance check           10470.743490       94236.691     0.1
 NxN QSTab Elec. + LJ [F]            774855.698512    41067352.021    60.7
 NxN QSTab Elec. + LJ [V&F]            7842.100744      635210.160     0.9
 NxN LJ [F]                               9.481744         426.678     0.0
 NxN LJ [V&F]                             0.100336           6.522     0.0
 NxN QSTab Elec. [F]                 652765.280048    22194019.522    32.8
 NxN QSTab Elec. [V&F]                 6606.973208      270885.902     0.4
 1,4 nonbonded interactions             344.706894       31023.620     0.0
 Calc Weights                          5026.000518      180936.019     0.3
 Spread Q Bspline                    107221.344384      214442.689     0.3
 Gather F Bspline                    107221.344384      643328.066     1.0
 3D-FFT                              240463.009164     1923704.073     2.8
 Solve PME                              270.405408       17305.946     0.0
 Reset In Box                            20.941250          62.824     0.0
 CG-CoM                                  21.008262          63.025     0.0
 Bonds                                   66.551331        3926.529     0.0
 Propers                                333.606672       76395.928     0.1
 Impropers                               21.450429        4461.689     0.0
 Pos. Restr.                             66.151323        3307.566     0.0
 Virial                                  16.966866         305.404     0.0
 Stop-CM                                 16.820012         168.200     0.0
 Calc-Ekin                              167.597012        4525.119     0.0
 Lincs                                   72.457778        4347.467     0.0
 Lincs-Mat                              401.245548        1604.982     0.0
 Constraint-V                          1818.443961       14547.552     0.0
 Constraint-Vir                          17.493839         419.852     0.0
 Settle                                 557.854928      180187.142     0.3
 CMAP                                     8.050161       13685.274     0.0
 Urey-Bradley                           239.404788       43811.076     0.1
-----------------------------------------------------------------------------
 Total                                                67624697.538   100.0
-----------------------------------------------------------------------------


    D O M A I N   D E C O M P O S I T I O N   S T A T I S T I C S

 av. #atoms communicated per step for force:  2 x 53130.7
 av. #atoms communicated per step for LINCS:  2 x 2831.7


Dynamic load balancing report:
 DLB was off during the run due to low measured imbalance.
 Average load imbalance: 1.6%.
 The balanceable part of the MD step is 90%, load imbalance is computed from this.
 Part of the total run time spent waiting due to load imbalance: 1.5%.


     R E A L   C Y C L E   A N D   T I M E   A C C O U N T I N G

On 8 MPI ranks

 Computing:          Num   Num      Call    Wall time         Giga-Cycles
                     Ranks Threads  Count      (s)         total sum    %
-----------------------------------------------------------------------------
 Domain decomp.         8    1        626       2.638         48.423   0.0
 DD comm. load          8    1        294       0.013          0.240   0.0
 DD comm. bounds        8    1        278       0.027          0.497   0.0
 Neighbor search        8    1        626      14.366        263.729   0.2
 Comm. coord.           8    1      49375       8.264        151.712   0.1
 Force                  8    1      50001    5180.045      95096.765  90.0
 Wait + Comm. F         8    1      50001       7.131        130.904   0.1
 PME mesh               8    1      50001     506.048       9290.175   8.8
 NB X/F buffer ops.     8    1     148751       5.247         96.326   0.1
 Write traj.            8    1        106       0.111          2.046   0.0
 Update                 8    1      50001       3.997         73.370   0.1
 Constraints            8    1      50003      24.575        451.149   0.4
 Comm. energies         8    1       2501       0.729         13.376   0.0
 Rest                                           0.570         10.464   0.0
-----------------------------------------------------------------------------
 Total                                       5753.759     105629.176 100.0
-----------------------------------------------------------------------------
 Breakdown of PME mesh computation
-----------------------------------------------------------------------------
 PME redist. X/F        8    1     100002     332.280       6100.096   5.8
 PME spread             8    1      50001      56.078       1029.497   1.0
 PME gather             8    1      50001      46.523        854.087   0.8
 PME 3D-FFT             8    1     100002      41.715        765.819   0.7
 PME 3D-FFT Comm.       8    1     200004      21.859        401.289   0.4
 PME solve Elec         8    1      50001       7.526        138.163   0.1
-----------------------------------------------------------------------------

               Core t (s)   Wall t (s)        (%)
       Time:    46030.026     5753.759      800.0
                         1h35:53
                 (ns/day)    (hour/ns)
Performance:        1.502       15.982
Finished mdrun on rank 0 Thu May 16 15:17:31 2019

